<?xml version="1.0" encoding="utf-8"?>
<TestRun id="e900c0e0-6663-42e9-a0b8-611fde685121" name="jayki@DESKTOP-RHANN0P 2026-04-05 17:05:09" runUser="DESKTOP-RHANN0P\jayki" xmlns="http://microsoft.com/schemas/VisualStudio/TeamTest/2010">
  <Times creation="2026-04-05T17:05:09.6797991+02:00" queuing="2026-04-05T17:05:09.6797993+02:00" start="2026-04-05T17:05:08.3947821+02:00" finish="2026-04-05T17:05:09.8612320+02:00" />
  <TestSettings name="default" id="14d1f8da-a6c7-4629-8246-38265b7a221e">
    <Deployment runDeploymentRoot="jayki_DESKTOP-RHANN0P_2026-04-05_17_05_09" />
  </TestSettings>
  <Results>
    <UnitTestResult executionId="557b2880-b0f2-4d18-ba98-8a10a91387b2" testId="340e3409-41ab-9915-0e5d-fcca69fd991a" testName="FileBasedApp.Toolkit.Tests.ExtendedCommandSettingsTest.LoadSetting_WithCustomDeserializer_UsesOverriddenDeserializer" computerName="DESKTOP-RHANN0P" duration="00:00:00.0128761" startTime="2026-04-05T17:05:09.6944466+02:00" endTime="2026-04-05T17:05:09.7067287+02:00" testType="13cdc9d9-ddb5-4fa4-a97d-d965ccfc6d4b" outcome="Passed" testListId="8c84fa94-04c1-424b-9868-57a2d4851a1d" relativeResultsDirectory="557b2880-b0f2-4d18-ba98-8a10a91387b2" />
    <UnitTestResult executionId="84209e1c-76ec-4700-9477-6925300b334e" testId="9564e915-939b-1c62-e166-119312b0a620" testName="FileBasedApp.Toolkit.Tests.SimpleExec.SimpleExecRunnerTest.Run_UsesExplicitCommandWrapper_WhenProvided(method: RunAsync)" computerName="DESKTOP-RHANN0P" duration="00:00:00.0037755" startTime="2026-04-05T17:05:09.7494804+02:00" endTime="2026-04-05T17:05:09.7532479+02:00" testType="13cdc9d9-ddb5-4fa4-a97d-d965ccfc6d4b" outcome="Passed" testListId="8c84fa94-04c1-424b-9868-57a2d4851a1d" relativeResultsDirectory="84209e1c-76ec-4700-9477-6925300b334e" />
    <UnitTestResult executionId="76dcbaea-6139-4c61-9331-9b61c09238c8" testId="bf1f6eb4-2dc8-fbd6-6fad-f352aa6aaf52" testName="FileBasedApp.Toolkit.Tests.PathUtilTest.AnalyzeDirectory_WithExistingDirectory_ShouldReturnPath" computerName="DESKTOP-RHANN0P" duration="00:00:00.0008464" startTime="2026-04-05T17:05:09.6609366+02:00" endTime="2026-04-05T17:05:09.6616503+02:00" testType="13cdc9d9-ddb5-4fa4-a97d-d965ccfc6d4b" outcome="Passed" testListId="8c84fa94-04c1-424b-9868-57a2d4851a1d" relativeResultsDirectory="76dcbaea-6139-4c61-9331-9b61c09238c8" />
    <UnitTestResult executionId="82414dd1-de88-4bdf-95d4-76a0874fd6b2" testId="e1029ff0-ab45-258b-ca79-588834f0b3b9" testName="FileBasedApp.Toolkit.Tests.StringExtensionsTest.NullCheck_ReturnsExpectedResult(value: &quot;  &quot;, check: Null, expected: False)" computerName="DESKTOP-RHANN0P" duration="00:00:00.0000037" startTime="2026-04-05T17:05:09.6329011+02:00" endTime="2026-04-05T17:05:09.6329630+02:00" testType="13cdc9d9-ddb5-4fa4-a97d-d965ccfc6d4b" outcome="Passed" testListId="8c84fa94-04c1-424b-9868-57a2d4851a1d" relativeResultsDirectory="82414dd1-de88-4bdf-95d4-76a0874fd6b2" />
    <UnitTestResult executionId="a5624d06-cd18-404d-a55d-bbfec3ff2029" testId="c92ac2c9-ae79-8a67-8758-67955f83d0d8" testName="FileBasedApp.Toolkit.Tests.StringExtensionsTest.NullCheck_ReturnsExpectedResult(value: &quot;&quot;, check: NullOrEmpty, expected: True)" computerName="DESKTOP-RHANN0P" duration="00:00:00.0000024" startTime="2026-04-05T17:05:09.6325065+02:00" endTime="2026-04-05T17:05:09.6325700+02:00" testType="13cdc9d9-ddb5-4fa4-a97d-d965ccfc6d4b" outcome="Passed" testListId="8c84fa94-04c1-424b-9868-57a2d4851a1d" relativeResultsDirectory="a5624d06-cd18-404d-a55d-bbfec3ff2029" />
    <UnitTestResult executionId="15e377a5-867c-4e6f-96ff-5688ff9c459a" testId="021f4121-d99c-e993-8923-66122381c88c" testName="FileBasedApp.Toolkit.Tests.IOExtensionsTest.FindInFiles_WithStreamPredicate_EmptySource_ReturnsEmpty" computerName="DESKTOP-RHANN0P" duration="00:00:00.0003572" startTime="2026-04-05T17:05:09.7158251+02:00" endTime="2026-04-05T17:05:09.7160085+02:00" testType="13cdc9d9-ddb5-4fa4-a97d-d965ccfc6d4b" outcome="Passed" testListId="8c84fa94-04c1-424b-9868-57a2d4851a1d" relativeResultsDirectory="15e377a5-867c-4e6f-96ff-5688ff9c459a" />
    <UnitTestResult executionId="aa05676e-ee8a-4bde-b294-a2565bc52870" testId="cd68ee74-b771-0578-6ac9-96c973a7c071" testName="FileBasedApp.Toolkit.Tests.CommandCli.FlexibleFilePathTest.CanDeserialize" computerName="DESKTOP-RHANN0P" duration="00:00:00.1330059" startTime="2026-04-05T17:05:09.5262439+02:00" endTime="2026-04-05T17:05:09.6681715+02:00" testType="13cdc9d9-ddb5-4fa4-a97d-d965ccfc6d4b" outcome="Passed" testListId="8c84fa94-04c1-424b-9868-57a2d4851a1d" relativeResultsDirectory="aa05676e-ee8a-4bde-b294-a2565bc52870" />
    <UnitTestResult executionId="ff254f8b-9f33-4e18-acc6-8eb657af903d" testId="09878e65-7130-1541-b314-086e94a97683" testName="FileBasedApp.Toolkit.Tests.SimpleExec.SimpleExecRunnerTest.AddSecrets_AppendsToExistingSecrets" computerName="DESKTOP-RHANN0P" duration="00:00:00.0011892" startTime="2026-04-05T17:05:09.7599142+02:00" endTime="2026-04-05T17:05:09.7610095+02:00" testType="13cdc9d9-ddb5-4fa4-a97d-d965ccfc6d4b" outcome="Passed" testListId="8c84fa94-04c1-424b-9868-57a2d4851a1d" relativeResultsDirectory="ff254f8b-9f33-4e18-acc6-8eb657af903d" />
    <UnitTestResult executionId="4ba65bea-f34c-4967-b86f-2b0de527103a" testId="9c2b8c3a-2ff5-2375-f538-6b61ad717779" testName="FileBasedApp.Toolkit.Tests.StringExtensionsTest.NullCheck_ReturnsExpectedResult(value: &quot;hello&quot;, check: Null, expected: False)" computerName="DESKTOP-RHANN0P" duration="00:00:00.0000043" startTime="2026-04-05T17:05:09.6330964+02:00" endTime="2026-04-05T17:05:09.6331570+02:00" testType="13cdc9d9-ddb5-4fa4-a97d-d965ccfc6d4b" outcome="Passed" testListId="8c84fa94-04c1-424b-9868-57a2d4851a1d" relativeResultsDirectory="4ba65bea-f34c-4967-b86f-2b0de527103a" />
    <UnitTestResult executionId="7091ae6c-87f7-4649-94ee-369e7568c9c1" testId="8c4712d4-8b55-db73-82a7-0d58f840b220" testName="FileBasedApp.Toolkit.Tests.SimpleExec.SimpleExecRunnerTest.Run_PassesExitCodeHandler(method: RunAsync)" computerName="DESKTOP-RHANN0P" duration="00:00:00.0004125" startTime="2026-04-05T17:05:09.7363945+02:00" endTime="2026-04-05T17:05:09.7366670+02:00" testType="13cdc9d9-ddb5-4fa4-a97d-d965ccfc6d4b" outcome="Passed" testListId="8c84fa94-04c1-424b-9868-57a2d4851a1d" relativeResultsDirectory="7091ae6c-87f7-4649-94ee-369e7568c9c1" />
    <UnitTestResult executionId="a4f9a500-2138-4024-86ee-c383ba484f73" testId="3b3db218-18f6-8901-2bae-61e0326c7bd4" testName="FileBasedApp.Toolkit.Tests.StringExtensionsTest.NullCheck_ReturnsExpectedResult(value: null, check: NullOrEmpty, expected: True)" computerName="DESKTOP-RHANN0P" duration="00:00:00.0000027" startTime="2026-04-05T17:05:09.6312129+02:00" endTime="2026-04-05T17:05:09.6313276+02:00" testType="13cdc9d9-ddb5-4fa4-a97d-d965ccfc6d4b" outcome="Passed" testListId="8c84fa94-04c1-424b-9868-57a2d4851a1d" relativeResultsDirectory="a4f9a500-2138-4024-86ee-c383ba484f73" />
    <UnitTestResult executionId="2c438e64-43d8-4297-8415-f56e32530575" testId="7380bf4c-15e6-4979-f3ff-fbe65b974d38" testName="FileBasedApp.Toolkit.Tests.StringExtensionsTest.NullCheck_ReturnsExpectedResult(value: &quot;  &quot;, check: NullOrEmpty, expected: False)" computerName="DESKTOP-RHANN0P" duration="00:00:00.0000022" startTime="2026-04-05T17:05:09.6323109+02:00" endTime="2026-04-05T17:05:09.6323767+02:00" testType="13cdc9d9-ddb5-4fa4-a97d-d965ccfc6d4b" outcome="Passed" testListId="8c84fa94-04c1-424b-9868-57a2d4851a1d" relativeResultsDirectory="2c438e64-43d8-4297-8415-f56e32530575" />
    <UnitTestResult executionId="a5d29cbe-225c-475b-a5ee-79241c67130f" testId="d54e8d65-544a-d4e6-587d-223820648d58" testName="FileBasedApp.Toolkit.Tests.SimpleExec.SimpleExecRunnerTest.Run_PassesWorkingDirectory(method: Run)" computerName="DESKTOP-RHANN0P" duration="00:00:00.0003462" startTime="2026-04-05T17:05:09.7449726+02:00" endTime="2026-04-05T17:05:09.7451132+02:00" testType="13cdc9d9-ddb5-4fa4-a97d-d965ccfc6d4b" outcome="Passed" testListId="8c84fa94-04c1-424b-9868-57a2d4851a1d" relativeResultsDirectory="a5d29cbe-225c-475b-a5ee-79241c67130f" />
    <UnitTestResult executionId="915c7220-d235-48ee-a1cb-402ed9ee0e61" testId="cf79c229-7f19-cc9d-b3a1-a65eaa8fde0c" testName="FileBasedApp.Toolkit.Tests.SimpleExec.SimpleExecRunnerTest.Run_PassesSecrets_WhenArgumentMarkedAsSecret(method: Run)" computerName="DESKTOP-RHANN0P" duration="00:00:00.0009455" startTime="2026-04-05T17:05:09.7395145+02:00" endTime="2026-04-05T17:05:09.7402580+02:00" testType="13cdc9d9-ddb5-4fa4-a97d-d965ccfc6d4b" outcome="Passed" testListId="8c84fa94-04c1-424b-9868-57a2d4851a1d" relativeResultsDirectory="915c7220-d235-48ee-a1cb-402ed9ee0e61" />
    <UnitTestResult executionId="94286f67-0fd7-4621-bde8-add43df4ef5b" testId="21e8f116-2d1b-bd13-b5c8-e7dc818ce6af" testName="FileBasedApp.Toolkit.Tests.SimpleExec.SimpleExecRunnerTest.Run_PassesConfigureEnvironment(method: RunAsync)" computerName="DESKTOP-RHANN0P" duration="00:00:00.0017181" startTime="2026-04-05T17:05:09.7042412+02:00" endTime="2026-04-05T17:05:09.7057475+02:00" testType="13cdc9d9-ddb5-4fa4-a97d-d965ccfc6d4b" outcome="Passed" testListId="8c84fa94-04c1-424b-9868-57a2d4851a1d" relativeResultsDirectory="94286f67-0fd7-4621-bde8-add43df4ef5b" />
    <UnitTestResult executionId="d61f06d9-8dfd-444b-8434-622fb26d752e" testId="c29d2a7d-51da-6c9d-4854-02e7680bea5f" testName="FileBasedApp.Toolkit.Tests.EnumerableExtensionsTest.GetSingleOrNull_ThrowsExceptionWhenMultipleMatches" computerName="DESKTOP-RHANN0P" duration="00:00:00.0012995" startTime="2026-04-05T17:05:09.6425129+02:00" endTime="2026-04-05T17:05:09.6425746+02:00" testType="13cdc9d9-ddb5-4fa4-a97d-d965ccfc6d4b" outcome="Passed" testListId="8c84fa94-04c1-424b-9868-57a2d4851a1d" relativeResultsDirectory="d61f06d9-8dfd-444b-8434-622fb26d752e" />
    <UnitTestResult executionId="f2f7d7bf-713b-4ffc-9a1d-a246bd200555" testId="2f8206cf-fe63-e78e-ba47-d9b4956edb4f" testName="FileBasedApp.Toolkit.Tests.PathUtilTest.AnalyzeFilePath_NullPath_ShouldReturnError" computerName="DESKTOP-RHANN0P" duration="00:00:00.0014115" startTime="2026-04-05T17:05:09.6555384+02:00" endTime="2026-04-05T17:05:09.6555982+02:00" testType="13cdc9d9-ddb5-4fa4-a97d-d965ccfc6d4b" outcome="Passed" testListId="8c84fa94-04c1-424b-9868-57a2d4851a1d" relativeResultsDirectory="f2f7d7bf-713b-4ffc-9a1d-a246bd200555" />
    <UnitTestResult executionId="93a8cecf-9f2b-4c5d-9544-074a12a8b2b3" testId="bbd87715-e988-1df7-3d99-adc21a959148" testName="FileBasedApp.Toolkit.Tests.IOExtensionsTest.SafeDeleteDirectory_NonExistentDirectory_DoesNotInvokeHandler" computerName="DESKTOP-RHANN0P" duration="00:00:00.0004711" startTime="2026-04-05T17:05:09.7205233+02:00" endTime="2026-04-05T17:05:09.7206662+02:00" testType="13cdc9d9-ddb5-4fa4-a97d-d965ccfc6d4b" outcome="Passed" testListId="8c84fa94-04c1-424b-9868-57a2d4851a1d" relativeResultsDirectory="93a8cecf-9f2b-4c5d-9544-074a12a8b2b3" />
    <UnitTestResult executionId="c87257ed-103d-44a5-b273-fb9f2efbf2e5" testId="8f7ff804-9846-f2af-fc9b-f9614f2a7286" testName="FileBasedApp.Toolkit.Tests.SimpleExec.SimpleExecRunnerTest.Run_PassesCreateNoWindow(method: RunAsync)" computerName="DESKTOP-RHANN0P" duration="00:00:00.0010662" startTime="2026-04-05T17:05:09.7277731+02:00" endTime="2026-04-05T17:05:09.7287514+02:00" testType="13cdc9d9-ddb5-4fa4-a97d-d965ccfc6d4b" outcome="Passed" testListId="8c84fa94-04c1-424b-9868-57a2d4851a1d" relativeResultsDirectory="c87257ed-103d-44a5-b273-fb9f2efbf2e5" />
    <UnitTestResult executionId="30be7094-c036-43ff-886c-29f04cfae63f" testId="fd904ddf-c8c9-a180-cb8b-de14eedc38bc" testName="FileBasedApp.Toolkit.Tests.SimpleExec.SimpleExecRunnerTest.Run_DefaultValues_PassesExpectedDefaults(method: Run)" computerName="DESKTOP-RHANN0P" duration="00:00:00.1661169" startTime="2026-04-05T17:05:09.5283508+02:00" endTime="2026-04-05T17:05:09.6968110+02:00" testType="13cdc9d9-ddb5-4fa4-a97d-d965ccfc6d4b" outcome="Passed" testListId="8c84fa94-04c1-424b-9868-57a2d4851a1d" relativeResultsDirectory="30be7094-c036-43ff-886c-29f04cfae63f" />
    <UnitTestResult executionId="0939c693-e22a-4f64-a5e8-7f0cee0e4512" testId="867b867a-f381-e75c-167a-cc82f4d27318" testName="FileBasedApp.Toolkit.Tests.EnumerableExtensionsTest.GetSingleOrNull_WithCustomMultipleMatchesError_ThrowsWithCustomMessage" computerName="DESKTOP-RHANN0P" duration="00:00:00.0010472" startTime="2026-04-05T17:05:09.6427619+02:00" endTime="2026-04-05T17:05:09.6428239+02:00" testType="13cdc9d9-ddb5-4fa4-a97d-d965ccfc6d4b" outcome="Passed" testListId="8c84fa94-04c1-424b-9868-57a2d4851a1d" relativeResultsDirectory="0939c693-e22a-4f64-a5e8-7f0cee0e4512" />
    <UnitTestResult executionId="5e3c9b7c-4b90-40fa-85e0-701f0dbef692" testId="77e2cc33-2d6f-f764-15fe-1dbd9b961671" testName="FileBasedApp.Toolkit.Tests.EnumerableExtensionsTest.GetSingleOrNull_NullableSource_ThrowsExceptionWhenMultipleMatches" computerName="DESKTOP-RHANN0P" duration="00:00:00.0011012" startTime="2026-04-05T17:05:09.6511747+02:00" endTime="2026-04-05T17:05:09.6512693+02:00" testType="13cdc9d9-ddb5-4fa4-a97d-d965ccfc6d4b" outcome="Passed" testListId="8c84fa94-04c1-424b-9868-57a2d4851a1d" relativeResultsDirectory="5e3c9b7c-4b90-40fa-85e0-701f0dbef692" />
    <UnitTestResult executionId="5b655f37-9c32-4bc1-8bca-e2ac37620bcc" testId="f469510c-b189-8efc-ecf2-f80dcdb5d539" testName="FileBasedApp.Toolkit.Tests.EnumerableExtensionsTest.GetFirstRequired_NoPredicate_ReturnsFirstElement" computerName="DESKTOP-RHANN0P" duration="00:00:00.0033586" startTime="2026-04-05T17:05:09.6415104+02:00" endTime="2026-04-05T17:05:09.6415937+02:00" testType="13cdc9d9-ddb5-4fa4-a97d-d965ccfc6d4b" outcome="Passed" testListId="8c84fa94-04c1-424b-9868-57a2d4851a1d" relativeResultsDirectory="5b655f37-9c32-4bc1-8bca-e2ac37620bcc" />
    <UnitTestResult executionId="8b7d47f2-3db3-42d8-93fe-e85a0c23c625" testId="ed3088b9-f337-6ba5-7ca0-b0d5d8c9c842" testName="FileBasedApp.Toolkit.Tests.ExtendedCommandSettingsTest.LoadSetting_ComplexObject_DeserializesNestedProperties" computerName="DESKTOP-RHANN0P" duration="00:00:00.0310093" startTime="2026-04-05T17:05:09.6622948+02:00" endTime="2026-04-05T17:05:09.6941660+02:00" testType="13cdc9d9-ddb5-4fa4-a97d-d965ccfc6d4b" outcome="Passed" testListId="8c84fa94-04c1-424b-9868-57a2d4851a1d" relativeResultsDirectory="8b7d47f2-3db3-42d8-93fe-e85a0c23c625" />
    <UnitTestResult executionId="659a93fa-2cc8-4013-9379-b039bf3c5ea2" testId="9ffa894b-238e-f20c-d3fd-853a82fc5567" testName="FileBasedApp.Toolkit.Tests.PathUtilTest.AnalyzeFilePath_MultipleRootsNoMatch_FileShouldNotExist" computerName="DESKTOP-RHANN0P" duration="00:00:00.0984277" startTime="2026-04-05T17:05:09.5283673+02:00" endTime="2026-04-05T17:05:09.6553587+02:00" testType="13cdc9d9-ddb5-4fa4-a97d-d965ccfc6d4b" outcome="Passed" testListId="8c84fa94-04c1-424b-9868-57a2d4851a1d" relativeResultsDirectory="659a93fa-2cc8-4013-9379-b039bf3c5ea2" />
    <UnitTestResult executionId="646e493c-e999-41ef-9e4d-5090cfd170c4" testId="1f21f60b-6448-a233-4383-4a1cdfdd0ead" testName="FileBasedApp.Toolkit.Tests.StringExtensionsTest.NullCheck_ReturnsExpectedResult(value: &quot;hello&quot;, check: NullOrEmpty, expected: False)" computerName="DESKTOP-RHANN0P" duration="00:00:00.0000022" startTime="2026-04-05T17:05:09.6321208+02:00" endTime="2026-04-05T17:05:09.6321818+02:00" testType="13cdc9d9-ddb5-4fa4-a97d-d965ccfc6d4b" outcome="Passed" testListId="8c84fa94-04c1-424b-9868-57a2d4851a1d" relativeResultsDirectory="646e493c-e999-41ef-9e4d-5090cfd170c4" />
    <UnitTestResult executionId="7468adc8-8a7d-4eb7-9f88-a4059aaa4a61" testId="ade33423-b2ba-6260-a0cd-f74448fcfebf" testName="FileBasedApp.Toolkit.Tests.StringExtensionsTest.NullCheck_InvalidEnum_ThrowsArgumentOutOfRangeException" computerName="DESKTOP-RHANN0P" duration="00:00:00.0013015" startTime="2026-04-05T17:05:09.6348956+02:00" endTime="2026-04-05T17:05:09.6349699+02:00" testType="13cdc9d9-ddb5-4fa4-a97d-d965ccfc6d4b" outcome="Passed" testListId="8c84fa94-04c1-424b-9868-57a2d4851a1d" relativeResultsDirectory="7468adc8-8a7d-4eb7-9f88-a4059aaa4a61" />
    <UnitTestResult executionId="43edb7e1-5e5c-4e9c-8a6d-9806c242610e" testId="e115503c-c3fa-ce77-a450-f78c8a11b4c8" testName="FileBasedApp.Toolkit.Tests.IOExtensionsTest.SafeDeleteDirectory_HandleNonExistentDirectory" computerName="DESKTOP-RHANN0P" duration="00:00:00.0003682" startTime="2026-04-05T17:05:09.7180160+02:00" endTime="2026-04-05T17:05:09.7182358+02:00" testType="13cdc9d9-ddb5-4fa4-a97d-d965ccfc6d4b" outcome="Passed" testListId="8c84fa94-04c1-424b-9868-57a2d4851a1d" relativeResultsDirectory="43edb7e1-5e5c-4e9c-8a6d-9806c242610e" />
    <UnitTestResult executionId="eb0eb3f2-81dc-46bd-b82a-377df3c7d4eb" testId="b382f108-404f-d47b-0ead-e92c0053240e" testName="FileBasedApp.Toolkit.Tests.SimpleExec.SimpleExecRunnerTest.AddArgumentPair_AddsTwoarguments" computerName="DESKTOP-RHANN0P" duration="00:00:00.0003934" startTime="2026-04-05T17:05:09.7454259+02:00" endTime="2026-04-05T17:05:09.7455537+02:00" testType="13cdc9d9-ddb5-4fa4-a97d-d965ccfc6d4b" outcome="Passed" testListId="8c84fa94-04c1-424b-9868-57a2d4851a1d" relativeResultsDirectory="eb0eb3f2-81dc-46bd-b82a-377df3c7d4eb" />
    <UnitTestResult executionId="bb84e944-ae2c-4b68-b8a8-960072c2d8ab" testId="6c9d3d80-51a4-e4cc-d2f7-9bf0d01abc9d" testName="FileBasedApp.Toolkit.Tests.ExtendedCommandSettingsTest.LoadSetting_NullOrWhitespacePath_ReturnsNull(path: null)" computerName="DESKTOP-RHANN0P" duration="00:00:00.0011244" startTime="2026-04-05T17:05:09.7080985+02:00" endTime="2026-04-05T17:05:09.7091299+02:00" testType="13cdc9d9-ddb5-4fa4-a97d-d965ccfc6d4b" outcome="Passed" testListId="8c84fa94-04c1-424b-9868-57a2d4851a1d" relativeResultsDirectory="bb84e944-ae2c-4b68-b8a8-960072c2d8ab" />
    <UnitTestResult executionId="e5b2a2b5-3721-4b53-98b7-056a5d44158d" testId="0dc6c786-e622-dc75-7623-dbeb14b352a7" testName="FileBasedApp.Toolkit.Tests.IOExtensionsTest.SafeDeleteDirectory_DeletesExistingDirectory" computerName="DESKTOP-RHANN0P" duration="00:00:00.0160039" startTime="2026-04-05T17:05:09.6552931+02:00" endTime="2026-04-05T17:05:09.6558242+02:00" testType="13cdc9d9-ddb5-4fa4-a97d-d965ccfc6d4b" outcome="Passed" testListId="8c84fa94-04c1-424b-9868-57a2d4851a1d" relativeResultsDirectory="e5b2a2b5-3721-4b53-98b7-056a5d44158d" />
    <UnitTestResult executionId="0c2d4baf-f8dd-444e-b02e-b9f6ed2cdc24" testId="97d2358a-68fb-609f-59cc-5e8da5d97499" testName="FileBasedApp.Toolkit.Tests.EnumerableExtensionsTest.GetFirstRequired_ReturnsFirstMatchingElement" computerName="DESKTOP-RHANN0P" duration="00:00:00.0004145" startTime="2026-04-05T17:05:09.6422085+02:00" endTime="2026-04-05T17:05:09.6423173+02:00" testType="13cdc9d9-ddb5-4fa4-a97d-d965ccfc6d4b" outcome="Passed" testListId="8c84fa94-04c1-424b-9868-57a2d4851a1d" relativeResultsDirectory="0c2d4baf-f8dd-444e-b02e-b9f6ed2cdc24" />
    <UnitTestResult executionId="3c43ae1b-d062-48fe-bb47-183106c7aa70" testId="2c5b749a-10eb-e5ce-73d2-d4e846fe822b" testName="FileBasedApp.Toolkit.Tests.SimpleExec.SimpleExecRunnerTest.ReadAsync_DefaultValues_PassesExpectedDefaults" computerName="DESKTOP-RHANN0P" duration="00:00:00.0015773" startTime="2026-04-05T17:05:09.7628451+02:00" endTime="2026-04-05T17:05:09.7643839+02:00" testType="13cdc9d9-ddb5-4fa4-a97d-d965ccfc6d4b" outcome="Passed" testListId="8c84fa94-04c1-424b-9868-57a2d4851a1d" relativeResultsDirectory="3c43ae1b-d062-48fe-bb47-183106c7aa70" />
    <UnitTestResult executionId="ff889975-8c1b-4bcc-b19b-30f8f1f724ce" testId="63d623ef-996c-99e2-11cb-578d018552c9" testName="FileBasedApp.Toolkit.Tests.SimpleExec.SimpleExecRunnerTest.Run_PassesNameAndArguments(method: Run)" computerName="DESKTOP-RHANN0P" duration="00:00:00.0013140" startTime="2026-04-05T17:05:09.7534599+02:00" endTime="2026-04-05T17:05:09.7545850+02:00" testType="13cdc9d9-ddb5-4fa4-a97d-d965ccfc6d4b" outcome="Passed" testListId="8c84fa94-04c1-424b-9868-57a2d4851a1d" relativeResultsDirectory="ff889975-8c1b-4bcc-b19b-30f8f1f724ce" />
    <UnitTestResult executionId="9d9b8f58-52fa-4a20-8fb6-15284ae3de47" testId="cfc84bf3-3755-d02a-513c-8bc12f0bcf79" testName="FileBasedApp.Toolkit.Tests.SimpleExec.SimpleExecRunnerTest.Run_PassesSecrets_WhenArgumentMarkedAsSecret(method: RunAsync)" computerName="DESKTOP-RHANN0P" duration="00:00:00.0004816" startTime="2026-04-05T17:05:09.7404173+02:00" endTime="2026-04-05T17:05:09.7407935+02:00" testType="13cdc9d9-ddb5-4fa4-a97d-d965ccfc6d4b" outcome="Passed" testListId="8c84fa94-04c1-424b-9868-57a2d4851a1d" relativeResultsDirectory="9d9b8f58-52fa-4a20-8fb6-15284ae3de47" />
    <UnitTestResult executionId="ebd2db1e-a36e-4cd1-9ab8-a698556a74ce" testId="87f14075-a470-72cc-9f26-26c338e70110" testName="FileBasedApp.Toolkit.Tests.SimpleExec.SimpleExecRunnerTest.AddArguments_AddsMultipleArguments" computerName="DESKTOP-RHANN0P" duration="00:00:00.0024549" startTime="2026-04-05T17:05:09.7369782+02:00" endTime="2026-04-05T17:05:09.7392573+02:00" testType="13cdc9d9-ddb5-4fa4-a97d-d965ccfc6d4b" outcome="Passed" testListId="8c84fa94-04c1-424b-9868-57a2d4851a1d" relativeResultsDirectory="ebd2db1e-a36e-4cd1-9ab8-a698556a74ce" />
    <UnitTestResult executionId="06f5a3e7-ea32-4357-8aee-227f16503248" testId="96e1afc2-71b3-a464-5683-a9fb9e811a0f" testName="FileBasedApp.Toolkit.Tests.SimpleExec.SimpleExecRunnerTest.Run_PassesNoEcho(method: Run)" computerName="DESKTOP-RHANN0P" duration="00:00:00.0009886" startTime="2026-04-05T17:05:09.7336672+02:00" endTime="2026-04-05T17:05:09.7345009+02:00" testType="13cdc9d9-ddb5-4fa4-a97d-d965ccfc6d4b" outcome="Passed" testListId="8c84fa94-04c1-424b-9868-57a2d4851a1d" relativeResultsDirectory="06f5a3e7-ea32-4357-8aee-227f16503248" />
    <UnitTestResult executionId="5bd6d31d-484e-406a-af34-caf87a935e31" testId="618beac6-b2f0-3a5c-dabc-a225cdf57364" testName="FileBasedApp.Toolkit.Tests.IOExtensionsTest.FindInFiles_WithRegex_ByLine_ReturnsMatchingFiles" computerName="DESKTOP-RHANN0P" duration="00:00:00.0010022" startTime="2026-04-05T17:05:09.7183930+02:00" endTime="2026-04-05T17:05:09.7193028+02:00" testType="13cdc9d9-ddb5-4fa4-a97d-d965ccfc6d4b" outcome="Passed" testListId="8c84fa94-04c1-424b-9868-57a2d4851a1d" relativeResultsDirectory="5bd6d31d-484e-406a-af34-caf87a935e31" />
    <UnitTestResult executionId="670653b5-520f-437b-b26b-7f9246195f6a" testId="8a5f7935-d5ca-5953-647e-a5205c0e6854" testName="FileBasedApp.Toolkit.Tests.SimpleExec.SimpleExecRunnerTest.Run_PassesEchoPrefix(method: Run)" computerName="DESKTOP-RHANN0P" duration="00:00:00.0008644" startTime="2026-04-05T17:05:09.7409858+02:00" endTime="2026-04-05T17:05:09.7417351+02:00" testType="13cdc9d9-ddb5-4fa4-a97d-d965ccfc6d4b" outcome="Passed" testListId="8c84fa94-04c1-424b-9868-57a2d4851a1d" relativeResultsDirectory="670653b5-520f-437b-b26b-7f9246195f6a" />
    <UnitTestResult executionId="38ecac83-9f08-4f71-88fc-f6ac5e587838" testId="4eb23d4f-d74b-e36d-3a74-816c14079631" testName="FileBasedApp.Toolkit.Tests.SimpleExec.SimpleExecRunnerTest.Run_PassesEchoPrefix(method: RunAsync)" computerName="DESKTOP-RHANN0P" duration="00:00:00.0003503" startTime="2026-04-05T17:05:09.7418809+02:00" endTime="2026-04-05T17:05:09.7421281+02:00" testType="13cdc9d9-ddb5-4fa4-a97d-d965ccfc6d4b" outcome="Passed" testListId="8c84fa94-04c1-424b-9868-57a2d4851a1d" relativeResultsDirectory="38ecac83-9f08-4f71-88fc-f6ac5e587838" />
    <UnitTestResult executionId="9e420867-68fe-49dd-bbcd-d90d648e8d87" testId="04a11c00-0f69-f770-8520-f8e591ee4b1c" testName="FileBasedApp.Toolkit.Tests.SimpleExec.SimpleExecRunnerTest.Run_PassesExitCodeHandler(method: Run)" computerName="DESKTOP-RHANN0P" duration="00:00:00.0010797" startTime="2026-04-05T17:05:09.7361997+02:00" endTime="2026-04-05T17:05:09.7362746+02:00" testType="13cdc9d9-ddb5-4fa4-a97d-d965ccfc6d4b" outcome="Passed" testListId="8c84fa94-04c1-424b-9868-57a2d4851a1d" relativeResultsDirectory="9e420867-68fe-49dd-bbcd-d90d648e8d87" />
    <UnitTestResult executionId="d9b4b81e-d6b3-4901-b0bc-23656fc79d58" testId="cea898ea-6ad9-f5b4-2052-550b0404e14f" testName="FileBasedApp.Toolkit.Tests.SimpleExec.SimpleExecRunnerTest.ReadAsync_PassesCancellationIgnoresProcessTree" computerName="DESKTOP-RHANN0P" duration="00:00:00.0009852" startTime="2026-04-05T17:05:09.7611802+02:00" endTime="2026-04-05T17:05:09.7620709+02:00" testType="13cdc9d9-ddb5-4fa4-a97d-d965ccfc6d4b" outcome="Passed" testListId="8c84fa94-04c1-424b-9868-57a2d4851a1d" relativeResultsDirectory="d9b4b81e-d6b3-4901-b0bc-23656fc79d58" />
    <UnitTestResult executionId="85d121bb-3609-4cfa-b152-70e6d618e3af" testId="bd99a81c-a8e8-67d2-f6c0-4198eab7d1d1" testName="FileBasedApp.Toolkit.Tests.ExtendedCommandSettingsTest.LoadSetting_ValidJsonFile_DeserializesCorrectly" computerName="DESKTOP-RHANN0P" duration="00:00:00.0127710" startTime="2026-04-05T17:05:09.7131930+02:00" endTime="2026-04-05T17:05:09.7258242+02:00" testType="13cdc9d9-ddb5-4fa4-a97d-d965ccfc6d4b" outcome="Passed" testListId="8c84fa94-04c1-424b-9868-57a2d4851a1d" relativeResultsDirectory="85d121bb-3609-4cfa-b152-70e6d618e3af" />
    <UnitTestResult executionId="901d9c29-da05-4aab-843b-690138e84d65" testId="33f66893-f5c2-560e-6985-5e489bfd0f2f" testName="FileBasedApp.Toolkit.Tests.SimpleExec.SimpleExecRunnerTest.Run_PassesCancellationIgnoresProcessTree(method: Run)" computerName="DESKTOP-RHANN0P" duration="00:00:00.0007063" startTime="2026-04-05T17:05:09.7585870+02:00" endTime="2026-04-05T17:05:09.7591953+02:00" testType="13cdc9d9-ddb5-4fa4-a97d-d965ccfc6d4b" outcome="Passed" testListId="8c84fa94-04c1-424b-9868-57a2d4851a1d" relativeResultsDirectory="901d9c29-da05-4aab-843b-690138e84d65" />
    <UnitTestResult executionId="b5dbab0a-3447-429f-a0fd-44ad6c1cb904" testId="54df141f-5c70-df9c-dade-426979239637" testName="FileBasedApp.Toolkit.Tests.SimpleExec.SimpleExecRunnerTest.ReadAsync_PassesExitCodeHandler" computerName="DESKTOP-RHANN0P" duration="00:00:00.0015322" startTime="2026-04-05T17:05:09.7457067+02:00" endTime="2026-04-05T17:05:09.7471825+02:00" testType="13cdc9d9-ddb5-4fa4-a97d-d965ccfc6d4b" outcome="Passed" testListId="8c84fa94-04c1-424b-9868-57a2d4851a1d" relativeResultsDirectory="b5dbab0a-3447-429f-a0fd-44ad6c1cb904" />
    <UnitTestResult executionId="8bd72933-83b0-4a8d-9d39-7366c7e71c96" testId="9c812707-4e5c-6f44-4074-82a3d656c8e4" testName="FileBasedApp.Toolkit.Tests.StringExtensionsTest.NullCheck_ReturnsExpectedResult(value: &quot;&quot;, check: Null, expected: False)" computerName="DESKTOP-RHANN0P" duration="00:00:00.0175196" startTime="2026-04-05T17:05:09.5282223+02:00" endTime="2026-04-05T17:05:09.5566577+02:00" testType="13cdc9d9-ddb5-4fa4-a97d-d965ccfc6d4b" outcome="Passed" testListId="8c84fa94-04c1-424b-9868-57a2d4851a1d" relativeResultsDirectory="8bd72933-83b0-4a8d-9d39-7366c7e71c96" />
    <UnitTestResult executionId="e999ed8e-260f-4c03-8ffa-7276a3658246" testId="ff44aceb-1dad-72b0-157d-b8f9af94e255" testName="FileBasedApp.Toolkit.Tests.StringExtensionsTest.NullCheck_ReturnsExpectedResult(value: null, check: Null, expected: True)" computerName="DESKTOP-RHANN0P" duration="00:00:00.0000031" startTime="2026-04-05T17:05:09.5819837+02:00" endTime="2026-04-05T17:05:09.5820529+02:00" testType="13cdc9d9-ddb5-4fa4-a97d-d965ccfc6d4b" outcome="Passed" testListId="8c84fa94-04c1-424b-9868-57a2d4851a1d" relativeResultsDirectory="e999ed8e-260f-4c03-8ffa-7276a3658246" />
    <UnitTestResult executionId="6fd09e34-a8d7-43e0-b167-2c6e2a9ac047" testId="99211c9a-7f0c-af12-b282-40c6895708cd" testName="FileBasedApp.Toolkit.Tests.IOExtensionsTest.FindInFiles_WithRegex_ByLine_DoesNotMatchAcrossLines" computerName="DESKTOP-RHANN0P" duration="00:00:00.0060135" startTime="2026-04-05T17:05:09.6560368+02:00" endTime="2026-04-05T17:05:09.6586768+02:00" testType="13cdc9d9-ddb5-4fa4-a97d-d965ccfc6d4b" outcome="Passed" testListId="8c84fa94-04c1-424b-9868-57a2d4851a1d" relativeResultsDirectory="6fd09e34-a8d7-43e0-b167-2c6e2a9ac047" />
    <UnitTestResult executionId="69391a0c-6667-4ae1-8ad7-410b435ceb4c" testId="d121121c-20bf-1fe3-1fde-42ebabb915b5" testName="FileBasedApp.Toolkit.Tests.IOExtensionsTest.FindInFiles_WithRegex_AllText_MatchesAcrossLines" computerName="DESKTOP-RHANN0P" duration="00:00:00.0293254" startTime="2026-04-05T17:05:09.6421813+02:00" endTime="2026-04-05T17:05:09.6548536+02:00" testType="13cdc9d9-ddb5-4fa4-a97d-d965ccfc6d4b" outcome="Passed" testListId="8c84fa94-04c1-424b-9868-57a2d4851a1d" relativeResultsDirectory="69391a0c-6667-4ae1-8ad7-410b435ceb4c" />
    <UnitTestResult executionId="b08c9253-0f9e-44f0-a814-6b530f6f4680" testId="4d957379-34e6-770c-8e63-1b330aa8f53b" testName="FileBasedApp.Toolkit.Tests.EnumerableExtensionsTest.GetSingleOrNull_NullableSource_ReturnsSingleMatchingElement" computerName="DESKTOP-RHANN0P" duration="00:00:00.0081668" startTime="2026-04-05T17:05:09.6429875+02:00" endTime="2026-04-05T17:05:09.6430481+02:00" testType="13cdc9d9-ddb5-4fa4-a97d-d965ccfc6d4b" outcome="Passed" testListId="8c84fa94-04c1-424b-9868-57a2d4851a1d" relativeResultsDirectory="b08c9253-0f9e-44f0-a814-6b530f6f4680" />
    <UnitTestResult executionId="019617e4-5596-4a48-8157-5418e8f46c8c" testId="a9332d3a-7f0b-0bb0-b037-275119107002" testName="FileBasedApp.Toolkit.Tests.IOExtensionsTest.FindInFiles_WithRegex_ByLine_NoMatches_ReturnsEmpty" computerName="DESKTOP-RHANN0P" duration="00:00:00.0006556" startTime="2026-04-05T17:05:09.7172832+02:00" endTime="2026-04-05T17:05:09.7178192+02:00" testType="13cdc9d9-ddb5-4fa4-a97d-d965ccfc6d4b" outcome="Passed" testListId="8c84fa94-04c1-424b-9868-57a2d4851a1d" relativeResultsDirectory="019617e4-5596-4a48-8157-5418e8f46c8c" />
    <UnitTestResult executionId="be4d04ad-1c6c-4a75-b7bc-e3eb2f8b69b1" testId="768d30f8-982e-7be0-a6c1-8ef05f7a72d8" testName="FileBasedApp.Toolkit.Tests.IOExtensionsTest.GetAncestors_ShouldGenerateExpectedResult" computerName="DESKTOP-RHANN0P" duration="00:00:00.0494874" startTime="2026-04-05T17:05:09.5283331+02:00" endTime="2026-04-05T17:05:09.6419692+02:00" testType="13cdc9d9-ddb5-4fa4-a97d-d965ccfc6d4b" outcome="Passed" testListId="8c84fa94-04c1-424b-9868-57a2d4851a1d" relativeResultsDirectory="be4d04ad-1c6c-4a75-b7bc-e3eb2f8b69b1" />
    <UnitTestResult executionId="89d72ff1-f92e-4056-a7bf-aa075063f66e" testId="6779b88d-fc59-173c-eacc-e4efdade4196" testName="FileBasedApp.Toolkit.Tests.EnumerableExtensionsTest.GetFirstRequired_WithCustomErrorMessage_ThrowsWithCustomMessage" computerName="DESKTOP-RHANN0P" duration="00:00:00.0006481" startTime="2026-04-05T17:05:09.6432128+02:00" endTime="2026-04-05T17:05:09.6432709+02:00" testType="13cdc9d9-ddb5-4fa4-a97d-d965ccfc6d4b" outcome="Passed" testListId="8c84fa94-04c1-424b-9868-57a2d4851a1d" relativeResultsDirectory="89d72ff1-f92e-4056-a7bf-aa075063f66e" />
    <UnitTestResult executionId="ce9849cc-7a54-41d2-90ad-4e890e813699" testId="f6507339-098f-946c-47c7-1e9d2e641d33" testName="FileBasedApp.Toolkit.Tests.StringExtensionsTest.NullCheck_ReturnsExpectedResult(value: &quot;hello&quot;, check: NullOrWhitespace, expected: False)" computerName="DESKTOP-RHANN0P" duration="00:00:00.0000026" startTime="2026-04-05T17:05:09.6319070+02:00" endTime="2026-04-05T17:05:09.6319798+02:00" testType="13cdc9d9-ddb5-4fa4-a97d-d965ccfc6d4b" outcome="Passed" testListId="8c84fa94-04c1-424b-9868-57a2d4851a1d" relativeResultsDirectory="ce9849cc-7a54-41d2-90ad-4e890e813699" />
    <UnitTestResult executionId="5d5b0cc0-b33e-4085-8925-24d47de1595e" testId="9eabf247-c9f6-a001-ca46-ec07a5104420" testName="FileBasedApp.Toolkit.Tests.PathUtilTest.AnalyzeDirectory_EmptyPath_ShouldReturnRoot" computerName="DESKTOP-RHANN0P" duration="00:00:00.0006861" startTime="2026-04-05T17:05:09.6601796+02:00" endTime="2026-04-05T17:05:09.6607527+02:00" testType="13cdc9d9-ddb5-4fa4-a97d-d965ccfc6d4b" outcome="Passed" testListId="8c84fa94-04c1-424b-9868-57a2d4851a1d" relativeResultsDirectory="5d5b0cc0-b33e-4085-8925-24d47de1595e" />
    <UnitTestResult executionId="738a2b0b-5358-4a2a-8bb4-8e75f208ab02" testId="593d0cb6-2585-e0f2-b07f-fa8b07a73387" testName="FileBasedApp.Toolkit.Tests.IOExtensionsTest.SafeDeleteDirectory_PassesExceptionToHandler" computerName="DESKTOP-RHANN0P" duration="00:00:00.0738043" startTime="2026-04-05T17:05:09.6588443+02:00" endTime="2026-04-05T17:05:09.7155913+02:00" testType="13cdc9d9-ddb5-4fa4-a97d-d965ccfc6d4b" outcome="Passed" testListId="8c84fa94-04c1-424b-9868-57a2d4851a1d" relativeResultsDirectory="738a2b0b-5358-4a2a-8bb4-8e75f208ab02" />
    <UnitTestResult executionId="beb3a485-83ef-42a9-b786-99b9dd0125a7" testId="625889f2-b81f-b0c0-e89a-eeb00742f6bd" testName="FileBasedApp.Toolkit.Tests.ExtendedCommandSettingsTest.LoadSetting_NullOrWhitespacePath_ReturnsNull(path: &quot;&quot;)" computerName="DESKTOP-RHANN0P" duration="00:00:00.0011294" startTime="2026-04-05T17:05:09.7069140+02:00" endTime="2026-04-05T17:05:09.7079382+02:00" testType="13cdc9d9-ddb5-4fa4-a97d-d965ccfc6d4b" outcome="Passed" testListId="8c84fa94-04c1-424b-9868-57a2d4851a1d" relativeResultsDirectory="beb3a485-83ef-42a9-b786-99b9dd0125a7" />
    <UnitTestResult executionId="f7854b1a-b5cf-4bc5-9669-bcc8473771ae" testId="5ddfb5fc-8e56-3069-9cc8-0e63911a1b90" testName="FileBasedApp.Toolkit.Tests.SimpleExec.SimpleExecRunnerTest.Run_UsesExplicitCommandWrapper_WhenProvided(method: Run)" computerName="DESKTOP-RHANN0P" duration="00:00:00.0020966" startTime="2026-04-05T17:05:09.7473819+02:00" endTime="2026-04-05T17:05:09.7493369+02:00" testType="13cdc9d9-ddb5-4fa4-a97d-d965ccfc6d4b" outcome="Passed" testListId="8c84fa94-04c1-424b-9868-57a2d4851a1d" relativeResultsDirectory="f7854b1a-b5cf-4bc5-9669-bcc8473771ae" />
    <UnitTestResult executionId="39fcba3e-046a-4913-b7ed-60a3006b9301" testId="d7321667-a16d-a405-959a-3a09a5e7a687" testName="FileBasedApp.Toolkit.Tests.IOExtensionsTest.FindInFiles_WithStreamPredicate_ReturnsMatchingFiles" computerName="DESKTOP-RHANN0P" duration="00:00:00.0051862" startTime="2026-04-05T17:05:09.6550472+02:00" endTime="2026-04-05T17:05:09.6551189+02:00" testType="13cdc9d9-ddb5-4fa4-a97d-d965ccfc6d4b" outcome="Passed" testListId="8c84fa94-04c1-424b-9868-57a2d4851a1d" relativeResultsDirectory="39fcba3e-046a-4913-b7ed-60a3006b9301" />
    <UnitTestResult executionId="31d2f841-e893-48f0-aaee-bb6427290e71" testId="c40317cd-7db4-0c48-23bd-49c308cd39e4" testName="FileBasedApp.Toolkit.Tests.EnumerableExtensionsTest.GetSingleOrNull_ReturnsNullWhenNoMatch" computerName="DESKTOP-RHANN0P" duration="00:00:00.0007358" startTime="2026-04-05T17:05:09.6526481+02:00" endTime="2026-04-05T17:05:09.6527074+02:00" testType="13cdc9d9-ddb5-4fa4-a97d-d965ccfc6d4b" outcome="Passed" testListId="8c84fa94-04c1-424b-9868-57a2d4851a1d" relativeResultsDirectory="31d2f841-e893-48f0-aaee-bb6427290e71" />
    <UnitTestResult executionId="57a1cced-d0c2-40d7-baf3-50d24f0fb219" testId="134ca248-3ab1-757c-504a-2c21d90db250" testName="FileBasedApp.Toolkit.Tests.PathUtilTest.AnalyzeFilePath_NoRoots_FileShouldExists" computerName="DESKTOP-RHANN0P" duration="00:00:00.0008274" startTime="2026-04-05T17:05:09.6581632+02:00" endTime="2026-04-05T17:05:09.6582268+02:00" testType="13cdc9d9-ddb5-4fa4-a97d-d965ccfc6d4b" outcome="Passed" testListId="8c84fa94-04c1-424b-9868-57a2d4851a1d" relativeResultsDirectory="57a1cced-d0c2-40d7-baf3-50d24f0fb219" />
    <UnitTestResult executionId="9932fa2e-9069-45ae-95e9-76a73a89b5da" testId="3d51f04c-d888-39b8-4a22-04dd460f0f09" testName="FileBasedApp.Toolkit.Tests.IOExtensionsTest.FindInFiles_WithStreamPredicate_NoMatches_ReturnsEmpty" computerName="DESKTOP-RHANN0P" duration="00:00:00.0009993" startTime="2026-04-05T17:05:09.7161733+02:00" endTime="2026-04-05T17:05:09.7171025+02:00" testType="13cdc9d9-ddb5-4fa4-a97d-d965ccfc6d4b" outcome="Passed" testListId="8c84fa94-04c1-424b-9868-57a2d4851a1d" relativeResultsDirectory="9932fa2e-9069-45ae-95e9-76a73a89b5da" />
    <UnitTestResult executionId="d2a655f8-1e54-4777-8fd5-c5e9c7ea8bc0" testId="cc2c360e-520e-4559-9913-cd20efcfeb05" testName="FileBasedApp.Toolkit.Tests.EnumerableExtensionsTest.GetSingleOrNull_NullableSource_ReturnsNullWhenNoMatch" computerName="DESKTOP-RHANN0P" duration="00:00:00.0004267" startTime="2026-04-05T17:05:09.6544763+02:00" endTime="2026-04-05T17:05:09.6545675+02:00" testType="13cdc9d9-ddb5-4fa4-a97d-d965ccfc6d4b" outcome="Passed" testListId="8c84fa94-04c1-424b-9868-57a2d4851a1d" relativeResultsDirectory="d2a655f8-1e54-4777-8fd5-c5e9c7ea8bc0" />
    <UnitTestResult executionId="1edaefee-f9c2-4ce4-8d24-41fde492e45c" testId="03fbab43-3ccd-b5f9-163d-c26fa183acf7" testName="FileBasedApp.Toolkit.Tests.EnumerableExtensionsTest.GetSingleRequired_ThrowsExceptionWhenMultipleMatches" computerName="DESKTOP-RHANN0P" duration="00:00:00.0006097" startTime="2026-04-05T17:05:09.6522061+02:00" endTime="2026-04-05T17:05:09.6522696+02:00" testType="13cdc9d9-ddb5-4fa4-a97d-d965ccfc6d4b" outcome="Passed" testListId="8c84fa94-04c1-424b-9868-57a2d4851a1d" relativeResultsDirectory="1edaefee-f9c2-4ce4-8d24-41fde492e45c" />
    <UnitTestResult executionId="90d747d7-d005-44a3-82ae-b88e2cb36ec6" testId="064956b7-ec46-bd9b-b533-d31f6b18da38" testName="FileBasedApp.Toolkit.Tests.SimpleExec.SimpleExecRunnerTest.AddArgumentPair_WithSecret_OnlyMarksValueAsSecret" computerName="DESKTOP-RHANN0P" duration="00:00:00.0024126" startTime="2026-04-05T17:05:09.7309718+02:00" endTime="2026-04-05T17:05:09.7334195+02:00" testType="13cdc9d9-ddb5-4fa4-a97d-d965ccfc6d4b" outcome="Passed" testListId="8c84fa94-04c1-424b-9868-57a2d4851a1d" relativeResultsDirectory="90d747d7-d005-44a3-82ae-b88e2cb36ec6" />
    <UnitTestResult executionId="992ed4d9-821d-4639-9e1e-4f6cc37eba22" testId="21213db3-8166-1fba-1490-550fb87672c3" testName="FileBasedApp.Toolkit.Tests.StringExtensionsTest.NullCheck_ReturnsExpectedResult(value: null, check: NullOrWhitespace, expected: True)" computerName="DESKTOP-RHANN0P" duration="00:00:00.0000023" startTime="2026-04-05T17:05:09.6326999+02:00" endTime="2026-04-05T17:05:09.6327635+02:00" testType="13cdc9d9-ddb5-4fa4-a97d-d965ccfc6d4b" outcome="Passed" testListId="8c84fa94-04c1-424b-9868-57a2d4851a1d" relativeResultsDirectory="992ed4d9-821d-4639-9e1e-4f6cc37eba22" />
    <UnitTestResult executionId="e2a2419b-49b5-411d-9394-667fea92ed06" testId="797e684d-8be6-1611-6e34-f2a275623450" testName="FileBasedApp.Toolkit.Tests.ExtendedCommandSettingsTest.LoadSetting_FileDoesNotExist_ThrowsInvalidOperationException" computerName="DESKTOP-RHANN0P" duration="00:00:00.0027740" startTime="2026-04-05T17:05:09.7107480+02:00" endTime="2026-04-05T17:05:09.7129660+02:00" testType="13cdc9d9-ddb5-4fa4-a97d-d965ccfc6d4b" outcome="Passed" testListId="8c84fa94-04c1-424b-9868-57a2d4851a1d" relativeResultsDirectory="e2a2419b-49b5-411d-9394-667fea92ed06" />
    <UnitTestResult executionId="c5f51e3f-663b-40b3-b414-c417c4457124" testId="f4d3591f-282b-6c3d-d9c5-8c34518b38ce" testName="FileBasedApp.Toolkit.Tests.EnumerableExtensionsTest.GetFirstOrNull_NoPredicate_ReturnsFirstElement" computerName="DESKTOP-RHANN0P" duration="00:00:00.0005694" startTime="2026-04-05T17:05:09.6445054+02:00" endTime="2026-04-05T17:05:09.6501362+02:00" testType="13cdc9d9-ddb5-4fa4-a97d-d965ccfc6d4b" outcome="Passed" testListId="8c84fa94-04c1-424b-9868-57a2d4851a1d" relativeResultsDirectory="c5f51e3f-663b-40b3-b414-c417c4457124" />
    <UnitTestResult executionId="f80f2575-bf35-4d3c-b5e8-3204b5e7cf5b" testId="e16c9a88-8fa8-6f67-2661-9c37d57ecd31" testName="FileBasedApp.Toolkit.Tests.SimpleExec.SimpleExecRunnerTest.Run_PassesCancellationIgnoresProcessTree(method: RunAsync)" computerName="DESKTOP-RHANN0P" duration="00:00:00.0005005" startTime="2026-04-05T17:05:09.7593132+02:00" endTime="2026-04-05T17:05:09.7597491+02:00" testType="13cdc9d9-ddb5-4fa4-a97d-d965ccfc6d4b" outcome="Passed" testListId="8c84fa94-04c1-424b-9868-57a2d4851a1d" relativeResultsDirectory="f80f2575-bf35-4d3c-b5e8-3204b5e7cf5b" />
    <UnitTestResult executionId="c38a1014-a3bc-4565-9f11-ea240a58320e" testId="7aab44a9-1440-b5de-acc4-d98bcc4ab7e0" testName="FileBasedApp.Toolkit.Tests.SimpleExec.SimpleExecRunnerTest.Run_PassesNameAndArguments(method: RunAsync)" computerName="DESKTOP-RHANN0P" duration="00:00:00.0006066" startTime="2026-04-05T17:05:09.7547360+02:00" endTime="2026-04-05T17:05:09.7552485+02:00" testType="13cdc9d9-ddb5-4fa4-a97d-d965ccfc6d4b" outcome="Passed" testListId="8c84fa94-04c1-424b-9868-57a2d4851a1d" relativeResultsDirectory="c38a1014-a3bc-4565-9f11-ea240a58320e" />
    <UnitTestResult executionId="1e2b0884-a361-459a-be2b-c9b0675a5865" testId="05062a5d-fb9e-5ecd-0f4d-a4e69aee5aaa" testName="FileBasedApp.Toolkit.Tests.SimpleExec.SimpleExecRunnerTest.Run_PassesNoEcho(method: RunAsync)" computerName="DESKTOP-RHANN0P" duration="00:00:00.0004342" startTime="2026-04-05T17:05:09.7346552+02:00" endTime="2026-04-05T17:05:09.7349744+02:00" testType="13cdc9d9-ddb5-4fa4-a97d-d965ccfc6d4b" outcome="Passed" testListId="8c84fa94-04c1-424b-9868-57a2d4851a1d" relativeResultsDirectory="1e2b0884-a361-459a-be2b-c9b0675a5865" />
    <UnitTestResult executionId="341128ee-a88f-4101-9a25-bc583f42275a" testId="858432a5-ff99-5a14-7c0f-c0908abae172" testName="FileBasedApp.Toolkit.Tests.SimpleExec.SimpleExecRunnerTest.ReadAsync_PassesStandardInput" computerName="DESKTOP-RHANN0P" duration="00:00:00.0009363" startTime="2026-04-05T17:05:09.7577108+02:00" endTime="2026-04-05T17:05:09.7584320+02:00" testType="13cdc9d9-ddb5-4fa4-a97d-d965ccfc6d4b" outcome="Passed" testListId="8c84fa94-04c1-424b-9868-57a2d4851a1d" relativeResultsDirectory="341128ee-a88f-4101-9a25-bc583f42275a" />
    <UnitTestResult executionId="620db07e-d07a-4db2-a4e8-36c6ae273649" testId="d89d543b-198a-94a8-4bd2-c84ee986677c" testName="FileBasedApp.Toolkit.Tests.StringExtensionsTest.NullCheck_ReturnsExpectedResult(value: &quot;  &quot;, check: NullOrWhitespace, expected: True)" computerName="DESKTOP-RHANN0P" duration="00:00:00.0000098" startTime="2026-04-05T17:05:09.5817365+02:00" endTime="2026-04-05T17:05:09.5818158+02:00" testType="13cdc9d9-ddb5-4fa4-a97d-d965ccfc6d4b" outcome="Passed" testListId="8c84fa94-04c1-424b-9868-57a2d4851a1d" relativeResultsDirectory="620db07e-d07a-4db2-a4e8-36c6ae273649" />
    <UnitTestResult executionId="0e68e9d1-b1d1-4818-8a42-9e5dfa92e873" testId="c6687cf7-5400-f053-da88-3ec268592e61" testName="FileBasedApp.Toolkit.Tests.EnumerableExtensionsTest.GetFirstRequired_ThrowsExceptionWhenNoMatch" computerName="DESKTOP-RHANN0P" duration="00:00:00.0007138" startTime="2026-04-05T17:05:09.6514751+02:00" endTime="2026-04-05T17:05:09.6515376+02:00" testType="13cdc9d9-ddb5-4fa4-a97d-d965ccfc6d4b" outcome="Passed" testListId="8c84fa94-04c1-424b-9868-57a2d4851a1d" relativeResultsDirectory="0e68e9d1-b1d1-4818-8a42-9e5dfa92e873" />
    <UnitTestResult executionId="86a75a46-dbc9-45d2-8b03-df22c51da1f9" testId="bbc84640-6555-28d0-3bc9-ec697bd9c819" testName="FileBasedApp.Toolkit.Tests.SimpleExec.SimpleExecRunnerTest.ReadAsync_UsesExplicitCommandWrapper_WhenProvided" computerName="DESKTOP-RHANN0P" duration="00:00:00.0010018" startTime="2026-04-05T17:05:09.7574676+02:00" endTime="2026-04-05T17:05:09.7575369+02:00" testType="13cdc9d9-ddb5-4fa4-a97d-d965ccfc6d4b" outcome="Passed" testListId="8c84fa94-04c1-424b-9868-57a2d4851a1d" relativeResultsDirectory="86a75a46-dbc9-45d2-8b03-df22c51da1f9" />
    <UnitTestResult executionId="4cf4750a-8825-4ebe-b03a-cba984ea3de9" testId="9a09b2b9-9a01-36d2-7e5c-75f16de7d6bc" testName="FileBasedApp.Toolkit.Tests.SimpleExec.SimpleExecRunnerTest.ReadAsync_PassesNameAndArguments" computerName="DESKTOP-RHANN0P" duration="00:00:00.0211576" startTime="2026-04-05T17:05:09.7064702+02:00" endTime="2026-04-05T17:05:09.7275554+02:00" testType="13cdc9d9-ddb5-4fa4-a97d-d965ccfc6d4b" outcome="Passed" testListId="8c84fa94-04c1-424b-9868-57a2d4851a1d" relativeResultsDirectory="4cf4750a-8825-4ebe-b03a-cba984ea3de9" />
    <UnitTestResult executionId="982d1109-f910-4993-8b68-d05e25fd8358" testId="dea39721-046e-0fbf-8fc8-da4abc872d2a" testName="FileBasedApp.Toolkit.Tests.EnumerableExtensionsTest.GetSingleOrNull_ReturnsSingleMatchingElement" computerName="DESKTOP-RHANN0P" duration="00:00:00.0003403" startTime="2026-04-05T17:05:09.6524330+02:00" endTime="2026-04-05T17:05:09.6524946+02:00" testType="13cdc9d9-ddb5-4fa4-a97d-d965ccfc6d4b" outcome="Passed" testListId="8c84fa94-04c1-424b-9868-57a2d4851a1d" relativeResultsDirectory="982d1109-f910-4993-8b68-d05e25fd8358" />
    <UnitTestResult executionId="67d4d6dc-d8dd-4c83-8c75-205be66dc744" testId="e3702f0a-b151-3fc8-e156-528e72c1fcf1" testName="FileBasedApp.Toolkit.Tests.ExtendedCommandSettingsTest.LoadSetting_NullOrWhitespacePath_ReturnsNull(path: &quot;   &quot;)" computerName="DESKTOP-RHANN0P" duration="00:00:00.0008416" startTime="2026-04-05T17:05:09.7104185+02:00" endTime="2026-04-05T17:05:09.7105554+02:00" testType="13cdc9d9-ddb5-4fa4-a97d-d965ccfc6d4b" outcome="Passed" testListId="8c84fa94-04c1-424b-9868-57a2d4851a1d" relativeResultsDirectory="67d4d6dc-d8dd-4c83-8c75-205be66dc744" />
    <UnitTestResult executionId="be84b75a-c218-48bd-8393-341f3f2e6b35" testId="f85e223b-9847-f377-550d-bb58f64d25df" testName="FileBasedApp.Toolkit.Tests.PathUtilTest.GetRootFolder_CurrentDirectory_ShouldReturnCurrentWorkingDirectory" computerName="DESKTOP-RHANN0P" duration="00:00:00.0006534" startTime="2026-04-05T17:05:09.6557625+02:00" endTime="2026-04-05T17:05:09.6561969+02:00" testType="13cdc9d9-ddb5-4fa4-a97d-d965ccfc6d4b" outcome="Passed" testListId="8c84fa94-04c1-424b-9868-57a2d4851a1d" relativeResultsDirectory="be84b75a-c218-48bd-8393-341f3f2e6b35" />
    <UnitTestResult executionId="685ef99c-fef5-4ff7-96f1-462eb0263e18" testId="3fe0daad-dd39-6f62-204c-9245c8659294" testName="FileBasedApp.Toolkit.Tests.SimpleExec.SimpleExecRunnerTest.Run_PassesConfigureEnvironment(method: Run)" computerName="DESKTOP-RHANN0P" duration="00:00:00.0004263" startTime="2026-04-05T17:05:09.7059507+02:00" endTime="2026-04-05T17:05:09.7062481+02:00" testType="13cdc9d9-ddb5-4fa4-a97d-d965ccfc6d4b" outcome="Passed" testListId="8c84fa94-04c1-424b-9868-57a2d4851a1d" relativeResultsDirectory="685ef99c-fef5-4ff7-96f1-462eb0263e18" />
    <UnitTestResult executionId="4098555a-722e-4942-86fd-ffcba31a6284" testId="9133ba1e-06c6-1f1d-6e79-542e3ac3f3e4" testName="FileBasedApp.Toolkit.Tests.PathUtilTest.AnalyzeFilePath_MultipleRootsSecondMatch_FileShouldNotExist" computerName="DESKTOP-RHANN0P" duration="00:00:00.0008473" startTime="2026-04-05T17:05:09.6583910+02:00" endTime="2026-04-05T17:05:09.6584525+02:00" testType="13cdc9d9-ddb5-4fa4-a97d-d965ccfc6d4b" outcome="Passed" testListId="8c84fa94-04c1-424b-9868-57a2d4851a1d" relativeResultsDirectory="4098555a-722e-4942-86fd-ffcba31a6284" />
    <UnitTestResult executionId="1b9a2ac8-a219-48ec-a87e-d612b605860d" testId="66126260-e0ab-3cf2-7b53-2063095efb73" testName="FileBasedApp.Toolkit.Tests.StringExtensionsTest.NullCheck_ReturnsExpectedResult(value: &quot;&quot;, check: NullOrWhitespace, expected: True)" computerName="DESKTOP-RHANN0P" duration="00:00:00.0004363" startTime="2026-04-05T17:05:09.5797541+02:00" endTime="2026-04-05T17:05:09.5798901+02:00" testType="13cdc9d9-ddb5-4fa4-a97d-d965ccfc6d4b" outcome="Passed" testListId="8c84fa94-04c1-424b-9868-57a2d4851a1d" relativeResultsDirectory="1b9a2ac8-a219-48ec-a87e-d612b605860d" />
    <UnitTestResult executionId="49d0a19d-8967-4e27-843e-cefaf52e869b" testId="50fdc899-274d-cecc-7d02-b68c5f7252c0" testName="FileBasedApp.Toolkit.Tests.PathUtilTest.AnalyzeFilePath_FileDoesNotExist_ShouldNotRequireExist" computerName="DESKTOP-RHANN0P" duration="00:00:00.0007762" startTime="2026-04-05T17:05:09.6564610+02:00" endTime="2026-04-05T17:05:09.6567650+02:00" testType="13cdc9d9-ddb5-4fa4-a97d-d965ccfc6d4b" outcome="Passed" testListId="8c84fa94-04c1-424b-9868-57a2d4851a1d" relativeResultsDirectory="49d0a19d-8967-4e27-843e-cefaf52e869b" />
    <UnitTestResult executionId="1ef6f68b-304d-4881-8cb9-71e4d82a55d9" testId="65af5af5-350b-302b-fb88-d626dc403e4c" testName="FileBasedApp.Toolkit.Tests.EnumerableExtensionsTest.GetSingleRequired_WithCustomErrorMessages_ThrowsWithCustomMessages" computerName="DESKTOP-RHANN0P" duration="00:00:00.0011937" startTime="2026-04-05T17:05:09.6519316+02:00" endTime="2026-04-05T17:05:09.6519945+02:00" testType="13cdc9d9-ddb5-4fa4-a97d-d965ccfc6d4b" outcome="Passed" testListId="8c84fa94-04c1-424b-9868-57a2d4851a1d" relativeResultsDirectory="1ef6f68b-304d-4881-8cb9-71e4d82a55d9" />
    <UnitTestResult executionId="8c9d2e6b-ca30-4285-96b0-960db1e94cf1" testId="1b80e75f-92e6-93e4-1423-3d35f1d1c1d8" testName="FileBasedApp.Toolkit.Tests.PathUtilTest.GetRootFolder_InvalidPredefinedRootPath_ShouldThrow" computerName="DESKTOP-RHANN0P" duration="00:00:00.0198886" startTime="2026-04-05T17:05:09.6586175+02:00" endTime="2026-04-05T17:05:09.6599724+02:00" testType="13cdc9d9-ddb5-4fa4-a97d-d965ccfc6d4b" outcome="Passed" testListId="8c84fa94-04c1-424b-9868-57a2d4851a1d" relativeResultsDirectory="8c9d2e6b-ca30-4285-96b0-960db1e94cf1" />
    <UnitTestResult executionId="d9da9e20-f4c4-42d8-885c-c3f063801a54" testId="f5c07989-bff9-a755-38e1-8a109dd883b1" testName="FileBasedApp.Toolkit.Tests.SimpleExec.SimpleExecRunnerTest.ReadAsync_PassesConfigureEnvironment" computerName="DESKTOP-RHANN0P" duration="00:00:00.0013878" startTime="2026-04-05T17:05:09.7294989+02:00" endTime="2026-04-05T17:05:09.7307961+02:00" testType="13cdc9d9-ddb5-4fa4-a97d-d965ccfc6d4b" outcome="Passed" testListId="8c84fa94-04c1-424b-9868-57a2d4851a1d" relativeResultsDirectory="d9da9e20-f4c4-42d8-885c-c3f063801a54" />
    <UnitTestResult executionId="97642386-9558-48ad-ae36-fb5d4985dd70" testId="7745c892-da9e-5475-7ae4-0af236e76297" testName="FileBasedApp.Toolkit.Tests.PathUtilTest.AnalyzeDirectory_WithNonExistingDirectory_ShouldReturnError" computerName="DESKTOP-RHANN0P" duration="00:00:00.0012812" startTime="2026-04-05T17:05:09.6578772+02:00" endTime="2026-04-05T17:05:09.6579548+02:00" testType="13cdc9d9-ddb5-4fa4-a97d-d965ccfc6d4b" outcome="Passed" testListId="8c84fa94-04c1-424b-9868-57a2d4851a1d" relativeResultsDirectory="97642386-9558-48ad-ae36-fb5d4985dd70" />
    <UnitTestResult executionId="e071b16b-fc38-4ee1-991d-eac52de68455" testId="b86ce6e6-f285-ee4e-fcd1-24616aaacc7a" testName="FileBasedApp.Toolkit.Tests.EnumerableExtensionsTest.GetSingleRequired_ThrowsExceptionWhenNoMatch" computerName="DESKTOP-RHANN0P" duration="00:00:00.0041357" startTime="2026-04-05T17:05:09.6417854+02:00" endTime="2026-04-05T17:05:09.6418486+02:00" testType="13cdc9d9-ddb5-4fa4-a97d-d965ccfc6d4b" outcome="Passed" testListId="8c84fa94-04c1-424b-9868-57a2d4851a1d" relativeResultsDirectory="e071b16b-fc38-4ee1-991d-eac52de68455" />
    <UnitTestResult executionId="0d5ddf1b-6a61-49b1-886a-ff95e8fd0ada" testId="e6f3229d-aec8-0062-b333-d3b4388b1c4d" testName="FileBasedApp.Toolkit.Tests.EnumerableExtensionsTest.GetFirstOrNull_ReturnsFirstMatchingElement" computerName="DESKTOP-RHANN0P" duration="00:00:00.0417122" startTime="2026-04-05T17:05:09.5283030+02:00" endTime="2026-04-05T17:05:09.6380142+02:00" testType="13cdc9d9-ddb5-4fa4-a97d-d965ccfc6d4b" outcome="Passed" testListId="8c84fa94-04c1-424b-9868-57a2d4851a1d" relativeResultsDirectory="0d5ddf1b-6a61-49b1-886a-ff95e8fd0ada" />
    <UnitTestResult executionId="47a50ead-f965-4119-aa10-7f46d5341eee" testId="7c7d71ff-5aac-f7c4-9aa0-7ea2716d8dc8" testName="FileBasedApp.Toolkit.Tests.SimpleExec.SimpleExecRunnerTest.ReadAsync_PassesEncoding" computerName="DESKTOP-RHANN0P" duration="00:00:00.0010051" startTime="2026-04-05T17:05:09.7422999+02:00" endTime="2026-04-05T17:05:09.7431848+02:00" testType="13cdc9d9-ddb5-4fa4-a97d-d965ccfc6d4b" outcome="Passed" testListId="8c84fa94-04c1-424b-9868-57a2d4851a1d" relativeResultsDirectory="47a50ead-f965-4119-aa10-7f46d5341eee" />
    <UnitTestResult executionId="f081e1c8-d6cb-4e1c-8761-5f83b1b563be" testId="dbd590ef-b8ad-f1fb-c2bc-a95225b8bd07" testName="FileBasedApp.Toolkit.Tests.SimpleExec.SimpleExecRunnerTest.AddArguments_WithSecret_AddsAllToSecrets" computerName="DESKTOP-RHANN0P" duration="00:00:00.0004731" startTime="2026-04-05T17:05:09.7433400+02:00" endTime="2026-04-05T17:05:09.7437111+02:00" testType="13cdc9d9-ddb5-4fa4-a97d-d965ccfc6d4b" outcome="Passed" testListId="8c84fa94-04c1-424b-9868-57a2d4851a1d" relativeResultsDirectory="f081e1c8-d6cb-4e1c-8761-5f83b1b563be" />
    <UnitTestResult executionId="700684f5-66bc-4b41-8c95-cd9071a458d5" testId="b4f1d2d2-2a8b-7a26-5d53-dd856545513d" testName="FileBasedApp.Toolkit.Tests.SimpleExec.SimpleExecRunnerTest.ReadAsync_PassesWorkingDirectory" computerName="DESKTOP-RHANN0P" duration="00:00:00.0010477" startTime="2026-04-05T17:05:09.7554202+02:00" endTime="2026-04-05T17:05:09.7563813+02:00" testType="13cdc9d9-ddb5-4fa4-a97d-d965ccfc6d4b" outcome="Passed" testListId="8c84fa94-04c1-424b-9868-57a2d4851a1d" relativeResultsDirectory="700684f5-66bc-4b41-8c95-cd9071a458d5" />
    <UnitTestResult executionId="e4a9cb82-c6ad-4b1a-9481-c75bf2895b89" testId="9132dce2-f54c-af66-a41b-7182b7d86350" testName="FileBasedApp.Toolkit.Tests.EnumerableExtensionsTest.GetSingleRequired_ReturnsSingleMatchingElement" computerName="DESKTOP-RHANN0P" duration="00:00:00.0003231" startTime="2026-04-05T17:05:09.6517044+02:00" endTime="2026-04-05T17:05:09.6517689+02:00" testType="13cdc9d9-ddb5-4fa4-a97d-d965ccfc6d4b" outcome="Passed" testListId="8c84fa94-04c1-424b-9868-57a2d4851a1d" relativeResultsDirectory="e4a9cb82-c6ad-4b1a-9481-c75bf2895b89" />
    <UnitTestResult executionId="60eba961-b4ae-4a61-ac19-db18c08ac62f" testId="8cb8443c-d6d8-4372-cfec-df08c9c0ff48" testName="FileBasedApp.Toolkit.Tests.SimpleExec.SimpleExecRunnerTest.Run_DefaultValues_PassesExpectedDefaults(method: RunAsync)" computerName="DESKTOP-RHANN0P" duration="00:00:00.0070336" startTime="2026-04-05T17:05:09.6970205+02:00" endTime="2026-04-05T17:05:09.7039826+02:00" testType="13cdc9d9-ddb5-4fa4-a97d-d965ccfc6d4b" outcome="Passed" testListId="8c84fa94-04c1-424b-9868-57a2d4851a1d" relativeResultsDirectory="60eba961-b4ae-4a61-ac19-db18c08ac62f" />
    <UnitTestResult executionId="ae1d086d-2afc-4a8d-a376-a696b84ddffc" testId="de4d4b6b-1a0e-b6be-8cb2-48455120bfb2" testName="FileBasedApp.Toolkit.Tests.SimpleExec.SimpleExecRunnerTest.Run_PassesWorkingDirectory(method: RunAsync)" computerName="DESKTOP-RHANN0P" duration="00:00:00.0009733" startTime="2026-04-05T17:05:09.7447993+02:00" endTime="2026-04-05T17:05:09.7448614+02:00" testType="13cdc9d9-ddb5-4fa4-a97d-d965ccfc6d4b" outcome="Passed" testListId="8c84fa94-04c1-424b-9868-57a2d4851a1d" relativeResultsDirectory="ae1d086d-2afc-4a8d-a376-a696b84ddffc" />
    <UnitTestResult executionId="7b028bb8-a50f-428d-adc9-2947908dec17" testId="7438a50c-acfd-5378-05de-ae24a37cf58c" testName="FileBasedApp.Toolkit.Tests.SimpleExec.SimpleExecRunnerTest.Run_PassesCreateNoWindow(method: Run)" computerName="DESKTOP-RHANN0P" duration="00:00:00.0005098" startTime="2026-04-05T17:05:09.7289908+02:00" endTime="2026-04-05T17:05:09.7293301+02:00" testType="13cdc9d9-ddb5-4fa4-a97d-d965ccfc6d4b" outcome="Passed" testListId="8c84fa94-04c1-424b-9868-57a2d4851a1d" relativeResultsDirectory="7b028bb8-a50f-428d-adc9-2947908dec17" />
    <UnitTestResult executionId="b57c867b-a2b0-4fa0-841e-24ecfe8d9a6b" testId="58ab79b0-b6f2-5137-8fae-f89626b991b3" testName="FileBasedApp.Toolkit.Tests.EnumerableExtensionsTest.GetFirstOrNull_ReturnsNullWhenNoMatch" computerName="DESKTOP-RHANN0P" duration="00:00:00.0007020" startTime="2026-04-05T17:05:09.6528672+02:00" endTime="2026-04-05T17:05:09.6529306+02:00" testType="13cdc9d9-ddb5-4fa4-a97d-d965ccfc6d4b" outcome="Passed" testListId="8c84fa94-04c1-424b-9868-57a2d4851a1d" relativeResultsDirectory="b57c867b-a2b0-4fa0-841e-24ecfe8d9a6b" />
  </Results>
  <TestDefinitions>
    <UnitTest name="FileBasedApp.Toolkit.Tests.PathUtilTest.AnalyzeDirectory_WithNonExistingDirectory_ShouldReturnError" storage="d:\code\filebasedapp.toolkit\source\filebasedapp\filebasedapp.toolkit.tests\bin\debug\net10.0\filebasedapp.toolkit.tests.dll" id="7745c892-da9e-5475-7ae4-0af236e76297">
      <Execution id="97642386-9558-48ad-ae36-fb5d4985dd70" />
      <TestMethod codeBase="D:\code\FileBasedApp.Toolkit\Source\FileBasedApp\FileBasedApp.Toolkit.Tests\bin\Debug\net10.0\FileBasedApp.Toolkit.Tests.dll" adapterTypeName="executor://xunit/VsTestRunner3/netcore/" className="FileBasedApp.Toolkit.Tests.PathUtilTest" name="AnalyzeDirectory_WithNonExistingDirectory_ShouldReturnError" />
    </UnitTest>
    <UnitTest name="FileBasedApp.Toolkit.Tests.SimpleExec.SimpleExecRunnerTest.Run_PassesWorkingDirectory(method: RunAsync)" storage="d:\code\filebasedapp.toolkit\source\filebasedapp\filebasedapp.toolkit.tests\bin\debug\net10.0\filebasedapp.toolkit.tests.dll" id="de4d4b6b-1a0e-b6be-8cb2-48455120bfb2">
      <Execution id="ae1d086d-2afc-4a8d-a376-a696b84ddffc" />
      <TestMethod codeBase="D:\code\FileBasedApp.Toolkit\Source\FileBasedApp\FileBasedApp.Toolkit.Tests\bin\Debug\net10.0\FileBasedApp.Toolkit.Tests.dll" adapterTypeName="executor://xunit/VsTestRunner3/netcore/" className="FileBasedApp.Toolkit.Tests.SimpleExec.SimpleExecRunnerTest" name="Run_PassesWorkingDirectory" />
    </UnitTest>
    <UnitTest name="FileBasedApp.Toolkit.Tests.SimpleExec.SimpleExecRunnerTest.Run_PassesCreateNoWindow(method: RunAsync)" storage="d:\code\filebasedapp.toolkit\source\filebasedapp\filebasedapp.toolkit.tests\bin\debug\net10.0\filebasedapp.toolkit.tests.dll" id="8f7ff804-9846-f2af-fc9b-f9614f2a7286">
      <Execution id="c87257ed-103d-44a5-b273-fb9f2efbf2e5" />
      <TestMethod codeBase="D:\code\FileBasedApp.Toolkit\Source\FileBasedApp\FileBasedApp.Toolkit.Tests\bin\Debug\net10.0\FileBasedApp.Toolkit.Tests.dll" adapterTypeName="executor://xunit/VsTestRunner3/netcore/" className="FileBasedApp.Toolkit.Tests.SimpleExec.SimpleExecRunnerTest" name="Run_PassesCreateNoWindow" />
    </UnitTest>
    <UnitTest name="FileBasedApp.Toolkit.Tests.EnumerableExtensionsTest.GetSingleOrNull_NullableSource_ReturnsNullWhenNoMatch" storage="d:\code\filebasedapp.toolkit\source\filebasedapp\filebasedapp.toolkit.tests\bin\debug\net10.0\filebasedapp.toolkit.tests.dll" id="cc2c360e-520e-4559-9913-cd20efcfeb05">
      <Execution id="d2a655f8-1e54-4777-8fd5-c5e9c7ea8bc0" />
      <TestMethod codeBase="D:\code\FileBasedApp.Toolkit\Source\FileBasedApp\FileBasedApp.Toolkit.Tests\bin\Debug\net10.0\FileBasedApp.Toolkit.Tests.dll" adapterTypeName="executor://xunit/VsTestRunner3/netcore/" className="FileBasedApp.Toolkit.Tests.EnumerableExtensionsTest" name="GetSingleOrNull_NullableSource_ReturnsNullWhenNoMatch" />
    </UnitTest>
    <UnitTest name="FileBasedApp.Toolkit.Tests.IOExtensionsTest.FindInFiles_WithStreamPredicate_NoMatches_ReturnsEmpty" storage="d:\code\filebasedapp.toolkit\source\filebasedapp\filebasedapp.toolkit.tests\bin\debug\net10.0\filebasedapp.toolkit.tests.dll" id="3d51f04c-d888-39b8-4a22-04dd460f0f09">
      <Execution id="9932fa2e-9069-45ae-95e9-76a73a89b5da" />
      <TestMethod codeBase="D:\code\FileBasedApp.Toolkit\Source\FileBasedApp\FileBasedApp.Toolkit.Tests\bin\Debug\net10.0\FileBasedApp.Toolkit.Tests.dll" adapterTypeName="executor://xunit/VsTestRunner3/netcore/" className="FileBasedApp.Toolkit.Tests.IOExtensionsTest" name="FindInFiles_WithStreamPredicate_NoMatches_ReturnsEmpty" />
    </UnitTest>
    <UnitTest name="FileBasedApp.Toolkit.Tests.EnumerableExtensionsTest.GetSingleOrNull_NullableSource_ThrowsExceptionWhenMultipleMatches" storage="d:\code\filebasedapp.toolkit\source\filebasedapp\filebasedapp.toolkit.tests\bin\debug\net10.0\filebasedapp.toolkit.tests.dll" id="77e2cc33-2d6f-f764-15fe-1dbd9b961671">
      <Execution id="5e3c9b7c-4b90-40fa-85e0-701f0dbef692" />
      <TestMethod codeBase="D:\code\FileBasedApp.Toolkit\Source\FileBasedApp\FileBasedApp.Toolkit.Tests\bin\Debug\net10.0\FileBasedApp.Toolkit.Tests.dll" adapterTypeName="executor://xunit/VsTestRunner3/netcore/" className="FileBasedApp.Toolkit.Tests.EnumerableExtensionsTest" name="GetSingleOrNull_NullableSource_ThrowsExceptionWhenMultipleMatches" />
    </UnitTest>
    <UnitTest name="FileBasedApp.Toolkit.Tests.SimpleExec.SimpleExecRunnerTest.Run_UsesExplicitCommandWrapper_WhenProvided(method: RunAsync)" storage="d:\code\filebasedapp.toolkit\source\filebasedapp\filebasedapp.toolkit.tests\bin\debug\net10.0\filebasedapp.toolkit.tests.dll" id="9564e915-939b-1c62-e166-119312b0a620">
      <Execution id="84209e1c-76ec-4700-9477-6925300b334e" />
      <TestMethod codeBase="D:\code\FileBasedApp.Toolkit\Source\FileBasedApp\FileBasedApp.Toolkit.Tests\bin\Debug\net10.0\FileBasedApp.Toolkit.Tests.dll" adapterTypeName="executor://xunit/VsTestRunner3/netcore/" className="FileBasedApp.Toolkit.Tests.SimpleExec.SimpleExecRunnerTest" name="Run_UsesExplicitCommandWrapper_WhenProvided" />
    </UnitTest>
    <UnitTest name="FileBasedApp.Toolkit.Tests.IOExtensionsTest.FindInFiles_WithRegex_ByLine_ReturnsMatchingFiles" storage="d:\code\filebasedapp.toolkit\source\filebasedapp\filebasedapp.toolkit.tests\bin\debug\net10.0\filebasedapp.toolkit.tests.dll" id="618beac6-b2f0-3a5c-dabc-a225cdf57364">
      <Execution id="5bd6d31d-484e-406a-af34-caf87a935e31" />
      <TestMethod codeBase="D:\code\FileBasedApp.Toolkit\Source\FileBasedApp\FileBasedApp.Toolkit.Tests\bin\Debug\net10.0\FileBasedApp.Toolkit.Tests.dll" adapterTypeName="executor://xunit/VsTestRunner3/netcore/" className="FileBasedApp.Toolkit.Tests.IOExtensionsTest" name="FindInFiles_WithRegex_ByLine_ReturnsMatchingFiles" />
    </UnitTest>
    <UnitTest name="FileBasedApp.Toolkit.Tests.SimpleExec.SimpleExecRunnerTest.Run_PassesCancellationIgnoresProcessTree(method: RunAsync)" storage="d:\code\filebasedapp.toolkit\source\filebasedapp\filebasedapp.toolkit.tests\bin\debug\net10.0\filebasedapp.toolkit.tests.dll" id="e16c9a88-8fa8-6f67-2661-9c37d57ecd31">
      <Execution id="f80f2575-bf35-4d3c-b5e8-3204b5e7cf5b" />
      <TestMethod codeBase="D:\code\FileBasedApp.Toolkit\Source\FileBasedApp\FileBasedApp.Toolkit.Tests\bin\Debug\net10.0\FileBasedApp.Toolkit.Tests.dll" adapterTypeName="executor://xunit/VsTestRunner3/netcore/" className="FileBasedApp.Toolkit.Tests.SimpleExec.SimpleExecRunnerTest" name="Run_PassesCancellationIgnoresProcessTree" />
    </UnitTest>
    <UnitTest name="FileBasedApp.Toolkit.Tests.SimpleExec.SimpleExecRunnerTest.Run_PassesExitCodeHandler(method: RunAsync)" storage="d:\code\filebasedapp.toolkit\source\filebasedapp\filebasedapp.toolkit.tests\bin\debug\net10.0\filebasedapp.toolkit.tests.dll" id="8c4712d4-8b55-db73-82a7-0d58f840b220">
      <Execution id="7091ae6c-87f7-4649-94ee-369e7568c9c1" />
      <TestMethod codeBase="D:\code\FileBasedApp.Toolkit\Source\FileBasedApp\FileBasedApp.Toolkit.Tests\bin\Debug\net10.0\FileBasedApp.Toolkit.Tests.dll" adapterTypeName="executor://xunit/VsTestRunner3/netcore/" className="FileBasedApp.Toolkit.Tests.SimpleExec.SimpleExecRunnerTest" name="Run_PassesExitCodeHandler" />
    </UnitTest>
    <UnitTest name="FileBasedApp.Toolkit.Tests.SimpleExec.SimpleExecRunnerTest.AddArguments_WithSecret_AddsAllToSecrets" storage="d:\code\filebasedapp.toolkit\source\filebasedapp\filebasedapp.toolkit.tests\bin\debug\net10.0\filebasedapp.toolkit.tests.dll" id="dbd590ef-b8ad-f1fb-c2bc-a95225b8bd07">
      <Execution id="f081e1c8-d6cb-4e1c-8761-5f83b1b563be" />
      <TestMethod codeBase="D:\code\FileBasedApp.Toolkit\Source\FileBasedApp\FileBasedApp.Toolkit.Tests\bin\Debug\net10.0\FileBasedApp.Toolkit.Tests.dll" adapterTypeName="executor://xunit/VsTestRunner3/netcore/" className="FileBasedApp.Toolkit.Tests.SimpleExec.SimpleExecRunnerTest" name="AddArguments_WithSecret_AddsAllToSecrets" />
    </UnitTest>
    <UnitTest name="FileBasedApp.Toolkit.Tests.IOExtensionsTest.FindInFiles_WithRegex_ByLine_NoMatches_ReturnsEmpty" storage="d:\code\filebasedapp.toolkit\source\filebasedapp\filebasedapp.toolkit.tests\bin\debug\net10.0\filebasedapp.toolkit.tests.dll" id="a9332d3a-7f0b-0bb0-b037-275119107002">
      <Execution id="019617e4-5596-4a48-8157-5418e8f46c8c" />
      <TestMethod codeBase="D:\code\FileBasedApp.Toolkit\Source\FileBasedApp\FileBasedApp.Toolkit.Tests\bin\Debug\net10.0\FileBasedApp.Toolkit.Tests.dll" adapterTypeName="executor://xunit/VsTestRunner3/netcore/" className="FileBasedApp.Toolkit.Tests.IOExtensionsTest" name="FindInFiles_WithRegex_ByLine_NoMatches_ReturnsEmpty" />
    </UnitTest>
    <UnitTest name="FileBasedApp.Toolkit.Tests.SimpleExec.SimpleExecRunnerTest.ReadAsync_PassesStandardInput" storage="d:\code\filebasedapp.toolkit\source\filebasedapp\filebasedapp.toolkit.tests\bin\debug\net10.0\filebasedapp.toolkit.tests.dll" id="858432a5-ff99-5a14-7c0f-c0908abae172">
      <Execution id="341128ee-a88f-4101-9a25-bc583f42275a" />
      <TestMethod codeBase="D:\code\FileBasedApp.Toolkit\Source\FileBasedApp\FileBasedApp.Toolkit.Tests\bin\Debug\net10.0\FileBasedApp.Toolkit.Tests.dll" adapterTypeName="executor://xunit/VsTestRunner3/netcore/" className="FileBasedApp.Toolkit.Tests.SimpleExec.SimpleExecRunnerTest" name="ReadAsync_PassesStandardInput" />
    </UnitTest>
    <UnitTest name="FileBasedApp.Toolkit.Tests.SimpleExec.SimpleExecRunnerTest.Run_UsesExplicitCommandWrapper_WhenProvided(method: Run)" storage="d:\code\filebasedapp.toolkit\source\filebasedapp\filebasedapp.toolkit.tests\bin\debug\net10.0\filebasedapp.toolkit.tests.dll" id="5ddfb5fc-8e56-3069-9cc8-0e63911a1b90">
      <Execution id="f7854b1a-b5cf-4bc5-9669-bcc8473771ae" />
      <TestMethod codeBase="D:\code\FileBasedApp.Toolkit\Source\FileBasedApp\FileBasedApp.Toolkit.Tests\bin\Debug\net10.0\FileBasedApp.Toolkit.Tests.dll" adapterTypeName="executor://xunit/VsTestRunner3/netcore/" className="FileBasedApp.Toolkit.Tests.SimpleExec.SimpleExecRunnerTest" name="Run_UsesExplicitCommandWrapper_WhenProvided" />
    </UnitTest>
    <UnitTest name="FileBasedApp.Toolkit.Tests.IOExtensionsTest.FindInFiles_WithStreamPredicate_ReturnsMatchingFiles" storage="d:\code\filebasedapp.toolkit\source\filebasedapp\filebasedapp.toolkit.tests\bin\debug\net10.0\filebasedapp.toolkit.tests.dll" id="d7321667-a16d-a405-959a-3a09a5e7a687">
      <Execution id="39fcba3e-046a-4913-b7ed-60a3006b9301" />
      <TestMethod codeBase="D:\code\FileBasedApp.Toolkit\Source\FileBasedApp\FileBasedApp.Toolkit.Tests\bin\Debug\net10.0\FileBasedApp.Toolkit.Tests.dll" adapterTypeName="executor://xunit/VsTestRunner3/netcore/" className="FileBasedApp.Toolkit.Tests.IOExtensionsTest" name="FindInFiles_WithStreamPredicate_ReturnsMatchingFiles" />
    </UnitTest>
    <UnitTest name="FileBasedApp.Toolkit.Tests.CommandCli.FlexibleFilePathTest.CanDeserialize" storage="d:\code\filebasedapp.toolkit\source\filebasedapp\filebasedapp.toolkit.tests\bin\debug\net10.0\filebasedapp.toolkit.tests.dll" id="cd68ee74-b771-0578-6ac9-96c973a7c071">
      <Execution id="aa05676e-ee8a-4bde-b294-a2565bc52870" />
      <TestMethod codeBase="D:\code\FileBasedApp.Toolkit\Source\FileBasedApp\FileBasedApp.Toolkit.Tests\bin\Debug\net10.0\FileBasedApp.Toolkit.Tests.dll" adapterTypeName="executor://xunit/VsTestRunner3/netcore/" className="FileBasedApp.Toolkit.Tests.CommandCli.FlexibleFilePathTest" name="CanDeserialize" />
    </UnitTest>
    <UnitTest name="FileBasedApp.Toolkit.Tests.SimpleExec.SimpleExecRunnerTest.AddSecrets_AppendsToExistingSecrets" storage="d:\code\filebasedapp.toolkit\source\filebasedapp\filebasedapp.toolkit.tests\bin\debug\net10.0\filebasedapp.toolkit.tests.dll" id="09878e65-7130-1541-b314-086e94a97683">
      <Execution id="ff254f8b-9f33-4e18-acc6-8eb657af903d" />
      <TestMethod codeBase="D:\code\FileBasedApp.Toolkit\Source\FileBasedApp\FileBasedApp.Toolkit.Tests\bin\Debug\net10.0\FileBasedApp.Toolkit.Tests.dll" adapterTypeName="executor://xunit/VsTestRunner3/netcore/" className="FileBasedApp.Toolkit.Tests.SimpleExec.SimpleExecRunnerTest" name="AddSecrets_AppendsToExistingSecrets" />
    </UnitTest>
    <UnitTest name="FileBasedApp.Toolkit.Tests.EnumerableExtensionsTest.GetSingleOrNull_ReturnsSingleMatchingElement" storage="d:\code\filebasedapp.toolkit\source\filebasedapp\filebasedapp.toolkit.tests\bin\debug\net10.0\filebasedapp.toolkit.tests.dll" id="dea39721-046e-0fbf-8fc8-da4abc872d2a">
      <Execution id="982d1109-f910-4993-8b68-d05e25fd8358" />
      <TestMethod codeBase="D:\code\FileBasedApp.Toolkit\Source\FileBasedApp\FileBasedApp.Toolkit.Tests\bin\Debug\net10.0\FileBasedApp.Toolkit.Tests.dll" adapterTypeName="executor://xunit/VsTestRunner3/netcore/" className="FileBasedApp.Toolkit.Tests.EnumerableExtensionsTest" name="GetSingleOrNull_ReturnsSingleMatchingElement" />
    </UnitTest>
    <UnitTest name="FileBasedApp.Toolkit.Tests.EnumerableExtensionsTest.GetSingleOrNull_ThrowsExceptionWhenMultipleMatches" storage="d:\code\filebasedapp.toolkit\source\filebasedapp\filebasedapp.toolkit.tests\bin\debug\net10.0\filebasedapp.toolkit.tests.dll" id="c29d2a7d-51da-6c9d-4854-02e7680bea5f">
      <Execution id="d61f06d9-8dfd-444b-8434-622fb26d752e" />
      <TestMethod codeBase="D:\code\FileBasedApp.Toolkit\Source\FileBasedApp\FileBasedApp.Toolkit.Tests\bin\Debug\net10.0\FileBasedApp.Toolkit.Tests.dll" adapterTypeName="executor://xunit/VsTestRunner3/netcore/" className="FileBasedApp.Toolkit.Tests.EnumerableExtensionsTest" name="GetSingleOrNull_ThrowsExceptionWhenMultipleMatches" />
    </UnitTest>
    <UnitTest name="FileBasedApp.Toolkit.Tests.SimpleExec.SimpleExecRunnerTest.ReadAsync_PassesCancellationIgnoresProcessTree" storage="d:\code\filebasedapp.toolkit\source\filebasedapp\filebasedapp.toolkit.tests\bin\debug\net10.0\filebasedapp.toolkit.tests.dll" id="cea898ea-6ad9-f5b4-2052-550b0404e14f">
      <Execution id="d9b4b81e-d6b3-4901-b0bc-23656fc79d58" />
      <TestMethod codeBase="D:\code\FileBasedApp.Toolkit\Source\FileBasedApp\FileBasedApp.Toolkit.Tests\bin\Debug\net10.0\FileBasedApp.Toolkit.Tests.dll" adapterTypeName="executor://xunit/VsTestRunner3/netcore/" className="FileBasedApp.Toolkit.Tests.SimpleExec.SimpleExecRunnerTest" name="ReadAsync_PassesCancellationIgnoresProcessTree" />
    </UnitTest>
    <UnitTest name="FileBasedApp.Toolkit.Tests.PathUtilTest.AnalyzeFilePath_NullPath_ShouldReturnError" storage="d:\code\filebasedapp.toolkit\source\filebasedapp\filebasedapp.toolkit.tests\bin\debug\net10.0\filebasedapp.toolkit.tests.dll" id="2f8206cf-fe63-e78e-ba47-d9b4956edb4f">
      <Execution id="f2f7d7bf-713b-4ffc-9a1d-a246bd200555" />
      <TestMethod codeBase="D:\code\FileBasedApp.Toolkit\Source\FileBasedApp\FileBasedApp.Toolkit.Tests\bin\Debug\net10.0\FileBasedApp.Toolkit.Tests.dll" adapterTypeName="executor://xunit/VsTestRunner3/netcore/" className="FileBasedApp.Toolkit.Tests.PathUtilTest" name="AnalyzeFilePath_NullPath_ShouldReturnError" />
    </UnitTest>
    <UnitTest name="FileBasedApp.Toolkit.Tests.EnumerableExtensionsTest.GetSingleRequired_ThrowsExceptionWhenMultipleMatches" storage="d:\code\filebasedapp.toolkit\source\filebasedapp\filebasedapp.toolkit.tests\bin\debug\net10.0\filebasedapp.toolkit.tests.dll" id="03fbab43-3ccd-b5f9-163d-c26fa183acf7">
      <Execution id="1edaefee-f9c2-4ce4-8d24-41fde492e45c" />
      <TestMethod codeBase="D:\code\FileBasedApp.Toolkit\Source\FileBasedApp\FileBasedApp.Toolkit.Tests\bin\Debug\net10.0\FileBasedApp.Toolkit.Tests.dll" adapterTypeName="executor://xunit/VsTestRunner3/netcore/" className="FileBasedApp.Toolkit.Tests.EnumerableExtensionsTest" name="GetSingleRequired_ThrowsExceptionWhenMultipleMatches" />
    </UnitTest>
    <UnitTest name="FileBasedApp.Toolkit.Tests.SimpleExec.SimpleExecRunnerTest.AddArgumentPair_WithSecret_OnlyMarksValueAsSecret" storage="d:\code\filebasedapp.toolkit\source\filebasedapp\filebasedapp.toolkit.tests\bin\debug\net10.0\filebasedapp.toolkit.tests.dll" id="064956b7-ec46-bd9b-b533-d31f6b18da38">
      <Execution id="90d747d7-d005-44a3-82ae-b88e2cb36ec6" />
      <TestMethod codeBase="D:\code\FileBasedApp.Toolkit\Source\FileBasedApp\FileBasedApp.Toolkit.Tests\bin\Debug\net10.0\FileBasedApp.Toolkit.Tests.dll" adapterTypeName="executor://xunit/VsTestRunner3/netcore/" className="FileBasedApp.Toolkit.Tests.SimpleExec.SimpleExecRunnerTest" name="AddArgumentPair_WithSecret_OnlyMarksValueAsSecret" />
    </UnitTest>
    <UnitTest name="FileBasedApp.Toolkit.Tests.IOExtensionsTest.FindInFiles_WithStreamPredicate_EmptySource_ReturnsEmpty" storage="d:\code\filebasedapp.toolkit\source\filebasedapp\filebasedapp.toolkit.tests\bin\debug\net10.0\filebasedapp.toolkit.tests.dll" id="021f4121-d99c-e993-8923-66122381c88c">
      <Execution id="15e377a5-867c-4e6f-96ff-5688ff9c459a" />
      <TestMethod codeBase="D:\code\FileBasedApp.Toolkit\Source\FileBasedApp\FileBasedApp.Toolkit.Tests\bin\Debug\net10.0\FileBasedApp.Toolkit.Tests.dll" adapterTypeName="executor://xunit/VsTestRunner3/netcore/" className="FileBasedApp.Toolkit.Tests.IOExtensionsTest" name="FindInFiles_WithStreamPredicate_EmptySource_ReturnsEmpty" />
    </UnitTest>
    <UnitTest name="FileBasedApp.Toolkit.Tests.PathUtilTest.AnalyzeFilePath_NoRoots_FileShouldExists" storage="d:\code\filebasedapp.toolkit\source\filebasedapp\filebasedapp.toolkit.tests\bin\debug\net10.0\filebasedapp.toolkit.tests.dll" id="134ca248-3ab1-757c-504a-2c21d90db250">
      <Execution id="57a1cced-d0c2-40d7-baf3-50d24f0fb219" />
      <TestMethod codeBase="D:\code\FileBasedApp.Toolkit\Source\FileBasedApp\FileBasedApp.Toolkit.Tests\bin\Debug\net10.0\FileBasedApp.Toolkit.Tests.dll" adapterTypeName="executor://xunit/VsTestRunner3/netcore/" className="FileBasedApp.Toolkit.Tests.PathUtilTest" name="AnalyzeFilePath_NoRoots_FileShouldExists" />
    </UnitTest>
    <UnitTest name="FileBasedApp.Toolkit.Tests.PathUtilTest.AnalyzeFilePath_MultipleRootsNoMatch_FileShouldNotExist" storage="d:\code\filebasedapp.toolkit\source\filebasedapp\filebasedapp.toolkit.tests\bin\debug\net10.0\filebasedapp.toolkit.tests.dll" id="9ffa894b-238e-f20c-d3fd-853a82fc5567">
      <Execution id="659a93fa-2cc8-4013-9379-b039bf3c5ea2" />
      <TestMethod codeBase="D:\code\FileBasedApp.Toolkit\Source\FileBasedApp\FileBasedApp.Toolkit.Tests\bin\Debug\net10.0\FileBasedApp.Toolkit.Tests.dll" adapterTypeName="executor://xunit/VsTestRunner3/netcore/" className="FileBasedApp.Toolkit.Tests.PathUtilTest" name="AnalyzeFilePath_MultipleRootsNoMatch_FileShouldNotExist" />
    </UnitTest>
    <UnitTest name="FileBasedApp.Toolkit.Tests.SimpleExec.SimpleExecRunnerTest.Run_PassesCancellationIgnoresProcessTree(method: Run)" storage="d:\code\filebasedapp.toolkit\source\filebasedapp\filebasedapp.toolkit.tests\bin\debug\net10.0\filebasedapp.toolkit.tests.dll" id="33f66893-f5c2-560e-6985-5e489bfd0f2f">
      <Execution id="901d9c29-da05-4aab-843b-690138e84d65" />
      <TestMethod codeBase="D:\code\FileBasedApp.Toolkit\Source\FileBasedApp\FileBasedApp.Toolkit.Tests\bin\Debug\net10.0\FileBasedApp.Toolkit.Tests.dll" adapterTypeName="executor://xunit/VsTestRunner3/netcore/" className="FileBasedApp.Toolkit.Tests.SimpleExec.SimpleExecRunnerTest" name="Run_PassesCancellationIgnoresProcessTree" />
    </UnitTest>
    <UnitTest name="FileBasedApp.Toolkit.Tests.ExtendedCommandSettingsTest.LoadSetting_ComplexObject_DeserializesNestedProperties" storage="d:\code\filebasedapp.toolkit\source\filebasedapp\filebasedapp.toolkit.tests\bin\debug\net10.0\filebasedapp.toolkit.tests.dll" id="ed3088b9-f337-6ba5-7ca0-b0d5d8c9c842">
      <Execution id="8b7d47f2-3db3-42d8-93fe-e85a0c23c625" />
      <TestMethod codeBase="D:\code\FileBasedApp.Toolkit\Source\FileBasedApp\FileBasedApp.Toolkit.Tests\bin\Debug\net10.0\FileBasedApp.Toolkit.Tests.dll" adapterTypeName="executor://xunit/VsTestRunner3/netcore/" className="FileBasedApp.Toolkit.Tests.ExtendedCommandSettingsTest" name="LoadSetting_ComplexObject_DeserializesNestedProperties" />
    </UnitTest>
    <UnitTest name="FileBasedApp.Toolkit.Tests.SimpleExec.SimpleExecRunnerTest.ReadAsync_DefaultValues_PassesExpectedDefaults" storage="d:\code\filebasedapp.toolkit\source\filebasedapp\filebasedapp.toolkit.tests\bin\debug\net10.0\filebasedapp.toolkit.tests.dll" id="2c5b749a-10eb-e5ce-73d2-d4e846fe822b">
      <Execution id="3c43ae1b-d062-48fe-bb47-183106c7aa70" />
      <TestMethod codeBase="D:\code\FileBasedApp.Toolkit\Source\FileBasedApp\FileBasedApp.Toolkit.Tests\bin\Debug\net10.0\FileBasedApp.Toolkit.Tests.dll" adapterTypeName="executor://xunit/VsTestRunner3/netcore/" className="FileBasedApp.Toolkit.Tests.SimpleExec.SimpleExecRunnerTest" name="ReadAsync_DefaultValues_PassesExpectedDefaults" />
    </UnitTest>
    <UnitTest name="FileBasedApp.Toolkit.Tests.SimpleExec.SimpleExecRunnerTest.Run_PassesConfigureEnvironment(method: RunAsync)" storage="d:\code\filebasedapp.toolkit\source\filebasedapp\filebasedapp.toolkit.tests\bin\debug\net10.0\filebasedapp.toolkit.tests.dll" id="21e8f116-2d1b-bd13-b5c8-e7dc818ce6af">
      <Execution id="94286f67-0fd7-4621-bde8-add43df4ef5b" />
      <TestMethod codeBase="D:\code\FileBasedApp.Toolkit\Source\FileBasedApp\FileBasedApp.Toolkit.Tests\bin\Debug\net10.0\FileBasedApp.Toolkit.Tests.dll" adapterTypeName="executor://xunit/VsTestRunner3/netcore/" className="FileBasedApp.Toolkit.Tests.SimpleExec.SimpleExecRunnerTest" name="Run_PassesConfigureEnvironment" />
    </UnitTest>
    <UnitTest name="FileBasedApp.Toolkit.Tests.SimpleExec.SimpleExecRunnerTest.Run_PassesEchoPrefix(method: RunAsync)" storage="d:\code\filebasedapp.toolkit\source\filebasedapp\filebasedapp.toolkit.tests\bin\debug\net10.0\filebasedapp.toolkit.tests.dll" id="4eb23d4f-d74b-e36d-3a74-816c14079631">
      <Execution id="38ecac83-9f08-4f71-88fc-f6ac5e587838" />
      <TestMethod codeBase="D:\code\FileBasedApp.Toolkit\Source\FileBasedApp\FileBasedApp.Toolkit.Tests\bin\Debug\net10.0\FileBasedApp.Toolkit.Tests.dll" adapterTypeName="executor://xunit/VsTestRunner3/netcore/" className="FileBasedApp.Toolkit.Tests.SimpleExec.SimpleExecRunnerTest" name="Run_PassesEchoPrefix" />
    </UnitTest>
    <UnitTest name="FileBasedApp.Toolkit.Tests.EnumerableExtensionsTest.GetFirstRequired_WithCustomErrorMessage_ThrowsWithCustomMessage" storage="d:\code\filebasedapp.toolkit\source\filebasedapp\filebasedapp.toolkit.tests\bin\debug\net10.0\filebasedapp.toolkit.tests.dll" id="6779b88d-fc59-173c-eacc-e4efdade4196">
      <Execution id="89d72ff1-f92e-4056-a7bf-aa075063f66e" />
      <TestMethod codeBase="D:\code\FileBasedApp.Toolkit\Source\FileBasedApp\FileBasedApp.Toolkit.Tests\bin\Debug\net10.0\FileBasedApp.Toolkit.Tests.dll" adapterTypeName="executor://xunit/VsTestRunner3/netcore/" className="FileBasedApp.Toolkit.Tests.EnumerableExtensionsTest" name="GetFirstRequired_WithCustomErrorMessage_ThrowsWithCustomMessage" />
    </UnitTest>
    <UnitTest name="FileBasedApp.Toolkit.Tests.SimpleExec.SimpleExecRunnerTest.Run_PassesWorkingDirectory(method: Run)" storage="d:\code\filebasedapp.toolkit\source\filebasedapp\filebasedapp.toolkit.tests\bin\debug\net10.0\filebasedapp.toolkit.tests.dll" id="d54e8d65-544a-d4e6-587d-223820648d58">
      <Execution id="a5d29cbe-225c-475b-a5ee-79241c67130f" />
      <TestMethod codeBase="D:\code\FileBasedApp.Toolkit\Source\FileBasedApp\FileBasedApp.Toolkit.Tests\bin\Debug\net10.0\FileBasedApp.Toolkit.Tests.dll" adapterTypeName="executor://xunit/VsTestRunner3/netcore/" className="FileBasedApp.Toolkit.Tests.SimpleExec.SimpleExecRunnerTest" name="Run_PassesWorkingDirectory" />
    </UnitTest>
    <UnitTest name="FileBasedApp.Toolkit.Tests.ExtendedCommandSettingsTest.LoadSetting_FileDoesNotExist_ThrowsInvalidOperationException" storage="d:\code\filebasedapp.toolkit\source\filebasedapp\filebasedapp.toolkit.tests\bin\debug\net10.0\filebasedapp.toolkit.tests.dll" id="797e684d-8be6-1611-6e34-f2a275623450">
      <Execution id="e2a2419b-49b5-411d-9394-667fea92ed06" />
      <TestMethod codeBase="D:\code\FileBasedApp.Toolkit\Source\FileBasedApp\FileBasedApp.Toolkit.Tests\bin\Debug\net10.0\FileBasedApp.Toolkit.Tests.dll" adapterTypeName="executor://xunit/VsTestRunner3/netcore/" className="FileBasedApp.Toolkit.Tests.ExtendedCommandSettingsTest" name="LoadSetting_FileDoesNotExist_ThrowsInvalidOperationException" />
    </UnitTest>
    <UnitTest name="FileBasedApp.Toolkit.Tests.EnumerableExtensionsTest.GetSingleRequired_ThrowsExceptionWhenNoMatch" storage="d:\code\filebasedapp.toolkit\source\filebasedapp\filebasedapp.toolkit.tests\bin\debug\net10.0\filebasedapp.toolkit.tests.dll" id="b86ce6e6-f285-ee4e-fcd1-24616aaacc7a">
      <Execution id="e071b16b-fc38-4ee1-991d-eac52de68455" />
[...]
    </UnitTest>
    <UnitTest name="FileBasedApp.Toolkit.Tests.StringExtensionsTest.NullCheck_ReturnsExpectedResult(value: null, check: NullOrWhitespace, expected: True)" storage="d:\code\filebasedapp.toolkit\source\filebasedapp\filebasedapp.toolkit.tests\bin\debug\net10.0\filebasedapp.toolkit.tests.dll" id="21213db3-8166-1fba-1490-550fb87672c3">
      <Execution id="992ed4d9-821d-4639-9e1e-4f6cc37eba22" />
      <TestMethod codeBase="D:\code\FileBasedApp.Toolkit\Source\FileBasedApp\FileBasedApp.Toolkit.Tests\bin\Debug\net10.0\FileBasedApp.Toolkit.Tests.dll" adapterTypeName="executor://xunit/VsTestRunner3/netcore/" className="FileBasedApp.Toolkit.Tests.StringExtensionsTest" name="NullCheck_ReturnsExpectedResult" />
    </UnitTest>
    <UnitTest name="FileBasedApp.Toolkit.Tests.IOExtensionsTest.SafeDeleteDirectory_PassesExceptionToHandler" storage="d:\code\filebasedapp.toolkit\source\filebasedapp\filebasedapp.toolkit.tests\bin\debug\net10.0\filebasedapp.toolkit.tests.dll" id="593d0cb6-2585-e0f2-b07f-fa8b07a73387">
      <Execution id="738a2b0b-5358-4a2a-8bb4-8e75f208ab02" />
      <TestMethod codeBase="D:\code\FileBasedApp.Toolkit\Source\FileBasedApp\FileBasedApp.Toolkit.Tests\bin\Debug\net10.0\FileBasedApp.Toolkit.Tests.dll" adapterTypeName="executor://xunit/VsTestRunner3/netcore/" className="FileBasedApp.Toolkit.Tests.IOExtensionsTest" name="SafeDeleteDirectory_PassesExceptionToHandler" />
    </UnitTest>
    <UnitTest name="FileBasedApp.Toolkit.Tests.StringExtensionsTest.NullCheck_ReturnsExpectedResult(value: &quot;hello&quot;, check: NullOrWhitespace, expected: False)" storage="d:\code\filebasedapp.toolkit\source\filebasedapp\filebasedapp.toolkit.tests\bin\debug\net10.0\filebasedapp.toolkit.tests.dll" id="f6507339-098f-946c-47c7-1e9d2e641d33">
      <Execution id="ce9849cc-7a54-41d2-90ad-4e890e813699" />
      <TestMethod codeBase="D:\code\FileBasedApp.Toolkit\Source\FileBasedApp\FileBasedApp.Toolkit.Tests\bin\Debug\net10.0\FileBasedApp.Toolkit.Tests.dll" adapterTypeName="executor://xunit/VsTestRunner3/netcore/" className="FileBasedApp.Toolkit.Tests.StringExtensionsTest" name="NullCheck_ReturnsExpectedResult" />
    </UnitTest>
  </TestDefinitions>
  <TestEntries>
    <TestEntry testId="340e3409-41ab-9915-0e5d-fcca69fd991a" executionId="557b2880-b0f2-4d18-ba98-8a10a91387b2" testListId="8c84fa94-04c1-424b-9868-57a2d4851a1d" />
    <TestEntry testId="9564e915-939b-1c62-e166-119312b0a620" executionId="84209e1c-76ec-4700-9477-6925300b334e" testListId="8c84fa94-04c1-424b-9868-57a2d4851a1d" />
    <TestEntry testId="bf1f6eb4-2dc8-fbd6-6fad-f352aa6aaf52" executionId="76dcbaea-6139-4c61-9331-9b61c09238c8" testListId="8c84fa94-04c1-424b-9868-57a2d4851a1d" />
    <TestEntry testId="e1029ff0-ab45-258b-ca79-588834f0b3b9" executionId="82414dd1-de88-4bdf-95d4-76a0874fd6b2" testListId="8c84fa94-04c1-424b-9868-57a2d4851a1d" />
    <TestEntry testId="c92ac2c9-ae79-8a67-8758-67955f83d0d8" executionId="a5624d06-cd18-404d-a55d-bbfec3ff2029" testListId="8c84fa94-04c1-424b-9868-57a2d4851a1d" />
    <TestEntry testId="021f4121-d99c-e993-8923-66122381c88c" executionId="15e377a5-867c-4e6f-96ff-5688ff9c459a" testListId="8c84fa94-04c1-424b-9868-57a2d4851a1d" />
    <TestEntry testId="cd68ee74-b771-0578-6ac9-96c973a7c071" executionId="aa05676e-ee8a-4bde-b294-a2565bc52870" testListId="8c84fa94-04c1-424b-9868-57a2d4851a1d" />
    <TestEntry testId="09878e65-7130-1541-b314-086e94a97683" executionId="ff254f8b-9f33-4e18-acc6-8eb657af903d" testListId="8c84fa94-04c1-424b-9868-57a2d4851a1d" />
    <TestEntry testId="9c2b8c3a-2ff5-2375-f538-6b61ad717779" executionId="4ba65bea-f34c-4967-b86f-2b0de527103a" testListId="8c84fa94-04c1-424b-9868-57a2d4851a1d" />
    <TestEntry testId="8c4712d4-8b55-db73-82a7-0d58f840b220" executionId="7091ae6c-87f7-4649-94ee-369e7568c9c1" testListId="8c84fa94-04c1-424b-9868-57a2d4851a1d" />
    <TestEntry testId="3b3db218-18f6-8901-2bae-61e0326c7bd4" executionId="a4f9a500-2138-4024-86ee-c383ba484f73" testListId="8c84fa94-04c1-424b-9868-57a2d4851a1d" />
    <TestEntry testId="7380bf4c-15e6-4979-f3ff-fbe65b974d38" executionId="2c438e64-43d8-4297-8415-f56e32530575" testListId="8c84fa94-04c1-424b-9868-57a2d4851a1d" />
    <TestEntry testId="d54e8d65-544a-d4e6-587d-223820648d58" executionId="a5d29cbe-225c-475b-a5ee-79241c67130f" testListId="8c84fa94-04c1-424b-9868-57a2d4851a1d" />
    <TestEntry testId="cf79c229-7f19-cc9d-b3a1-a65eaa8fde0c" executionId="915c7220-d235-48ee-a1cb-402ed9ee0e61" testListId="8c84fa94-04c1-424b-9868-57a2d4851a1d" />
    <TestEntry testId="21e8f116-2d1b-bd13-b5c8-e7dc818ce6af" executionId="94286f67-0fd7-4621-bde8-add43df4ef5b" testListId="8c84fa94-04c1-424b-9868-57a2d4851a1d" />
    <TestEntry testId="c29d2a7d-51da-6c9d-4854-02e7680bea5f" executionId="d61f06d9-8dfd-444b-8434-622fb26d752e" testListId="8c84fa94-04c1-424b-9868-57a2d4851a1d" />
    <TestEntry testId="2f8206cf-fe63-e78e-ba47-d9b4956edb4f" executionId="f2f7d7bf-713b-4ffc-9a1d-a246bd200555" testListId="8c84fa94-04c1-424b-9868-57a2d4851a1d" />
    <TestEntry testId="bbd87715-e988-1df7-3d99-adc21a959148" executionId="93a8cecf-9f2b-4c5d-9544-074a12a8b2b3" testListId="8c84fa94-04c1-424b-9868-57a2d4851a1d" />
    <TestEntry testId="8f7ff804-9846-f2af-fc9b-f9614f2a7286" executionId="c87257ed-103d-44a5-b273-fb9f2efbf2e5" testListId="8c84fa94-04c1-424b-9868-57a2d4851a1d" />
    <TestEntry testId="fd904ddf-c8c9-a180-cb8b-de14eedc38bc" executionId="30be7094-c036-43ff-886c-29f04cfae63f" testListId="8c84fa94-04c1-424b-9868-57a2d4851a1d" />
    <TestEntry testId="867b867a-f381-e75c-167a-cc82f4d27318" executionId="0939c693-e22a-4f64-a5e8-7f0cee0e4512" testListId="8c84fa94-04c1-424b-9868-57a2d4851a1d" />
    <TestEntry testId="77e2cc33-2d6f-f764-15fe-1dbd9b961671" executionId="5e3c9b7c-4b90-40fa-85e0-701f0dbef692" testListId="8c84fa94-04c1-424b-9868-57a2d4851a1d" />
    <TestEntry testId="f469510c-b189-8efc-ecf2-f80dcdb5d539" executionId="5b655f37-9c32-4bc1-8bca-e2ac37620bcc" testListId="8c84fa94-04c1-424b-9868-57a2d4851a1d" />
    <TestEntry testId="ed3088b9-f337-6ba5-7ca0-b0d5d8c9c842" executionId="8b7d47f2-3db3-42d8-93fe-e85a0c23c625" testListId="8c84fa94-04c1-424b-9868-57a2d4851a1d" />
    <TestEntry testId="9ffa894b-238e-f20c-d3fd-853a82fc5567" executionId="659a93fa-2cc8-4013-9379-b039bf3c5ea2" testListId="8c84fa94-04c1-424b-9868-57a2d4851a1d" />
    <TestEntry testId="1f21f60b-6448-a233-4383-4a1cdfdd0ead" executionId="646e493c-e999-41ef-9e4d-5090cfd170c4" testListId="8c84fa94-04c1-424b-9868-57a2d4851a1d" />
    <TestEntry testId="ade33423-b2ba-6260-a0cd-f74448fcfebf" executionId="7468adc8-8a7d-4eb7-9f88-a4059aaa4a61" testListId="8c84fa94-04c1-424b-9868-57a2d4851a1d" />
    <TestEntry testId="e115503c-c3fa-ce77-a450-f78c8a11b4c8" executionId="43edb7e1-5e5c-4e9c-8a6d-9806c242610e" testListId="8c84fa94-04c1-424b-9868-57a2d4851a1d" />
    <TestEntry testId="b382f108-404f-d47b-0ead-e92c0053240e" executionId="eb0eb3f2-81dc-46bd-b82a-377df3c7d4eb" testListId="8c84fa94-04c1-424b-9868-57a2d4851a1d" />
    <TestEntry testId="6c9d3d80-51a4-e4cc-d2f7-9bf0d01abc9d" executionId="bb84e944-ae2c-4b68-b8a8-960072c2d8ab" testListId="8c84fa94-04c1-424b-9868-57a2d4851a1d" />
    <TestEntry testId="0dc6c786-e622-dc75-7623-dbeb14b352a7" executionId="e5b2a2b5-3721-4b53-98b7-056a5d44158d" testListId="8c84fa94-04c1-424b-9868-57a2d4851a1d" />
    <TestEntry testId="97d2358a-68fb-609f-59cc-5e8da5d97499" executionId="0c2d4baf-f8dd-444e-b02e-b9f6ed2cdc24" testListId="8c84fa94-04c1-424b-9868-57a2d4851a1d" />
    <TestEntry testId="2c5b749a-10eb-e5ce-73d2-d4e846fe822b" executionId="3c43ae1b-d062-48fe-bb47-183106c7aa70" testListId="8c84fa94-04c1-424b-9868-57a2d4851a1d" />
    <TestEntry testId="63d623ef-996c-99e2-11cb-578d018552c9" executionId="ff889975-8c1b-4bcc-b19b-30f8f1f724ce" testListId="8c84fa94-04c1-424b-9868-57a2d4851a1d" />
    <TestEntry testId="cfc84bf3-3755-d02a-513c-8bc12f0bcf79" executionId="9d9b8f58-52fa-4a20-8fb6-15284ae3de47" testListId="8c84fa94-04c1-424b-9868-57a2d4851a1d" />
    <TestEntry testId="87f14075-a470-72cc-9f26-26c338e70110" executionId="ebd2db1e-a36e-4cd1-9ab8-a698556a74ce" testListId="8c84fa94-04c1-424b-9868-57a2d4851a1d" />
    <TestEntry testId="96e1afc2-71b3-a464-5683-a9fb9e811a0f" executionId="06f5a3e7-ea32-4357-8aee-227f16503248" testListId="8c84fa94-04c1-424b-9868-57a2d4851a1d" />
    <TestEntry testId="618beac6-b2f0-3a5c-dabc-a225cdf57364" executionId="5bd6d31d-484e-406a-af34-caf87a935e31" testListId="8c84fa94-04c1-424b-9868-57a2d4851a1d" />
    <TestEntry testId="8a5f7935-d5ca-5953-647e-a5205c0e6854" executionId="670653b5-520f-437b-b26b-7f9246195f6a" testListId="8c84fa94-04c1-424b-9868-57a2d4851a1d" />
    <TestEntry testId="4eb23d4f-d74b-e36d-3a74-816c14079631" executionId="38ecac83-9f08-4f71-88fc-f6ac5e587838" testListId="8c84fa94-04c1-424b-9868-57a2d4851a1d" />
    <TestEntry testId="04a11c00-0f69-f770-8520-f8e591ee4b1c" executionId="9e420867-68fe-49dd-bbcd-d90d648e8d87" testListId="8c84fa94-04c1-424b-9868-57a2d4851a1d" />
    <TestEntry testId="cea898ea-6ad9-f5b4-2052-550b0404e14f" executionId="d9b4b81e-d6b3-4901-b0bc-23656fc79d58" testListId="8c84fa94-04c1-424b-9868-57a2d4851a1d" />
    <TestEntry testId="bd99a81c-a8e8-67d2-f6c0-4198eab7d1d1" executionId="85d121bb-3609-4cfa-b152-70e6d618e3af" testListId="8c84fa94-04c1-424b-9868-57a2d4851a1d" />
    <TestEntry testId="33f66893-f5c2-560e-6985-5e489bfd0f2f" executionId="901d9c29-da05-4aab-843b-690138e84d65" testListId="8c84fa94-04c1-424b-9868-57a2d4851a1d" />
    <TestEntry testId="54df141f-5c70-df9c-dade-426979239637" executionId="b5dbab0a-3447-429f-a0fd-44ad6c1cb904" testListId="8c84fa94-04c1-424b-9868-57a2d4851a1d" />
    <TestEntry testId="9c812707-4e5c-6f44-4074-82a3d656c8e4" executionId="8bd72933-83b0-4a8d-9d39-7366c7e71c96" testListId="8c84fa94-04c1-424b-9868-57a2d4851a1d" />
    <TestEntry testId="ff44aceb-1dad-72b0-157d-b8f9af94e255" executionId="e999ed8e-260f-4c03-8ffa-7276a3658246" testListId="8c84fa94-04c1-424b-9868-57a2d4851a1d" />
    <TestEntry testId="99211c9a-7f0c-af12-b282-40c6895708cd" executionId="6fd09e34-a8d7-43e0-b167-2c6e2a9ac047" testListId="8c84fa94-04c1-424b-9868-57a2d4851a1d" />
    <TestEntry testId="d121121c-20bf-1fe3-1fde-42ebabb915b5" executionId="69391a0c-6667-4ae1-8ad7-410b435ceb4c" testListId="8c84fa94-04c1-424b-9868-57a2d4851a1d" />
    <TestEntry testId="4d957379-34e6-770c-8e63-1b330aa8f53b" executionId="b08c9253-0f9e-44f0-a814-6b530f6f4680" testListId="8c84fa94-04c1-424b-9868-57a2d4851a1d" />
    <TestEntry testId="a9332d3a-7f0b-0bb0-b037-275119107002" executionId="019617e4-5596-4a48-8157-5418e8f46c8c" testListId="8c84fa94-04c1-424b-9868-57a2d4851a1d" />
    <TestEntry testId="768d30f8-982e-7be0-a6c1-8ef05f7a72d8" executionId="be4d04ad-1c6c-4a75-b7bc-e3eb2f8b69b1" testListId="8c84fa94-04c1-424b-9868-57a2d4851a1d" />
    <TestEntry testId="6779b88d-fc59-173c-eacc-e4efdade4196" executionId="89d72ff1-f92e-4056-a7bf-aa075063f66e" testListId="8c84fa94-04c1-424b-9868-57a2d4851a1d" />
    <TestEntry testId="f6507339-098f-946c-47c7-1e9d2e641d33" executionId="ce9849cc-7a54-41d2-90ad-4e890e813699" testListId="8c84fa94-04c1-424b-9868-57a2d4851a1d" />
    <TestEntry testId="9eabf247-c9f6-a001-ca46-ec07a5104420" executionId="5d5b0cc0-b33e-4085-8925-24d47de1595e" testListId="8c84fa94-04c1-424b-9868-57a2d4851a1d" />
    <TestEntry testId="593d0cb6-2585-e0f2-b07f-fa8b07a73387" executionId="738a2b0b-5358-4a2a-8bb4-8e75f208ab02" testListId="8c84fa94-04c1-424b-9868-57a2d4851a1d" />
    <TestEntry testId="625889f2-b81f-b0c0-e89a-eeb00742f6bd" executionId="beb3a485-83ef-42a9-b786-99b9dd0125a7" testListId="8c84fa94-04c1-424b-9868-57a2d4851a1d" />
    <TestEntry testId="5ddfb5fc-8e56-3069-9cc8-0e63911a1b90" executionId="f7854b1a-b5cf-4bc5-9669-bcc8473771ae" testListId="8c84fa94-04c1-424b-9868-57a2d4851a1d" />
    <TestEntry testId="d7321667-a16d-a405-959a-3a09a5e7a687" executionId="39fcba3e-046a-4913-b7ed-60a3006b9301" testListId="8c84fa94-04c1-424b-9868-57a2d4851a1d" />
    <TestEntry testId="c40317cd-7db4-0c48-23bd-49c308cd39e4" executionId="31d2f841-e893-48f0-aaee-bb6427290e71" testListId="8c84fa94-04c1-424b-9868-57a2d4851a1d" />
    <TestEntry testId="134ca248-3ab1-757c-504a-2c21d90db250" executionId="57a1cced-d0c2-40d7-baf3-50d24f0fb219" testListId="8c84fa94-04c1-424b-9868-57a2d4851a1d" />
    <TestEntry testId="3d51f04c-d888-39b8-4a22-04dd460f0f09" executionId="9932fa2e-9069-45ae-95e9-76a73a89b5da" testListId="8c84fa94-04c1-424b-9868-57a2d4851a1d" />
    <TestEntry testId="cc2c360e-520e-4559-9913-cd20efcfeb05" executionId="d2a655f8-1e54-4777-8fd5-c5e9c7ea8bc0" testListId="8c84fa94-04c1-424b-9868-57a2d4851a1d" />
    <TestEntry testId="03fbab43-3ccd-b5f9-163d-c26fa183acf7" executionId="1edaefee-f9c2-4ce4-8d24-41fde492e45c" testListId="8c84fa94-04c1-424b-9868-57a2d4851a1d" />
    <TestEntry testId="064956b7-ec46-bd9b-b533-d31f6b18da38" executionId="90d747d7-d005-44a3-82ae-b88e2cb36ec6" testListId="8c84fa94-04c1-424b-9868-57a2d4851a1d" />
    <TestEntry testId="21213db3-8166-1fba-1490-550fb87672c3" executionId="992ed4d9-821d-4639-9e1e-4f6cc37eba22" testListId="8c84fa94-04c1-424b-9868-57a2d4851a1d" />
    <TestEntry testId="797e684d-8be6-1611-6e34-f2a275623450" executionId="e2a2419b-49b5-411d-9394-667fea92ed06" testListId="8c84fa94-04c1-424b-9868-57a2d4851a1d" />
    <TestEntry testId="f4d3591f-282b-6c3d-d9c5-8c34518b38ce" executionId="c5f51e3f-663b-40b3-b414-c417c4457124" testListId="8c84fa94-04c1-424b-9868-57a2d4851a1d" />
    <TestEntry testId="e16c9a88-8fa8-6f67-2661-9c37d57ecd31" executionId="f80f2575-bf35-4d3c-b5e8-3204b5e7cf5b" testListId="8c84fa94-04c1-424b-9868-57a2d4851a1d" />
    <TestEntry testId="7aab44a9-1440-b5de-acc4-d98bcc4ab7e0" executionId="c38a1014-a3bc-4565-9f11-ea240a58320e" testListId="8c84fa94-04c1-424b-9868-57a2d4851a1d" />
    <TestEntry testId="05062a5d-fb9e-5ecd-0f4d-a4e69aee5aaa" executionId="1e2b0884-a361-459a-be2b-c9b0675a5865" testListId="8c84fa94-04c1-424b-9868-57a2d4851a1d" />
    <TestEntry testId="858432a5-ff99-5a14-7c0f-c0908abae172" executionId="341128ee-a88f-4101-9a25-bc583f42275a" testListId="8c84fa94-04c1-424b-9868-57a2d4851a1d" />
    <TestEntry testId="d89d543b-198a-94a8-4bd2-c84ee986677c" executionId="620db07e-d07a-4db2-a4e8-36c6ae273649" testListId="8c84fa94-04c1-424b-9868-57a2d4851a1d" />
    <TestEntry testId="c6687cf7-5400-f053-da88-3ec268592e61" executionId="0e68e9d1-b1d1-4818-8a42-9e5dfa92e873" testListId="8c84fa94-04c1-424b-9868-57a2d4851a1d" />
    <TestEntry testId="bbc84640-6555-28d0-3bc9-ec697bd9c819" executionId="86a75a46-dbc9-45d2-8b03-df22c51da1f9" testListId="8c84fa94-04c1-424b-9868-57a2d4851a1d" />
    <TestEntry testId="9a09b2b9-9a01-36d2-7e5c-75f16de7d6bc" executionId="4cf4750a-8825-4ebe-b03a-cba984ea3de9" testListId="8c84fa94-04c1-424b-9868-57a2d4851a1d" />
    <TestEntry testId="dea39721-046e-0fbf-8fc8-da4abc872d2a" executionId="982d1109-f910-4993-8b68-d05e25fd8358" testListId="8c84fa94-04c1-424b-9868-57a2d4851a1d" />
    <TestEntry testId="e3702f0a-b151-3fc8-e156-528e72c1fcf1" executionId="67d4d6dc-d8dd-4c83-8c75-205be66dc744" testListId="8c84fa94-04c1-424b-9868-57a2d4851a1d" />
    <TestEntry testId="f85e223b-9847-f377-550d-bb58f64d25df" executionId="be84b75a-c218-48bd-8393-341f3f2e6b35" testListId="8c84fa94-04c1-424b-9868-57a2d4851a1d" />
    <TestEntry testId="3fe0daad-dd39-6f62-204c-9245c8659294" executionId="685ef99c-fef5-4ff7-96f1-462eb0263e18" testListId="8c84fa94-04c1-424b-9868-57a2d4851a1d" />
    <TestEntry testId="9133ba1e-06c6-1f1d-6e79-542e3ac3f3e4" executionId="4098555a-722e-4942-86fd-ffcba31a6284" testListId="8c84fa94-04c1-424b-9868-57a2d4851a1d" />
    <TestEntry testId="66126260-e0ab-3cf2-7b53-2063095efb73" executionId="1b9a2ac8-a219-48ec-a87e-d612b605860d" testListId="8c84fa94-04c1-424b-9868-57a2d4851a1d" />
    <TestEntry testId="50fdc899-274d-cecc-7d02-b68c5f7252c0" executionId="49d0a19d-8967-4e27-843e-cefaf52e869b" testListId="8c84fa94-04c1-424b-9868-57a2d4851a1d" />
    <TestEntry testId="65af5af5-350b-302b-fb88-d626dc403e4c" executionId="1ef6f68b-304d-4881-8cb9-71e4d82a55d9" testListId="8c84fa94-04c1-424b-9868-57a2d4851a1d" />
    <TestEntry testId="1b80e75f-92e6-93e4-1423-3d35f1d1c1d8" executionId="8c9d2e6b-ca30-4285-96b0-960db1e94cf1" testListId="8c84fa94-04c1-424b-9868-57a2d4851a1d" />
    <TestEntry testId="f5c07989-bff9-a755-38e1-8a109dd883b1" executionId="d9da9e20-f4c4-42d8-885c-c3f063801a54" testListId="8c84fa94-04c1-424b-9868-57a2d4851a1d" />
    <TestEntry testId="7745c892-da9e-5475-7ae4-0af236e76297" executionId="97642386-9558-48ad-ae36-fb5d4985dd70" testListId="8c84fa94-04c1-424b-9868-57a2d4851a1d" />
    <TestEntry testId="b86ce6e6-f285-ee4e-fcd1-24616aaacc7a" executionId="e071b16b-fc38-4ee1-991d-eac52de68455" testListId="8c84fa94-04c1-424b-9868-57a2d4851a1d" />
    <TestEntry testId="e6f3229d-aec8-0062-b333-d3b4388b1c4d" executionId="0d5ddf1b-6a61-49b1-886a-ff95e8fd0ada" testListId="8c84fa94-04c1-424b-9868-57a2d4851a1d" />
    <TestEntry testId="7c7d71ff-5aac-f7c4-9aa0-7ea2716d8dc8" executionId="47a50ead-f965-4119-aa10-7f46d5341eee" testListId="8c84fa94-04c1-424b-9868-57a2d4851a1d" />
    <TestEntry testId="dbd590ef-b8ad-f1fb-c2bc-a95225b8bd07" executionId="f081e1c8-d6cb-4e1c-8761-5f83b1b563be" testListId="8c84fa94-04c1-424b-9868-57a2d4851a1d" />
    <TestEntry testId="b4f1d2d2-2a8b-7a26-5d53-dd856545513d" executionId="700684f5-66bc-4b41-8c95-cd9071a458d5" testListId="8c84fa94-04c1-424b-9868-57a2d4851a1d" />
    <TestEntry testId="9132dce2-f54c-af66-a41b-7182b7d86350" executionId="e4a9cb82-c6ad-4b1a-9481-c75bf2895b89" testListId="8c84fa94-04c1-424b-9868-57a2d4851a1d" />
    <TestEntry testId="8cb8443c-d6d8-4372-cfec-df08c9c0ff48" executionId="60eba961-b4ae-4a61-ac19-db18c08ac62f" testListId="8c84fa94-04c1-424b-9868-57a2d4851a1d" />
    <TestEntry testId="de4d4b6b-1a0e-b6be-8cb2-48455120bfb2" executionId="ae1d086d-2afc-4a8d-a376-a696b84ddffc" testListId="8c84fa94-04c1-424b-9868-57a2d4851a1d" />
    <TestEntry testId="7438a50c-acfd-5378-05de-ae24a37cf58c" executionId="7b028bb8-a50f-428d-adc9-2947908dec17" testListId="8c84fa94-04c1-424b-9868-57a2d4851a1d" />
    <TestEntry testId="58ab79b0-b6f2-5137-8fae-f89626b991b3" executionId="b57c867b-a2b0-4fa0-841e-24ecfe8d9a6b" testListId="8c84fa94-04c1-424b-9868-57a2d4851a1d" />
  </TestEntries>
  <TestLists>
    <TestList name="Results Not in a List" id="8c84fa94-04c1-424b-9868-57a2d4851a1d" />
    <TestList name="All Loaded Results" id="19431567-8539-422a-85d7-44ee4e166bda" />
  </TestLists>
  <ResultSummary outcome="Completed">
    <Counters total="97" executed="97" passed="97" failed="0" error="0" timeout="0" aborted="0" inconclusive="0" passedButRunAborted="0" notRunnable="0" notExecuted="0" disconnected="0" warning="0" completed="0" inProgress="0" pending="0" />
    <Output>
      <StdOut>[xUnit.net 00:00:00.00] xUnit.net VSTest Adapter v3.1.5+1b188a7b0a (64-bit .NET 10.0.4)&#xD;
[xUnit.net 00:00:00.15]   Discovering: FileBasedApp.Toolkit.Tests&#xD;
[xUnit.net 00:00:00.28]   Discovered:  FileBasedApp.Toolkit.Tests&#xD;
[xUnit.net 00:00:00.34]   Starting:    FileBasedApp.Toolkit.Tests&#xD;
     Warning:&#xD;
     The component "Fluent Assertions" is governed by the rules defined in the Xceed License Agreement and&#xD;
     the Xceed Fluent Assertions Community License. You may use Fluent Assertions free of charge for&#xD;
     non-commercial use only. An active subscription is required to use Fluent Assertions for commercial use.&#xD;
     Please contact Xceed Sales mailto:sales@xceed.com to acquire a subscription at a very low cost.&#xD;
     A paid commercial license supports the development and continued increasing support of&#xD;
     Fluent Assertions users under both commercial and community licenses. Help us&#xD;
     keep Fluent Assertions at the forefront of unit testing.&#xD;
     For more information, visit https://xceed.com/products/unit-testing/fluent-assertions/&#xD;
[xUnit.net 00:00:00.62]   Finished:    FileBasedApp.Toolkit.Tests&#xD;
</StdOut>
    </Output>
  </ResultSummary>
</TestRun>