<?xml version="1.0" encoding="utf-8"?>
<TestRun id="9c39c174-b747-42f3-85bf-164827032804" name="jayki@DESKTOP-RHANN0P 2026-03-11 13:22:12" runUser="DESKTOP-RHANN0P\jayki" xmlns="http://microsoft.com/schemas/VisualStudio/TeamTest/2010">
  <Times creation="2026-03-11T13:22:12.6903145+01:00" queuing="2026-03-11T13:22:12.6903153+01:00" start="2026-03-11T13:22:11.2744972+01:00" finish="2026-03-11T13:22:12.7054886+01:00" />
  <TestSettings name="default" id="12bf1aed-4e8a-4a6f-98ef-fc59c60b0910">
    <Deployment runDeploymentRoot="jayki_DESKTOP-RHANN0P_2026-03-11_13_22_12" />
  </TestSettings>
  <Results>
    <UnitTestResult executionId="7ba1c96e-0fbd-4e6e-a309-038c20d1c0b4" testId="9133ba1e-06c6-1f1d-6e79-542e3ac3f3e4" testName="FileBasedApp.Toolkit.Tests.PathUtilTest.AnalyzeFilePath_MultipleRootsSecondMatch_FileShouldNotExist" computerName="DESKTOP-RHANN0P" duration="00:00:00.0007342" startTime="2026-03-11T13:22:12.5141805+01:00" endTime="2026-03-11T13:22:12.5147355+01:00" testType="13cdc9d9-ddb5-4fa4-a97d-d965ccfc6d4b" outcome="Passed" testListId="8c84fa94-04c1-424b-9868-57a2d4851a1d" relativeResultsDirectory="7ba1c96e-0fbd-4e6e-a309-038c20d1c0b4" />
    <UnitTestResult executionId="0739c04d-f086-435c-8e24-762444ebe87d" testId="134ca248-3ab1-757c-504a-2c21d90db250" testName="FileBasedApp.Toolkit.Tests.PathUtilTest.AnalyzeFilePath_NoRoots_FileShouldExists" computerName="DESKTOP-RHANN0P" duration="00:00:00.0037816" startTime="2026-03-11T13:22:12.5114746+01:00" endTime="2026-03-11T13:22:12.5139452+01:00" testType="13cdc9d9-ddb5-4fa4-a97d-d965ccfc6d4b" outcome="Passed" testListId="8c84fa94-04c1-424b-9868-57a2d4851a1d" relativeResultsDirectory="0739c04d-f086-435c-8e24-762444ebe87d" />
    <UnitTestResult executionId="787b5cba-9ad1-4c84-a854-80f0703c745d" testId="6b8155d7-77f4-4fb1-bb18-0ae3d95e064b" testName="FileBasedApp.Toolkit.Tests.AbsolutePathExtensionsTest.GetAncestors_ShouldGenerateExpectedResult" computerName="DESKTOP-RHANN0P" duration="00:00:00.0362535" startTime="2026-03-11T13:22:12.4451308+01:00" endTime="2026-03-11T13:22:12.4878394+01:00" testType="13cdc9d9-ddb5-4fa4-a97d-d965ccfc6d4b" outcome="Passed" testListId="8c84fa94-04c1-424b-9868-57a2d4851a1d" relativeResultsDirectory="787b5cba-9ad1-4c84-a854-80f0703c745d" />
    <UnitTestResult executionId="2f87c427-8eb0-4885-845b-5405381a3207" testId="9ffa894b-238e-f20c-d3fd-853a82fc5567" testName="FileBasedApp.Toolkit.Tests.PathUtilTest.AnalyzeFilePath_MultipleRootsNoMatch_FileShouldNotExist" computerName="DESKTOP-RHANN0P" duration="00:00:00.0613763" startTime="2026-03-11T13:22:12.4426344+01:00" endTime="2026-03-11T13:22:12.5100944+01:00" testType="13cdc9d9-ddb5-4fa4-a97d-d965ccfc6d4b" outcome="Passed" testListId="8c84fa94-04c1-424b-9868-57a2d4851a1d" relativeResultsDirectory="2f87c427-8eb0-4885-845b-5405381a3207" />
  </Results>
  <TestDefinitions>
    <UnitTest name="FileBasedApp.Toolkit.Tests.PathUtilTest.AnalyzeFilePath_MultipleRootsSecondMatch_FileShouldNotExist" storage="d:\code\filebasedapp.toolkit\source\filebasedapp.toolkit.tests\bin\debug\net10.0\filebasedapp.toolkit.tests.dll" id="9133ba1e-06c6-1f1d-6e79-542e3ac3f3e4">
      <Execution id="7ba1c96e-0fbd-4e6e-a309-038c20d1c0b4" />
      <TestMethod codeBase="D:\code\FileBasedApp.Toolkit\Source\FileBasedApp.Toolkit.Tests\bin\Debug\net10.0\FileBasedApp.Toolkit.Tests.dll" adapterTypeName="executor://xunit/VsTestRunner3/netcore/" className="FileBasedApp.Toolkit.Tests.PathUtilTest" name="AnalyzeFilePath_MultipleRootsSecondMatch_FileShouldNotExist" />
    </UnitTest>
    <UnitTest name="FileBasedApp.Toolkit.Tests.AbsolutePathExtensionsTest.GetAncestors_ShouldGenerateExpectedResult" storage="d:\code\filebasedapp.toolkit\source\filebasedapp.toolkit.tests\bin\debug\net10.0\filebasedapp.toolkit.tests.dll" id="6b8155d7-77f4-4fb1-bb18-0ae3d95e064b">
      <Execution id="787b5cba-9ad1-4c84-a854-80f0703c745d" />
      <TestMethod codeBase="D:\code\FileBasedApp.Toolkit\Source\FileBasedApp.Toolkit.Tests\bin\Debug\net10.0\FileBasedApp.Toolkit.Tests.dll" adapterTypeName="executor://xunit/VsTestRunner3/netcore/" className="FileBasedApp.Toolkit.Tests.AbsolutePathExtensionsTest" name="GetAncestors_ShouldGenerateExpectedResult" />
    </UnitTest>
    <UnitTest name="FileBasedApp.Toolkit.Tests.PathUtilTest.AnalyzeFilePath_MultipleRootsNoMatch_FileShouldNotExist" storage="d:\code\filebasedapp.toolkit\source\filebasedapp.toolkit.tests\bin\debug\net10.0\filebasedapp.toolkit.tests.dll" id="9ffa894b-238e-f20c-d3fd-853a82fc5567">
      <Execution id="2f87c427-8eb0-4885-845b-5405381a3207" />
      <TestMethod codeBase="D:\code\FileBasedApp.Toolkit\Source\FileBasedApp.Toolkit.Tests\bin\Debug\net10.0\FileBasedApp.Toolkit.Tests.dll" adapterTypeName="executor://xunit/VsTestRunner3/netcore/" className="FileBasedApp.Toolkit.Tests.PathUtilTest" name="AnalyzeFilePath_MultipleRootsNoMatch_FileShouldNotExist" />
    </UnitTest>
    <UnitTest name="FileBasedApp.Toolkit.Tests.PathUtilTest.AnalyzeFilePath_NoRoots_FileShouldExists" storage="d:\code\filebasedapp.toolkit\source\filebasedapp.toolkit.tests\bin\debug\net10.0\filebasedapp.toolkit.tests.dll" id="134ca248-3ab1-757c-504a-2c21d90db250">
      <Execution id="0739c04d-f086-435c-8e24-762444ebe87d" />
      <TestMethod codeBase="D:\code\FileBasedApp.Toolkit\Source\FileBasedApp.Toolkit.Tests\bin\Debug\net10.0\FileBasedApp.Toolkit.Tests.dll" adapterTypeName="executor://xunit/VsTestRunner3/netcore/" className="FileBasedApp.Toolkit.Tests.PathUtilTest" name="AnalyzeFilePath_NoRoots_FileShouldExists" />
    </UnitTest>
  </TestDefinitions>
  <TestEntries>
    <TestEntry testId="9133ba1e-06c6-1f1d-6e79-542e3ac3f3e4" executionId="7ba1c96e-0fbd-4e6e-a309-038c20d1c0b4" testListId="8c84fa94-04c1-424b-9868-57a2d4851a1d" />
    <TestEntry testId="134ca248-3ab1-757c-504a-2c21d90db250" executionId="0739c04d-f086-435c-8e24-762444ebe87d" testListId="8c84fa94-04c1-424b-9868-57a2d4851a1d" />
    <TestEntry testId="6b8155d7-77f4-4fb1-bb18-0ae3d95e064b" executionId="787b5cba-9ad1-4c84-a854-80f0703c745d" testListId="8c84fa94-04c1-424b-9868-57a2d4851a1d" />
    <TestEntry testId="9ffa894b-238e-f20c-d3fd-853a82fc5567" executionId="2f87c427-8eb0-4885-845b-5405381a3207" testListId="8c84fa94-04c1-424b-9868-57a2d4851a1d" />
  </TestEntries>
  <TestLists>
    <TestList name="Results Not in a List" id="8c84fa94-04c1-424b-9868-57a2d4851a1d" />
    <TestList name="All Loaded Results" id="19431567-8539-422a-85d7-44ee4e166bda" />
  </TestLists>
  <ResultSummary outcome="Completed">
    <Counters total="4" executed="4" passed="4" failed="0" error="0" timeout="0" aborted="0" inconclusive="0" passedButRunAborted="0" notRunnable="0" notExecuted="0" disconnected="0" warning="0" completed="0" inProgress="0" pending="0" />
    <Output>
      <StdOut>[xUnit.net 00:00:00.00] xUnit.net VSTest Adapter v3.1.5+1b188a7b0a (64-bit .NET 10.0.4)&#xD;
[xUnit.net 00:00:00.17]   Discovering: FileBasedApp.Toolkit.Tests&#xD;
[xUnit.net 00:00:00.28]   Discovered:  FileBasedApp.Toolkit.Tests&#xD;
[xUnit.net 00:00:00.32]   Starting:    FileBasedApp.Toolkit.Tests&#xD;
     Warning:&#xD;
     The component "Fluent Assertions" is governed by the rules defined in the Xceed License Agreement and&#xD;
     the Xceed Fluent Assertions Community License. You may use Fluent Assertions free of charge for&#xD;
     non-commercial use only. An active subscription is required to use Fluent Assertions for commercial use.&#xD;
     Please contact Xceed Sales mailto:sales@xceed.com to acquire a subscription at a very low cost.&#xD;
     A paid commercial license supports the development and continued increasing support of&#xD;
     Fluent Assertions users under both commercial and community licenses. Help us&#xD;
     keep Fluent Assertions at the forefront of unit testing.&#xD;
     For more information, visit https://xceed.com/products/unit-testing/fluent-assertions/&#xD;
[xUnit.net 00:00:00.43]   Finished:    FileBasedApp.Toolkit.Tests&#xD;
</StdOut>
    </Output>
  </ResultSummary>
</TestRun>