<?xml version="1.0" encoding="utf-8"?>
<TestRun id="a2d203e8-c442-4843-912e-dfc6db347457" name="jayki@DESKTOP-RHANN0P 2026-03-22 22:02:14" runUser="DESKTOP-RHANN0P\jayki" xmlns="http://microsoft.com/schemas/VisualStudio/TeamTest/2010">
  <Times creation="2026-03-22T22:02:14.1711179+01:00" queuing="2026-03-22T22:02:14.1711183+01:00" start="2026-03-22T22:02:12.7248809+01:00" finish="2026-03-22T22:02:14.3331330+01:00" />
  <TestSettings name="default" id="32e49cab-21e3-4b4f-814e-eb18739e57d6">
    <Deployment runDeploymentRoot="jayki_DESKTOP-RHANN0P_2026-03-22_22_02_14" />
  </TestSettings>
  <Results>
    <UnitTestResult executionId="7dc03f55-5326-454f-9acd-c160db9a0cb6" testId="867b867a-f381-e75c-167a-cc82f4d27318" testName="FileBasedApp.Toolkit.Tests.EnumerableExtensionsTest.GetSingleOrNull_WithCustomMultipleMatchesError_ThrowsWithCustomMessage" computerName="DESKTOP-RHANN0P" duration="00:00:00.0011321" startTime="2026-03-22T22:02:14.1160116+01:00" endTime="2026-03-22T22:02:14.1161023+01:00" testType="13cdc9d9-ddb5-4fa4-a97d-d965ccfc6d4b" outcome="Passed" testListId="8c84fa94-04c1-424b-9868-57a2d4851a1d" relativeResultsDirectory="7dc03f55-5326-454f-9acd-c160db9a0cb6" />
    <UnitTestResult executionId="2952ad56-10d2-46e8-a327-c42ac1d9c9c8" testId="021f4121-d99c-e993-8923-66122381c88c" testName="FileBasedApp.Toolkit.Tests.IOExtensionsTest.FindInFiles_WithStreamPredicate_EmptySource_ReturnsEmpty" computerName="DESKTOP-RHANN0P" duration="00:00:00.0004183" startTime="2026-03-22T22:02:14.1297581+01:00" endTime="2026-03-22T22:02:14.1298204+01:00" testType="13cdc9d9-ddb5-4fa4-a97d-d965ccfc6d4b" outcome="Passed" testListId="8c84fa94-04c1-424b-9868-57a2d4851a1d" relativeResultsDirectory="2952ad56-10d2-46e8-a327-c42ac1d9c9c8" />
    <UnitTestResult executionId="0d777f6c-973e-4108-ad4d-a1bb6fb3103d" testId="134ca248-3ab1-757c-504a-2c21d90db250" testName="FileBasedApp.Toolkit.Tests.PathUtilTest.AnalyzeFilePath_NoRoots_FileShouldExists" computerName="DESKTOP-RHANN0P" duration="00:00:00.0009030" startTime="2026-03-22T22:02:14.1290043+01:00" endTime="2026-03-22T22:02:14.1290710+01:00" testType="13cdc9d9-ddb5-4fa4-a97d-d965ccfc6d4b" outcome="Passed" testListId="8c84fa94-04c1-424b-9868-57a2d4851a1d" relativeResultsDirectory="0d777f6c-973e-4108-ad4d-a1bb6fb3103d" />
    <UnitTestResult executionId="dc564945-3e71-4e98-86ba-5c19ca689f1a" testId="c6687cf7-5400-f053-da88-3ec268592e61" testName="FileBasedApp.Toolkit.Tests.EnumerableExtensionsTest.GetFirstRequired_ThrowsExceptionWhenNoMatch" computerName="DESKTOP-RHANN0P" duration="00:00:00.0007834" startTime="2026-03-22T22:02:14.1178149+01:00" endTime="2026-03-22T22:02:14.1178782+01:00" testType="13cdc9d9-ddb5-4fa4-a97d-d965ccfc6d4b" outcome="Passed" testListId="8c84fa94-04c1-424b-9868-57a2d4851a1d" relativeResultsDirectory="dc564945-3e71-4e98-86ba-5c19ca689f1a" />
    <UnitTestResult executionId="7e0a6c92-b723-4e12-87d1-7854598edee8" testId="340e3409-41ab-9915-0e5d-fcca69fd991a" testName="FileBasedApp.Toolkit.Tests.ExtendedCommandSettingsTest.LoadSetting_WithCustomDeserializer_UsesOverriddenDeserializer" computerName="DESKTOP-RHANN0P" duration="00:00:00.0175947" startTime="2026-03-22T22:02:14.1660866+01:00" endTime="2026-03-22T22:02:14.1828525+01:00" testType="13cdc9d9-ddb5-4fa4-a97d-d965ccfc6d4b" outcome="Passed" testListId="8c84fa94-04c1-424b-9868-57a2d4851a1d" relativeResultsDirectory="7e0a6c92-b723-4e12-87d1-7854598edee8" />
    <UnitTestResult executionId="03aa42ed-88ec-4d1f-bf76-3204ac6e7963" testId="7438a50c-acfd-5378-05de-ae24a37cf58c" testName="FileBasedApp.Toolkit.Tests.SimpleExec.SimpleExecRunnerTest.Run_PassesCreateNoWindow(method: Run)" computerName="DESKTOP-RHANN0P" duration="00:00:00.0004223" startTime="2026-03-22T22:02:14.1778619+01:00" endTime="2026-03-22T22:02:14.1781895+01:00" testType="13cdc9d9-ddb5-4fa4-a97d-d965ccfc6d4b" outcome="Passed" testListId="8c84fa94-04c1-424b-9868-57a2d4851a1d" relativeResultsDirectory="03aa42ed-88ec-4d1f-bf76-3204ac6e7963" />
    <UnitTestResult executionId="a5f23e12-6a9c-4f69-be0b-092aa226b5dc" testId="4eb23d4f-d74b-e36d-3a74-816c14079631" testName="FileBasedApp.Toolkit.Tests.SimpleExec.SimpleExecRunnerTest.Run_PassesEchoPrefix(method: RunAsync)" computerName="DESKTOP-RHANN0P" duration="00:00:00.0003828" startTime="2026-03-22T22:02:14.1927070+01:00" endTime="2026-03-22T22:02:14.1930074+01:00" testType="13cdc9d9-ddb5-4fa4-a97d-d965ccfc6d4b" outcome="Passed" testListId="8c84fa94-04c1-424b-9868-57a2d4851a1d" relativeResultsDirectory="a5f23e12-6a9c-4f69-be0b-092aa226b5dc" />
    <UnitTestResult executionId="4d2ea231-bd2c-4c7c-9fb6-79daf726320b" testId="65af5af5-350b-302b-fb88-d626dc403e4c" testName="FileBasedApp.Toolkit.Tests.EnumerableExtensionsTest.GetSingleRequired_WithCustomErrorMessages_ThrowsWithCustomMessages" computerName="DESKTOP-RHANN0P" duration="00:00:00.0012482" startTime="2026-03-22T22:02:14.1182771+01:00" endTime="2026-03-22T22:02:14.1183365+01:00" testType="13cdc9d9-ddb5-4fa4-a97d-d965ccfc6d4b" outcome="Passed" testListId="8c84fa94-04c1-424b-9868-57a2d4851a1d" relativeResultsDirectory="4d2ea231-bd2c-4c7c-9fb6-79daf726320b" />
    <UnitTestResult executionId="e1632b57-fd25-4736-a26d-c0595623968b" testId="d54e8d65-544a-d4e6-587d-223820648d58" testName="FileBasedApp.Toolkit.Tests.SimpleExec.SimpleExecRunnerTest.Run_PassesWorkingDirectory(method: Run)" computerName="DESKTOP-RHANN0P" duration="00:00:00.0006543" startTime="2026-03-22T22:02:14.1960379+01:00" endTime="2026-03-22T22:02:14.1965278+01:00" testType="13cdc9d9-ddb5-4fa4-a97d-d965ccfc6d4b" outcome="Passed" testListId="8c84fa94-04c1-424b-9868-57a2d4851a1d" relativeResultsDirectory="e1632b57-fd25-4736-a26d-c0595623968b" />
    <UnitTestResult executionId="8936d15a-8696-4d40-b981-19df12e5c56e" testId="cea898ea-6ad9-f5b4-2052-550b0404e14f" testName="FileBasedApp.Toolkit.Tests.SimpleExec.SimpleExecRunnerTest.ReadAsync_PassesCancellationIgnoresProcessTree" computerName="DESKTOP-RHANN0P" duration="00:00:00.0008326" startTime="2026-03-22T22:02:14.2144591+01:00" endTime="2026-03-22T22:02:14.2151811+01:00" testType="13cdc9d9-ddb5-4fa4-a97d-d965ccfc6d4b" outcome="Passed" testListId="8c84fa94-04c1-424b-9868-57a2d4851a1d" relativeResultsDirectory="8936d15a-8696-4d40-b981-19df12e5c56e" />
    <UnitTestResult executionId="c690deeb-0250-443d-863b-c61bfd2e4ceb" testId="05062a5d-fb9e-5ecd-0f4d-a4e69aee5aaa" testName="FileBasedApp.Toolkit.Tests.SimpleExec.SimpleExecRunnerTest.Run_PassesNoEcho(method: RunAsync)" computerName="DESKTOP-RHANN0P" duration="00:00:00.0005683" startTime="2026-03-22T22:02:14.1847464+01:00" endTime="2026-03-22T22:02:14.1848245+01:00" testType="13cdc9d9-ddb5-4fa4-a97d-d965ccfc6d4b" outcome="Passed" testListId="8c84fa94-04c1-424b-9868-57a2d4851a1d" relativeResultsDirectory="c690deeb-0250-443d-863b-c61bfd2e4ceb" />
    <UnitTestResult executionId="4a2aff77-d302-4887-8748-0576a229bcd9" testId="cf79c229-7f19-cc9d-b3a1-a65eaa8fde0c" testName="FileBasedApp.Toolkit.Tests.SimpleExec.SimpleExecRunnerTest.Run_PassesSecrets_WhenArgumentMarkedAsSecret(method: Run)" computerName="DESKTOP-RHANN0P" duration="00:00:00.0010131" startTime="2026-03-22T22:02:14.1913721+01:00" endTime="2026-03-22T22:02:14.1914500+01:00" testType="13cdc9d9-ddb5-4fa4-a97d-d965ccfc6d4b" outcome="Passed" testListId="8c84fa94-04c1-424b-9868-57a2d4851a1d" relativeResultsDirectory="4a2aff77-d302-4887-8748-0576a229bcd9" />
    <UnitTestResult executionId="cfb3143c-acdf-4a93-b894-d1921bf5913b" testId="de4d4b6b-1a0e-b6be-8cb2-48455120bfb2" testName="FileBasedApp.Toolkit.Tests.SimpleExec.SimpleExecRunnerTest.Run_PassesWorkingDirectory(method: RunAsync)" computerName="DESKTOP-RHANN0P" duration="00:00:00.0011471" startTime="2026-03-22T22:02:14.1946597+01:00" endTime="2026-03-22T22:02:14.1958115+01:00" testType="13cdc9d9-ddb5-4fa4-a97d-d965ccfc6d4b" outcome="Passed" testListId="8c84fa94-04c1-424b-9868-57a2d4851a1d" relativeResultsDirectory="cfb3143c-acdf-4a93-b894-d1921bf5913b" />
    <UnitTestResult executionId="16dc0965-802d-4a4f-9152-0637cf6a0bb3" testId="fd904ddf-c8c9-a180-cb8b-de14eedc38bc" testName="FileBasedApp.Toolkit.Tests.SimpleExec.SimpleExecRunnerTest.Run_DefaultValues_PassesExpectedDefaults(method: Run)" computerName="DESKTOP-RHANN0P" duration="00:00:00.1763564" startTime="2026-03-22T22:02:13.9582689+01:00" endTime="2026-03-22T22:02:14.1355110+01:00" testType="13cdc9d9-ddb5-4fa4-a97d-d965ccfc6d4b" outcome="Passed" testListId="8c84fa94-04c1-424b-9868-57a2d4851a1d" relativeResultsDirectory="16dc0965-802d-4a4f-9152-0637cf6a0bb3" />
    <UnitTestResult executionId="9855c350-b0de-4635-b71c-3456eafb1a2e" testId="bd99a81c-a8e8-67d2-f6c0-4198eab7d1d1" testName="FileBasedApp.Toolkit.Tests.ExtendedCommandSettingsTest.LoadSetting_ValidJsonFile_DeserializesCorrectly" computerName="DESKTOP-RHANN0P" duration="00:00:00.0167667" startTime="2026-03-22T22:02:14.1911347+01:00" endTime="2026-03-22T22:02:14.2068333+01:00" testType="13cdc9d9-ddb5-4fa4-a97d-d965ccfc6d4b" outcome="Passed" testListId="8c84fa94-04c1-424b-9868-57a2d4851a1d" relativeResultsDirectory="9855c350-b0de-4635-b71c-3456eafb1a2e" />
    <UnitTestResult executionId="c1287d67-c9e0-405e-9a46-1087bf8f3205" testId="858432a5-ff99-5a14-7c0f-c0908abae172" testName="FileBasedApp.Toolkit.Tests.SimpleExec.SimpleExecRunnerTest.ReadAsync_PassesStandardInput" computerName="DESKTOP-RHANN0P" duration="00:00:00.0009916" startTime="2026-03-22T22:02:14.2118390+01:00" endTime="2026-03-22T22:02:14.2119205+01:00" testType="13cdc9d9-ddb5-4fa4-a97d-d965ccfc6d4b" outcome="Passed" testListId="8c84fa94-04c1-424b-9868-57a2d4851a1d" relativeResultsDirectory="c1287d67-c9e0-405e-9a46-1087bf8f3205" />
    <UnitTestResult executionId="7d387f7f-1a76-430c-8ce4-6f5f113b0795" testId="50fdc899-274d-cecc-7d02-b68c5f7252c0" testName="FileBasedApp.Toolkit.Tests.PathUtilTest.AnalyzeFilePath_FileDoesNotExist_ShouldNotRequireExist" computerName="DESKTOP-RHANN0P" duration="00:00:00.0009125" startTime="2026-03-22T22:02:14.1267759+01:00" endTime="2026-03-22T22:02:14.1284344+01:00" testType="13cdc9d9-ddb5-4fa4-a97d-d965ccfc6d4b" outcome="Passed" testListId="8c84fa94-04c1-424b-9868-57a2d4851a1d" relativeResultsDirectory="7d387f7f-1a76-430c-8ce4-6f5f113b0795" />
    <UnitTestResult executionId="d6c908c9-19e3-4219-90d6-f4984995bde2" testId="9eabf247-c9f6-a001-ca46-ec07a5104420" testName="FileBasedApp.Toolkit.Tests.PathUtilTest.AnalyzeDirectory_EmptyPath_ShouldReturnRoot" computerName="DESKTOP-RHANN0P" duration="00:00:00.0008194" startTime="2026-03-22T22:02:14.1319753+01:00" endTime="2026-03-22T22:02:14.1320313+01:00" testType="13cdc9d9-ddb5-4fa4-a97d-d965ccfc6d4b" outcome="Passed" testListId="8c84fa94-04c1-424b-9868-57a2d4851a1d" relativeResultsDirectory="d6c908c9-19e3-4219-90d6-f4984995bde2" />
    <UnitTestResult executionId="1b63b06c-676c-41bd-9653-75bff84f5949" testId="d121121c-20bf-1fe3-1fde-42ebabb915b5" testName="FileBasedApp.Toolkit.Tests.IOExtensionsTest.FindInFiles_WithRegex_AllText_MatchesAcrossLines" computerName="DESKTOP-RHANN0P" duration="00:00:00.0387496" startTime="2026-03-22T22:02:14.0544383+01:00" endTime="2026-03-22T22:02:14.1185561+01:00" testType="13cdc9d9-ddb5-4fa4-a97d-d965ccfc6d4b" outcome="Passed" testListId="8c84fa94-04c1-424b-9868-57a2d4851a1d" relativeResultsDirectory="1b63b06c-676c-41bd-9653-75bff84f5949" />
    <UnitTestResult executionId="502eb2fd-8bb8-449e-b80a-3b8d8634b1f7" testId="b4f1d2d2-2a8b-7a26-5d53-dd856545513d" testName="FileBasedApp.Toolkit.Tests.SimpleExec.SimpleExecRunnerTest.ReadAsync_PassesWorkingDirectory" computerName="DESKTOP-RHANN0P" duration="00:00:00.0009445" startTime="2026-03-22T22:02:14.2088355+01:00" endTime="2026-03-22T22:02:14.2096760+01:00" testType="13cdc9d9-ddb5-4fa4-a97d-d965ccfc6d4b" outcome="Passed" testListId="8c84fa94-04c1-424b-9868-57a2d4851a1d" relativeResultsDirectory="502eb2fd-8bb8-449e-b80a-3b8d8634b1f7" />
    <UnitTestResult executionId="0530ad5b-aaba-4512-9afb-05c5e57deb0e" testId="96e1afc2-71b3-a464-5683-a9fb9e811a0f" testName="FileBasedApp.Toolkit.Tests.SimpleExec.SimpleExecRunnerTest.Run_PassesNoEcho(method: Run)" computerName="DESKTOP-RHANN0P" duration="00:00:00.0012717" startTime="2026-03-22T22:02:14.1842458+01:00" endTime="2026-03-22T22:02:14.1843705+01:00" testType="13cdc9d9-ddb5-4fa4-a97d-d965ccfc6d4b" outcome="Passed" testListId="8c84fa94-04c1-424b-9868-57a2d4851a1d" relativeResultsDirectory="0530ad5b-aaba-4512-9afb-05c5e57deb0e" />
    <UnitTestResult executionId="0fbe10a2-f1e2-4d09-aebb-0630d12570eb" testId="c29d2a7d-51da-6c9d-4854-02e7680bea5f" testName="FileBasedApp.Toolkit.Tests.EnumerableExtensionsTest.GetSingleOrNull_ThrowsExceptionWhenMultipleMatches" computerName="DESKTOP-RHANN0P" duration="00:00:00.0032755" startTime="2026-03-22T22:02:14.0552979+01:00" endTime="2026-03-22T22:02:14.0553560+01:00" testType="13cdc9d9-ddb5-4fa4-a97d-d965ccfc6d4b" outcome="Passed" testListId="8c84fa94-04c1-424b-9868-57a2d4851a1d" relativeResultsDirectory="0fbe10a2-f1e2-4d09-aebb-0630d12570eb" />
    <UnitTestResult executionId="000adc97-bd0b-48f5-a119-b6f9edbe3f01" testId="9a09b2b9-9a01-36d2-7e5c-75f16de7d6bc" testName="FileBasedApp.Toolkit.Tests.SimpleExec.SimpleExecRunnerTest.ReadAsync_PassesNameAndArguments" computerName="DESKTOP-RHANN0P" duration="00:00:00.0282832" startTime="2026-03-22T22:02:14.1490191+01:00" endTime="2026-03-22T22:02:14.1763926+01:00" testType="13cdc9d9-ddb5-4fa4-a97d-d965ccfc6d4b" outcome="Passed" testListId="8c84fa94-04c1-424b-9868-57a2d4851a1d" relativeResultsDirectory="000adc97-bd0b-48f5-a119-b6f9edbe3f01" />
    <UnitTestResult executionId="58a77064-f925-43d3-ad90-299ca45e7cfe" testId="5ddfb5fc-8e56-3069-9cc8-0e63911a1b90" testName="FileBasedApp.Toolkit.Tests.SimpleExec.SimpleExecRunnerTest.Run_UsesExplicitCommandWrapper_WhenProvided(method: Run)" computerName="DESKTOP-RHANN0P" duration="00:00:00.0025403" startTime="2026-03-22T22:02:14.2037260+01:00" endTime="2026-03-22T22:02:14.2062002+01:00" testType="13cdc9d9-ddb5-4fa4-a97d-d965ccfc6d4b" outcome="Passed" testListId="8c84fa94-04c1-424b-9868-57a2d4851a1d" relativeResultsDirectory="58a77064-f925-43d3-ad90-299ca45e7cfe" />
    <UnitTestResult executionId="e3929603-36ba-48a4-8658-f967ad83811d" testId="e3702f0a-b151-3fc8-e156-528e72c1fcf1" testName="FileBasedApp.Toolkit.Tests.ExtendedCommandSettingsTest.LoadSetting_NullOrWhitespacePath_ReturnsNull(path: &quot;   &quot;)" computerName="DESKTOP-RHANN0P" duration="00:00:00.0013670" startTime="2026-03-22T22:02:14.1855951+01:00" endTime="2026-03-22T22:02:14.1868587+01:00" testType="13cdc9d9-ddb5-4fa4-a97d-d965ccfc6d4b" outcome="Passed" testListId="8c84fa94-04c1-424b-9868-57a2d4851a1d" relativeResultsDirectory="e3929603-36ba-48a4-8658-f967ad83811d" />
    <UnitTestResult executionId="cabae67e-1db3-4609-9a20-36d305b02c33" testId="ed3088b9-f337-6ba5-7ca0-b0d5d8c9c842" testName="FileBasedApp.Toolkit.Tests.ExtendedCommandSettingsTest.LoadSetting_ComplexObject_DeserializesNestedProperties" computerName="DESKTOP-RHANN0P" duration="00:00:00.0642604" startTime="2026-03-22T22:02:14.1323965+01:00" endTime="2026-03-22T22:02:14.1657991+01:00" testType="13cdc9d9-ddb5-4fa4-a97d-d965ccfc6d4b" outcome="Passed" testListId="8c84fa94-04c1-424b-9868-57a2d4851a1d" relativeResultsDirectory="cabae67e-1db3-4609-9a20-36d305b02c33" />
    <UnitTestResult executionId="fa58c087-8bc5-4be6-84d6-a7d69c882779" testId="2f8206cf-fe63-e78e-ba47-d9b4956edb4f" testName="FileBasedApp.Toolkit.Tests.PathUtilTest.AnalyzeFilePath_NullPath_ShouldReturnError" computerName="DESKTOP-RHANN0P" duration="00:00:00.0023647" startTime="2026-03-22T22:02:14.1228648+01:00" endTime="2026-03-22T22:02:14.1247766+01:00" testType="13cdc9d9-ddb5-4fa4-a97d-d965ccfc6d4b" outcome="Passed" testListId="8c84fa94-04c1-424b-9868-57a2d4851a1d" relativeResultsDirectory="fa58c087-8bc5-4be6-84d6-a7d69c882779" />
    <UnitTestResult executionId="b3d451e4-4e50-4f82-a73e-9b3e46ad9fc2" testId="e16c9a88-8fa8-6f67-2661-9c37d57ecd31" testName="FileBasedApp.Toolkit.Tests.SimpleExec.SimpleExecRunnerTest.Run_PassesCancellationIgnoresProcessTree(method: RunAsync)" computerName="DESKTOP-RHANN0P" duration="00:00:00.0004070" startTime="2026-03-22T22:02:14.2128758+01:00" endTime="2026-03-22T22:02:14.2131871+01:00" testType="13cdc9d9-ddb5-4fa4-a97d-d965ccfc6d4b" outcome="Passed" testListId="8c84fa94-04c1-424b-9868-57a2d4851a1d" relativeResultsDirectory="b3d451e4-4e50-4f82-a73e-9b3e46ad9fc2" />
    <UnitTestResult executionId="438c0afb-b638-4c7c-af8a-40cca2ff3bce" testId="b86ce6e6-f285-ee4e-fcd1-24616aaacc7a" testName="FileBasedApp.Toolkit.Tests.EnumerableExtensionsTest.GetSingleRequired_ThrowsExceptionWhenNoMatch" computerName="DESKTOP-RHANN0P" duration="00:00:00.0079161" startTime="2026-03-22T22:02:14.0548201+01:00" endTime="2026-03-22T22:02:14.0548869+01:00" testType="13cdc9d9-ddb5-4fa4-a97d-d965ccfc6d4b" outcome="Passed" testListId="8c84fa94-04c1-424b-9868-57a2d4851a1d" relativeResultsDirectory="438c0afb-b638-4c7c-af8a-40cca2ff3bce" />
    <UnitTestResult executionId="6abf7cfc-0ac7-4e03-950d-59538e04f31f" testId="9132dce2-f54c-af66-a41b-7182b7d86350" testName="FileBasedApp.Toolkit.Tests.EnumerableExtensionsTest.GetSingleRequired_ReturnsSingleMatchingElement" computerName="DESKTOP-RHANN0P" duration="00:00:00.0004419" startTime="2026-03-22T22:02:14.1180551+01:00" endTime="2026-03-22T22:02:14.1181188+01:00" testType="13cdc9d9-ddb5-4fa4-a97d-d965ccfc6d4b" outcome="Passed" testListId="8c84fa94-04c1-424b-9868-57a2d4851a1d" relativeResultsDirectory="6abf7cfc-0ac7-4e03-950d-59538e04f31f" />
    <UnitTestResult executionId="d9ef0c90-966a-4028-bfaa-9796dded9484" testId="33f66893-f5c2-560e-6985-5e489bfd0f2f" testName="FileBasedApp.Toolkit.Tests.SimpleExec.SimpleExecRunnerTest.Run_PassesCancellationIgnoresProcessTree(method: Run)" computerName="DESKTOP-RHANN0P" duration="00:00:00.0009877" startTime="2026-03-22T22:02:14.2122304+01:00" endTime="2026-03-22T22:02:14.2127294+01:00" testType="13cdc9d9-ddb5-4fa4-a97d-d965ccfc6d4b" outcome="Passed" testListId="8c84fa94-04c1-424b-9868-57a2d4851a1d" relativeResultsDirectory="d9ef0c90-966a-4028-bfaa-9796dded9484" />
    <UnitTestResult executionId="a22ac6ab-a546-4a80-bf43-2092a908e4ef" testId="a9332d3a-7f0b-0bb0-b037-275119107002" testName="FileBasedApp.Toolkit.Tests.IOExtensionsTest.FindInFiles_WithRegex_ByLine_NoMatches_ReturnsEmpty" computerName="DESKTOP-RHANN0P" duration="00:00:00.0006629" startTime="2026-03-22T22:02:14.1312338+01:00" endTime="2026-03-22T22:02:14.1313165+01:00" testType="13cdc9d9-ddb5-4fa4-a97d-d965ccfc6d4b" outcome="Passed" testListId="8c84fa94-04c1-424b-9868-57a2d4851a1d" relativeResultsDirectory="a22ac6ab-a546-4a80-bf43-2092a908e4ef" />
    <UnitTestResult executionId="d9176291-ee92-409f-8276-21793ee6e0f3" testId="dbd590ef-b8ad-f1fb-c2bc-a95225b8bd07" testName="FileBasedApp.Toolkit.Tests.SimpleExec.SimpleExecRunnerTest.AddArguments_WithSecret_AddsAllToSecrets" computerName="DESKTOP-RHANN0P" duration="00:00:00.0004432" startTime="2026-03-22T22:02:14.1941957+01:00" endTime="2026-03-22T22:02:14.1945022+01:00" testType="13cdc9d9-ddb5-4fa4-a97d-d965ccfc6d4b" outcome="Passed" testListId="8c84fa94-04c1-424b-9868-57a2d4851a1d" relativeResultsDirectory="d9176291-ee92-409f-8276-21793ee6e0f3" />
    <UnitTestResult executionId="73b2fc5b-04b3-4a94-a5c9-5c401a1d8932" testId="8cb8443c-d6d8-4372-cfec-df08c9c0ff48" testName="FileBasedApp.Toolkit.Tests.SimpleExec.SimpleExecRunnerTest.Run_DefaultValues_PassesExpectedDefaults(method: RunAsync)" computerName="DESKTOP-RHANN0P" duration="00:00:00.0103383" startTime="2026-03-22T22:02:14.1357033+01:00" endTime="2026-03-22T22:02:14.1459412+01:00" testType="13cdc9d9-ddb5-4fa4-a97d-d965ccfc6d4b" outcome="Passed" testListId="8c84fa94-04c1-424b-9868-57a2d4851a1d" relativeResultsDirectory="73b2fc5b-04b3-4a94-a5c9-5c401a1d8932" />
    <UnitTestResult executionId="00114cec-510c-42cf-9ca5-0e46e415ad9e" testId="58ab79b0-b6f2-5137-8fae-f89626b991b3" testName="FileBasedApp.Toolkit.Tests.EnumerableExtensionsTest.GetFirstOrNull_ReturnsNullWhenNoMatch" computerName="DESKTOP-RHANN0P" duration="00:00:00.0003436" startTime="2026-03-22T22:02:14.1223510+01:00" endTime="2026-03-22T22:02:14.1224052+01:00" testType="13cdc9d9-ddb5-4fa4-a97d-d965ccfc6d4b" outcome="Passed" testListId="8c84fa94-04c1-424b-9868-57a2d4851a1d" relativeResultsDirectory="00114cec-510c-42cf-9ca5-0e46e415ad9e" />
    <UnitTestResult executionId="6fcb6999-3447-4fe1-9896-e488b0e17dbc" testId="04a11c00-0f69-f770-8520-f8e591ee4b1c" testName="FileBasedApp.Toolkit.Tests.SimpleExec.SimpleExecRunnerTest.Run_PassesExitCodeHandler(method: Run)" computerName="DESKTOP-RHANN0P" duration="00:00:00.0013167" startTime="2026-03-22T22:02:14.1850235+01:00" endTime="2026-03-22T22:02:14.1860442+01:00" testType="13cdc9d9-ddb5-4fa4-a97d-d965ccfc6d4b" outcome="Passed" testListId="8c84fa94-04c1-424b-9868-57a2d4851a1d" relativeResultsDirectory="6fcb6999-3447-4fe1-9896-e488b0e17dbc" />
    <UnitTestResult executionId="4aeeab2e-1810-4f8a-951d-785b1c4511ed" testId="03fbab43-3ccd-b5f9-163d-c26fa183acf7" testName="FileBasedApp.Toolkit.Tests.EnumerableExtensionsTest.GetSingleRequired_ThrowsExceptionWhenMultipleMatches" computerName="DESKTOP-RHANN0P" duration="00:00:00.0008855" startTime="2026-03-22T22:02:14.1184674+01:00" endTime="2026-03-22T22:02:14.1217634+01:00" testType="13cdc9d9-ddb5-4fa4-a97d-d965ccfc6d4b" outcome="Passed" testListId="8c84fa94-04c1-424b-9868-57a2d4851a1d" relativeResultsDirectory="4aeeab2e-1810-4f8a-951d-785b1c4511ed" />
    <UnitTestResult executionId="d71ac34a-d37e-4e65-a70f-bbdcd03aa877" testId="87f14075-a470-72cc-9f26-26c338e70110" testName="FileBasedApp.Toolkit.Tests.SimpleExec.SimpleExecRunnerTest.AddArguments_AddsMultipleArguments" computerName="DESKTOP-RHANN0P" duration="00:00:00.0034816" startTime="2026-03-22T22:02:14.1866733+01:00" endTime="2026-03-22T22:02:14.1911925+01:00" testType="13cdc9d9-ddb5-4fa4-a97d-d965ccfc6d4b" outcome="Passed" testListId="8c84fa94-04c1-424b-9868-57a2d4851a1d" relativeResultsDirectory="d71ac34a-d37e-4e65-a70f-bbdcd03aa877" />
    <UnitTestResult executionId="84666175-714d-44c8-89f1-e2f5ecfc4ea3" testId="9564e915-939b-1c62-e166-119312b0a620" testName="FileBasedApp.Toolkit.Tests.SimpleExec.SimpleExecRunnerTest.Run_UsesExplicitCommandWrapper_WhenProvided(method: RunAsync)" computerName="DESKTOP-RHANN0P" duration="00:00:00.0007136" startTime="2026-03-22T22:02:14.2064014+01:00" endTime="2026-03-22T22:02:14.2070373+01:00" testType="13cdc9d9-ddb5-4fa4-a97d-d965ccfc6d4b" outcome="Passed" testListId="8c84fa94-04c1-424b-9868-57a2d4851a1d" relativeResultsDirectory="84666175-714d-44c8-89f1-e2f5ecfc4ea3" />
    <UnitTestResult executionId="6be9fc4d-34f9-4911-b20f-bfe8d052b409" testId="c40317cd-7db4-0c48-23bd-49c308cd39e4" testName="FileBasedApp.Toolkit.Tests.EnumerableExtensionsTest.GetSingleOrNull_ReturnsNullWhenNoMatch" computerName="DESKTOP-RHANN0P" duration="00:00:00.0007812" startTime="2026-03-22T22:02:14.1221416+01:00" endTime="2026-03-22T22:02:14.1222086+01:00" testType="13cdc9d9-ddb5-4fa4-a97d-d965ccfc6d4b" outcome="Passed" testListId="8c84fa94-04c1-424b-9868-57a2d4851a1d" relativeResultsDirectory="6be9fc4d-34f9-4911-b20f-bfe8d052b409" />
    <UnitTestResult executionId="fe2dd484-1609-4ba2-b25c-0fe05e25210b" testId="99211c9a-7f0c-af12-b282-40c6895708cd" testName="FileBasedApp.Toolkit.Tests.IOExtensionsTest.FindInFiles_WithRegex_ByLine_DoesNotMatchAcrossLines" computerName="DESKTOP-RHANN0P" duration="00:00:00.0128047" startTime="2026-03-22T22:02:14.1265011+01:00" endTime="2026-03-22T22:02:14.1295730+01:00" testType="13cdc9d9-ddb5-4fa4-a97d-d965ccfc6d4b" outcome="Passed" testListId="8c84fa94-04c1-424b-9868-57a2d4851a1d" relativeResultsDirectory="fe2dd484-1609-4ba2-b25c-0fe05e25210b" />
    <UnitTestResult executionId="e71cb97d-9ace-4944-b9e6-32563449375d" testId="4d957379-34e6-770c-8e63-1b330aa8f53b" testName="FileBasedApp.Toolkit.Tests.EnumerableExtensionsTest.GetSingleOrNull_NullableSource_ReturnsSingleMatchingElement" computerName="DESKTOP-RHANN0P" duration="00:00:00.0109299" startTime="2026-03-22T22:02:14.1167874+01:00" endTime="2026-03-22T22:02:14.1168586+01:00" testType="13cdc9d9-ddb5-4fa4-a97d-d965ccfc6d4b" outcome="Passed" testListId="8c84fa94-04c1-424b-9868-57a2d4851a1d" relativeResultsDirectory="e71cb97d-9ace-4944-b9e6-32563449375d" />
    <UnitTestResult executionId="66288b1c-cb34-4295-800e-f65a8f876349" testId="7aab44a9-1440-b5de-acc4-d98bcc4ab7e0" testName="FileBasedApp.Toolkit.Tests.SimpleExec.SimpleExecRunnerTest.Run_PassesNameAndArguments(method: RunAsync)" computerName="DESKTOP-RHANN0P" duration="00:00:00.0005440" startTime="2026-03-22T22:02:14.2082192+01:00" endTime="2026-03-22T22:02:14.2086620+01:00" testType="13cdc9d9-ddb5-4fa4-a97d-d965ccfc6d4b" outcome="Passed" testListId="8c84fa94-04c1-424b-9868-57a2d4851a1d" relativeResultsDirectory="66288b1c-cb34-4295-800e-f65a8f876349" />
    <UnitTestResult executionId="78927501-cfd1-4f62-8b7a-c6ecbbbf1d1d" testId="6779b88d-fc59-173c-eacc-e4efdade4196" testName="FileBasedApp.Toolkit.Tests.EnumerableExtensionsTest.GetFirstRequired_WithCustomErrorMessage_ThrowsWithCustomMessage" computerName="DESKTOP-RHANN0P" duration="00:00:00.0008689" startTime="2026-03-22T22:02:14.1170338+01:00" endTime="2026-03-22T22:02:14.1170971+01:00" testType="13cdc9d9-ddb5-4fa4-a97d-d965ccfc6d4b" outcome="Passed" testListId="8c84fa94-04c1-424b-9868-57a2d4851a1d" relativeResultsDirectory="78927501-cfd1-4f62-8b7a-c6ecbbbf1d1d" />
    <UnitTestResult executionId="331b90e7-c463-41ea-9df8-5a7935caea58" testId="b382f108-404f-d47b-0ead-e92c0053240e" testName="FileBasedApp.Toolkit.Tests.SimpleExec.SimpleExecRunnerTest.AddArgumentPair_AddsTwoarguments" computerName="DESKTOP-RHANN0P" duration="00:00:00.0053703" startTime="2026-03-22T22:02:14.2027051+01:00" endTime="2026-03-22T22:02:14.2028016+01:00" testType="13cdc9d9-ddb5-4fa4-a97d-d965ccfc6d4b" outcome="Passed" testListId="8c84fa94-04c1-424b-9868-57a2d4851a1d" relativeResultsDirectory="331b90e7-c463-41ea-9df8-5a7935caea58" />
    <UnitTestResult executionId="69ce0eea-8706-44bf-994c-3657c3b56286" testId="1b80e75f-92e6-93e4-1423-3d35f1d1c1d8" testName="FileBasedApp.Toolkit.Tests.PathUtilTest.GetRootFolder_InvalidPredefinedRootPath_ShouldThrow" computerName="DESKTOP-RHANN0P" duration="00:00:00.0180618" startTime="2026-03-22T22:02:14.1295060+01:00" endTime="2026-03-22T22:02:14.1318267+01:00" testType="13cdc9d9-ddb5-4fa4-a97d-d965ccfc6d4b" outcome="Passed" testListId="8c84fa94-04c1-424b-9868-57a2d4851a1d" relativeResultsDirectory="69ce0eea-8706-44bf-994c-3657c3b56286" />
    <UnitTestResult executionId="86686a2b-dcaa-4076-be18-64d2f6e43c7e" testId="63d623ef-996c-99e2-11cb-578d018552c9" testName="FileBasedApp.Toolkit.Tests.SimpleExec.SimpleExecRunnerTest.Run_PassesNameAndArguments(method: Run)" computerName="DESKTOP-RHANN0P" duration="00:00:00.0010108" startTime="2026-03-22T22:02:14.2071904+01:00" endTime="2026-03-22T22:02:14.2080697+01:00" testType="13cdc9d9-ddb5-4fa4-a97d-d965ccfc6d4b" outcome="Passed" testListId="8c84fa94-04c1-424b-9868-57a2d4851a1d" relativeResultsDirectory="86686a2b-dcaa-4076-be18-64d2f6e43c7e" />
    <UnitTestResult executionId="b96d5c14-209e-42d4-8e2d-626037af51bc" testId="97d2358a-68fb-609f-59cc-5e8da5d97499" testName="FileBasedApp.Toolkit.Tests.EnumerableExtensionsTest.GetFirstRequired_ReturnsFirstMatchingElement" computerName="DESKTOP-RHANN0P" duration="00:00:00.0006602" startTime="2026-03-22T22:02:14.0550502+01:00" endTime="2026-03-22T22:02:14.0551196+01:00" testType="13cdc9d9-ddb5-4fa4-a97d-d965ccfc6d4b" outcome="Passed" testListId="8c84fa94-04c1-424b-9868-57a2d4851a1d" relativeResultsDirectory="b96d5c14-209e-42d4-8e2d-626037af51bc" />
    <UnitTestResult executionId="39758cd8-615e-4d67-9a28-5e04cafaf075" testId="797e684d-8be6-1611-6e34-f2a275623450" testName="FileBasedApp.Toolkit.Tests.ExtendedCommandSettingsTest.LoadSetting_FileDoesNotExist_ThrowsInvalidOperationException" computerName="DESKTOP-RHANN0P" duration="00:00:00.0029284" startTime="2026-03-22T22:02:14.1870537+01:00" endTime="2026-03-22T22:02:14.1899402+01:00" testType="13cdc9d9-ddb5-4fa4-a97d-d965ccfc6d4b" outcome="Passed" testListId="8c84fa94-04c1-424b-9868-57a2d4851a1d" relativeResultsDirectory="39758cd8-615e-4d67-9a28-5e04cafaf075" />
    <UnitTestResult executionId="8da5c6b1-575c-4210-9c68-37fd227a1566" testId="cfc84bf3-3755-d02a-513c-8bc12f0bcf79" testName="FileBasedApp.Toolkit.Tests.SimpleExec.SimpleExecRunnerTest.Run_PassesSecrets_WhenArgumentMarkedAsSecret(method: RunAsync)" computerName="DESKTOP-RHANN0P" duration="00:00:00.0004213" startTime="2026-03-22T22:02:14.1915994+01:00" endTime="2026-03-22T22:02:14.1916595+01:00" testType="13cdc9d9-ddb5-4fa4-a97d-d965ccfc6d4b" outcome="Passed" testListId="8c84fa94-04c1-424b-9868-57a2d4851a1d" relativeResultsDirectory="8da5c6b1-575c-4210-9c68-37fd227a1566" />
    <UnitTestResult executionId="4b422951-ce0c-4086-91f7-adde69ae90be" testId="2c5b749a-10eb-e5ce-73d2-d4e846fe822b" testName="FileBasedApp.Toolkit.Tests.SimpleExec.SimpleExecRunnerTest.ReadAsync_DefaultValues_PassesExpectedDefaults" computerName="DESKTOP-RHANN0P" duration="00:00:00.0010084" startTime="2026-03-22T22:02:14.2153475+01:00" endTime="2026-03-22T22:02:14.2162467+01:00" testType="13cdc9d9-ddb5-4fa4-a97d-d965ccfc6d4b" outcome="Passed" testListId="8c84fa94-04c1-424b-9868-57a2d4851a1d" relativeResultsDirectory="4b422951-ce0c-4086-91f7-adde69ae90be" />
    <UnitTestResult executionId="510edf1d-2472-44b6-bb4d-288c41402a4e" testId="7c7d71ff-5aac-f7c4-9aa0-7ea2716d8dc8" testName="FileBasedApp.Toolkit.Tests.SimpleExec.SimpleExecRunnerTest.ReadAsync_PassesEncoding" computerName="DESKTOP-RHANN0P" duration="00:00:00.0009613" startTime="2026-03-22T22:02:14.1931681+01:00" endTime="2026-03-22T22:02:14.1940374+01:00" testType="13cdc9d9-ddb5-4fa4-a97d-d965ccfc6d4b" outcome="Passed" testListId="8c84fa94-04c1-424b-9868-57a2d4851a1d" relativeResultsDirectory="510edf1d-2472-44b6-bb4d-288c41402a4e" />
    <UnitTestResult executionId="6d6a47be-57ac-4aec-bcb9-142c8483345b" testId="9133ba1e-06c6-1f1d-6e79-542e3ac3f3e4" testName="FileBasedApp.Toolkit.Tests.PathUtilTest.AnalyzeFilePath_MultipleRootsSecondMatch_FileShouldNotExist" computerName="DESKTOP-RHANN0P" duration="00:00:00.0009891" startTime="2026-03-22T22:02:14.1292399+01:00" endTime="2026-03-22T22:02:14.1293112+01:00" testType="13cdc9d9-ddb5-4fa4-a97d-d965ccfc6d4b" outcome="Passed" testListId="8c84fa94-04c1-424b-9868-57a2d4851a1d" relativeResultsDirectory="6d6a47be-57ac-4aec-bcb9-142c8483345b" />
    <UnitTestResult executionId="f2a0a2f8-bb86-49b8-9904-5c7328365579" testId="3d51f04c-d888-39b8-4a22-04dd460f0f09" testName="FileBasedApp.Toolkit.Tests.IOExtensionsTest.FindInFiles_WithStreamPredicate_NoMatches_ReturnsEmpty" computerName="DESKTOP-RHANN0P" duration="00:00:00.0010873" startTime="2026-03-22T22:02:14.1299840+01:00" endTime="2026-03-22T22:02:14.1300435+01:00" testType="13cdc9d9-ddb5-4fa4-a97d-d965ccfc6d4b" outcome="Passed" testListId="8c84fa94-04c1-424b-9868-57a2d4851a1d" relativeResultsDirectory="f2a0a2f8-bb86-49b8-9904-5c7328365579" />
    <UnitTestResult executionId="9ea80eda-a9f2-46af-92c7-3e37f94a6c21" testId="8f7ff804-9846-f2af-fc9b-f9614f2a7286" testName="FileBasedApp.Toolkit.Tests.SimpleExec.SimpleExecRunnerTest.Run_PassesCreateNoWindow(method: RunAsync)" computerName="DESKTOP-RHANN0P" duration="00:00:00.0012181" startTime="2026-03-22T22:02:14.1766555+01:00" endTime="2026-03-22T22:02:14.1776896+01:00" testType="13cdc9d9-ddb5-4fa4-a97d-d965ccfc6d4b" outcome="Passed" testListId="8c84fa94-04c1-424b-9868-57a2d4851a1d" relativeResultsDirectory="9ea80eda-a9f2-46af-92c7-3e37f94a6c21" />
    <UnitTestResult executionId="043d1b4c-ca46-4b35-8fc3-1eadc89361fe" testId="21e8f116-2d1b-bd13-b5c8-e7dc818ce6af" testName="FileBasedApp.Toolkit.Tests.SimpleExec.SimpleExecRunnerTest.Run_PassesConfigureEnvironment(method: RunAsync)" computerName="DESKTOP-RHANN0P" duration="00:00:00.0015012" startTime="2026-03-22T22:02:14.1462422+01:00" endTime="2026-03-22T22:02:14.1475409+01:00" testType="13cdc9d9-ddb5-4fa4-a97d-d965ccfc6d4b" outcome="Passed" testListId="8c84fa94-04c1-424b-9868-57a2d4851a1d" relativeResultsDirectory="043d1b4c-ca46-4b35-8fc3-1eadc89361fe" />
    <UnitTestResult executionId="d08324b3-8e2a-498b-aae4-35c3929f6a8e" testId="9ffa894b-238e-f20c-d3fd-853a82fc5567" testName="FileBasedApp.Toolkit.Tests.PathUtilTest.AnalyzeFilePath_MultipleRootsNoMatch_FileShouldNotExist" computerName="DESKTOP-RHANN0P" duration="00:00:00.1071581" startTime="2026-03-22T22:02:13.9583748+01:00" endTime="2026-03-22T22:02:14.1227286+01:00" testType="13cdc9d9-ddb5-4fa4-a97d-d965ccfc6d4b" outcome="Passed" testListId="8c84fa94-04c1-424b-9868-57a2d4851a1d" relativeResultsDirectory="d08324b3-8e2a-498b-aae4-35c3929f6a8e" />
    <UnitTestResult executionId="995c9370-898e-452e-a92f-a79040eecfaa" testId="09878e65-7130-1541-b314-086e94a97683" testName="FileBasedApp.Toolkit.Tests.SimpleExec.SimpleExecRunnerTest.AddSecrets_AppendsToExistingSecrets" computerName="DESKTOP-RHANN0P" duration="00:00:00.0010440" startTime="2026-03-22T22:02:14.2133548+01:00" endTime="2026-03-22T22:02:14.2142940+01:00" testType="13cdc9d9-ddb5-4fa4-a97d-d965ccfc6d4b" outcome="Passed" testListId="8c84fa94-04c1-424b-9868-57a2d4851a1d" relativeResultsDirectory="995c9370-898e-452e-a92f-a79040eecfaa" />
    <UnitTestResult executionId="ea741438-4e00-44e1-a694-bf9d1a8feba2" testId="cc2c360e-520e-4559-9913-cd20efcfeb05" testName="FileBasedApp.Toolkit.Tests.EnumerableExtensionsTest.GetSingleOrNull_NullableSource_ReturnsNullWhenNoMatch" computerName="DESKTOP-RHANN0P" duration="00:00:00.0006003" startTime="2026-03-22T22:02:14.1225707+01:00" endTime="2026-03-22T22:02:14.1226304+01:00" testType="13cdc9d9-ddb5-4fa4-a97d-d965ccfc6d4b" outcome="Passed" testListId="8c84fa94-04c1-424b-9868-57a2d4851a1d" relativeResultsDirectory="ea741438-4e00-44e1-a694-bf9d1a8feba2" />
    <UnitTestResult executionId="3ad5613e-9aec-4c31-8cd2-0cb0205f44e8" testId="54df141f-5c70-df9c-dade-426979239637" testName="FileBasedApp.Toolkit.Tests.SimpleExec.SimpleExecRunnerTest.ReadAsync_PassesExitCodeHandler" computerName="DESKTOP-RHANN0P" duration="00:00:00.0014293" startTime="2026-03-22T22:02:14.2030048+01:00" endTime="2026-03-22T22:02:14.2035302+01:00" testType="13cdc9d9-ddb5-4fa4-a97d-d965ccfc6d4b" outcome="Passed" testListId="8c84fa94-04c1-424b-9868-57a2d4851a1d" relativeResultsDirectory="3ad5613e-9aec-4c31-8cd2-0cb0205f44e8" />
    <UnitTestResult executionId="913c82eb-7b57-4f65-a711-e4cb6c6a829c" testId="f85e223b-9847-f377-550d-bb58f64d25df" testName="FileBasedApp.Toolkit.Tests.PathUtilTest.GetRootFolder_CurrentDirectory_ShouldReturnCurrentWorkingDirectory" computerName="DESKTOP-RHANN0P" duration="00:00:00.0006034" startTime="2026-03-22T22:02:14.1251193+01:00" endTime="2026-03-22T22:02:14.1265818+01:00" testType="13cdc9d9-ddb5-4fa4-a97d-d965ccfc6d4b" outcome="Passed" testListId="8c84fa94-04c1-424b-9868-57a2d4851a1d" relativeResultsDirectory="913c82eb-7b57-4f65-a711-e4cb6c6a829c" />
    <UnitTestResult executionId="a48eab82-2186-4d69-9983-7db9b132e2f6" testId="618beac6-b2f0-3a5c-dabc-a225cdf57364" testName="FileBasedApp.Toolkit.Tests.IOExtensionsTest.FindInFiles_WithRegex_ByLine_ReturnsMatchingFiles" computerName="DESKTOP-RHANN0P" duration="00:00:00.0009538" startTime="2026-03-22T22:02:14.1315519+01:00" endTime="2026-03-22T22:02:14.1316074+01:00" testType="13cdc9d9-ddb5-4fa4-a97d-d965ccfc6d4b" outcome="Passed" testListId="8c84fa94-04c1-424b-9868-57a2d4851a1d" relativeResultsDirectory="a48eab82-2186-4d69-9983-7db9b132e2f6" />
    <UnitTestResult executionId="ccc3fae1-c4e3-411d-84ea-63c91a89a9d4" testId="8a5f7935-d5ca-5953-647e-a5205c0e6854" testName="FileBasedApp.Toolkit.Tests.SimpleExec.SimpleExecRunnerTest.Run_PassesEchoPrefix(method: Run)" computerName="DESKTOP-RHANN0P" duration="00:00:00.0008388" startTime="2026-03-22T22:02:14.1918157+01:00" endTime="2026-03-22T22:02:14.1925694+01:00" testType="13cdc9d9-ddb5-4fa4-a97d-d965ccfc6d4b" outcome="Passed" testListId="8c84fa94-04c1-424b-9868-57a2d4851a1d" relativeResultsDirectory="ccc3fae1-c4e3-411d-84ea-63c91a89a9d4" />
    <UnitTestResult executionId="f891e45d-e474-4b67-aeef-a508fd3d77ea" testId="bbc84640-6555-28d0-3bc9-ec697bd9c819" testName="FileBasedApp.Toolkit.Tests.SimpleExec.SimpleExecRunnerTest.ReadAsync_UsesExplicitCommandWrapper_WhenProvided" computerName="DESKTOP-RHANN0P" duration="00:00:00.0009021" startTime="2026-03-22T22:02:14.2098590+01:00" endTime="2026-03-22T22:02:14.2106368+01:00" testType="13cdc9d9-ddb5-4fa4-a97d-d965ccfc6d4b" outcome="Passed" testListId="8c84fa94-04c1-424b-9868-57a2d4851a1d" relativeResultsDirectory="f891e45d-e474-4b67-aeef-a508fd3d77ea" />
    <UnitTestResult executionId="79460ca1-53f9-4bfd-b4f7-c5f5e41590f3" testId="8c4712d4-8b55-db73-82a7-0d58f840b220" testName="FileBasedApp.Toolkit.Tests.SimpleExec.SimpleExecRunnerTest.Run_PassesExitCodeHandler(method: RunAsync)" computerName="DESKTOP-RHANN0P" duration="00:00:00.0003993" startTime="2026-03-22T22:02:14.1862300+01:00" endTime="2026-03-22T22:02:14.1864893+01:00" testType="13cdc9d9-ddb5-4fa4-a97d-d965ccfc6d4b" outcome="Passed" testListId="8c84fa94-04c1-424b-9868-57a2d4851a1d" relativeResultsDirectory="79460ca1-53f9-4bfd-b4f7-c5f5e41590f3" />
    <UnitTestResult executionId="5349e799-4b31-4718-9747-8ca64c48368e" testId="064956b7-ec46-bd9b-b533-d31f6b18da38" testName="FileBasedApp.Toolkit.Tests.SimpleExec.SimpleExecRunnerTest.AddArgumentPair_WithSecret_OnlyMarksValueAsSecret" computerName="DESKTOP-RHANN0P" duration="00:00:00.0022688" startTime="2026-03-22T22:02:14.1803625+01:00" endTime="2026-03-22T22:02:14.1825884+01:00" testType="13cdc9d9-ddb5-4fa4-a97d-d965ccfc6d4b" outcome="Passed" testListId="8c84fa94-04c1-424b-9868-57a2d4851a1d" relativeResultsDirectory="5349e799-4b31-4718-9747-8ca64c48368e" />
    <UnitTestResult executionId="5fadb791-04a2-4673-b436-756a8f753891" testId="f4d3591f-282b-6c3d-d9c5-8c34518b38ce" testName="FileBasedApp.Toolkit.Tests.EnumerableExtensionsTest.GetFirstOrNull_NoPredicate_ReturnsFirstElement" computerName="DESKTOP-RHANN0P" duration="00:00:00.0007903" startTime="2026-03-22T22:02:14.1172791+01:00" endTime="2026-03-22T22:02:14.1173443+01:00" testType="13cdc9d9-ddb5-4fa4-a97d-d965ccfc6d4b" outcome="Passed" testListId="8c84fa94-04c1-424b-9868-57a2d4851a1d" relativeResultsDirectory="5fadb791-04a2-4673-b436-756a8f753891" />
    <UnitTestResult executionId="8c148515-3cc1-4b0d-ad2c-149e9fa9bce3" testId="dea39721-046e-0fbf-8fc8-da4abc872d2a" testName="FileBasedApp.Toolkit.Tests.EnumerableExtensionsTest.GetSingleOrNull_ReturnsSingleMatchingElement" computerName="DESKTOP-RHANN0P" duration="00:00:00.0004144" startTime="2026-03-22T22:02:14.1219381+01:00" endTime="2026-03-22T22:02:14.1219975+01:00" testType="13cdc9d9-ddb5-4fa4-a97d-d965ccfc6d4b" outcome="Passed" testListId="8c84fa94-04c1-424b-9868-57a2d4851a1d" relativeResultsDirectory="8c148515-3cc1-4b0d-ad2c-149e9fa9bce3" />
    <UnitTestResult executionId="03962295-3547-4b07-a026-4c8c8ffb9902" testId="e6f3229d-aec8-0062-b333-d3b4388b1c4d" testName="FileBasedApp.Toolkit.Tests.EnumerableExtensionsTest.GetFirstOrNull_ReturnsFirstMatchingElement" computerName="DESKTOP-RHANN0P" duration="00:00:00.0541850" startTime="2026-03-22T22:02:13.9551382+01:00" endTime="2026-03-22T22:02:14.0251302+01:00" testType="13cdc9d9-ddb5-4fa4-a97d-d965ccfc6d4b" outcome="Passed" testListId="8c84fa94-04c1-424b-9868-57a2d4851a1d" relativeResultsDirectory="03962295-3547-4b07-a026-4c8c8ffb9902" />
    <UnitTestResult executionId="b4a7d994-7d16-4e90-ac65-95b1f4c730c6" testId="bf1f6eb4-2dc8-fbd6-6fad-f352aa6aaf52" testName="FileBasedApp.Toolkit.Tests.PathUtilTest.AnalyzeDirectory_WithExistingDirectory_ShouldReturnPath" computerName="DESKTOP-RHANN0P" duration="00:00:00.0010395" startTime="2026-03-22T22:02:14.1321677+01:00" endTime="2026-03-22T22:02:14.1322264+01:00" testType="13cdc9d9-ddb5-4fa4-a97d-d965ccfc6d4b" outcome="Passed" testListId="8c84fa94-04c1-424b-9868-57a2d4851a1d" relativeResultsDirectory="b4a7d994-7d16-4e90-ac65-95b1f4c730c6" />
    <UnitTestResult executionId="c7688f97-2a12-44fc-a353-d859789d46ce" testId="f469510c-b189-8efc-ecf2-f80dcdb5d539" testName="FileBasedApp.Toolkit.Tests.EnumerableExtensionsTest.GetFirstRequired_NoPredicate_ReturnsFirstElement" computerName="DESKTOP-RHANN0P" duration="00:00:00.0061109" startTime="2026-03-22T22:02:14.0544010+01:00" endTime="2026-03-22T22:02:14.0545804+01:00" testType="13cdc9d9-ddb5-4fa4-a97d-d965ccfc6d4b" outcome="Passed" testListId="8c84fa94-04c1-424b-9868-57a2d4851a1d" relativeResultsDirectory="c7688f97-2a12-44fc-a353-d859789d46ce" />
    <UnitTestResult executionId="e2641ab4-2dd5-4d11-abe7-80c5fc91a66b" testId="768d30f8-982e-7be0-a6c1-8ef05f7a72d8" testName="FileBasedApp.Toolkit.Tests.IOExtensionsTest.GetAncestors_ShouldGenerateExpectedResult" computerName="DESKTOP-RHANN0P" duration="00:00:00.0627499" startTime="2026-03-22T22:02:13.9584088+01:00" endTime="2026-03-22T22:02:14.0503052+01:00" testType="13cdc9d9-ddb5-4fa4-a97d-d965ccfc6d4b" outcome="Passed" testListId="8c84fa94-04c1-424b-9868-57a2d4851a1d" relativeResultsDirectory="e2641ab4-2dd5-4d11-abe7-80c5fc91a66b" />
    <UnitTestResult executionId="205a71e1-0e1f-448f-a12c-fc9b9aca3eeb" testId="d7321667-a16d-a405-959a-3a09a5e7a687" testName="FileBasedApp.Toolkit.Tests.IOExtensionsTest.FindInFiles_WithStreamPredicate_ReturnsMatchingFiles" computerName="DESKTOP-RHANN0P" duration="00:00:00.0079250" startTime="2026-03-22T22:02:14.1216975+01:00" endTime="2026-03-22T22:02:14.1251981+01:00" testType="13cdc9d9-ddb5-4fa4-a97d-d965ccfc6d4b" outcome="Passed" testListId="8c84fa94-04c1-424b-9868-57a2d4851a1d" relativeResultsDirectory="205a71e1-0e1f-448f-a12c-fc9b9aca3eeb" />
    <UnitTestResult executionId="79f49abc-1ab3-4794-9fa7-cb49599044f0" testId="6c9d3d80-51a4-e4cc-d2f7-9bf0d01abc9d" testName="FileBasedApp.Toolkit.Tests.ExtendedCommandSettingsTest.LoadSetting_NullOrWhitespacePath_ReturnsNull(path: null)" computerName="DESKTOP-RHANN0P" duration="00:00:00.0013315" startTime="2026-03-22T22:02:14.1846966+01:00" endTime="2026-03-22T22:02:14.1854319+01:00" testType="13cdc9d9-ddb5-4fa4-a97d-d965ccfc6d4b" outcome="Passed" testListId="8c84fa94-04c1-424b-9868-57a2d4851a1d" relativeResultsDirectory="79f49abc-1ab3-4794-9fa7-cb49599044f0" />
    <UnitTestResult executionId="c054dee3-557e-469c-8f3a-bfa770d7e890" testId="f5c07989-bff9-a755-38e1-8a109dd883b1" testName="FileBasedApp.Toolkit.Tests.SimpleExec.SimpleExecRunnerTest.ReadAsync_PassesConfigureEnvironment" computerName="DESKTOP-RHANN0P" duration="00:00:00.0018220" startTime="2026-03-22T22:02:14.1783865+01:00" endTime="2026-03-22T22:02:14.1801038+01:00" testType="13cdc9d9-ddb5-4fa4-a97d-d965ccfc6d4b" outcome="Passed" testListId="8c84fa94-04c1-424b-9868-57a2d4851a1d" relativeResultsDirectory="c054dee3-557e-469c-8f3a-bfa770d7e890" />
    <UnitTestResult executionId="2b544e29-0b10-488a-a981-5615f5639bcd" testId="77e2cc33-2d6f-f764-15fe-1dbd9b961671" testName="FileBasedApp.Toolkit.Tests.EnumerableExtensionsTest.GetSingleOrNull_NullableSource_ThrowsExceptionWhenMultipleMatches" computerName="DESKTOP-RHANN0P" duration="00:00:00.0025197" startTime="2026-03-22T22:02:14.1175641+01:00" endTime="2026-03-22T22:02:14.1176308+01:00" testType="13cdc9d9-ddb5-4fa4-a97d-d965ccfc6d4b" outcome="Passed" testListId="8c84fa94-04c1-424b-9868-57a2d4851a1d" relativeResultsDirectory="2b544e29-0b10-488a-a981-5615f5639bcd" />
    <UnitTestResult executionId="3f89c322-fa2f-456d-a3f9-1b3d752a8bdf" testId="625889f2-b81f-b0c0-e89a-eeb00742f6bd" testName="FileBasedApp.Toolkit.Tests.ExtendedCommandSettingsTest.LoadSetting_NullOrWhitespacePath_ReturnsNull(path: &quot;&quot;)" computerName="DESKTOP-RHANN0P" duration="00:00:00.0012952" startTime="2026-03-22T22:02:14.1841996+01:00" endTime="2026-03-22T22:02:14.1845389+01:00" testType="13cdc9d9-ddb5-4fa4-a97d-d965ccfc6d4b" outcome="Passed" testListId="8c84fa94-04c1-424b-9868-57a2d4851a1d" relativeResultsDirectory="3f89c322-fa2f-456d-a3f9-1b3d752a8bdf" />
    <UnitTestResult executionId="3fa5e315-562d-4dd7-a52c-7e59d1aa9be2" testId="3fe0daad-dd39-6f62-204c-9245c8659294" testName="FileBasedApp.Toolkit.Tests.SimpleExec.SimpleExecRunnerTest.Run_PassesConfigureEnvironment(method: Run)" computerName="DESKTOP-RHANN0P" duration="00:00:00.0003867" startTime="2026-03-22T22:02:14.1487289+01:00" endTime="2026-03-22T22:02:14.1488125+01:00" testType="13cdc9d9-ddb5-4fa4-a97d-d965ccfc6d4b" outcome="Passed" testListId="8c84fa94-04c1-424b-9868-57a2d4851a1d" relativeResultsDirectory="3fa5e315-562d-4dd7-a52c-7e59d1aa9be2" />
    <UnitTestResult executionId="c081b04a-f799-4df0-b2c8-daef26334fca" testId="7745c892-da9e-5475-7ae4-0af236e76297" testName="FileBasedApp.Toolkit.Tests.PathUtilTest.AnalyzeDirectory_WithNonExistingDirectory_ShouldReturnError" computerName="DESKTOP-RHANN0P" duration="00:00:00.0017917" startTime="2026-03-22T22:02:14.1287679+01:00" endTime="2026-03-22T22:02:14.1288353+01:00" testType="13cdc9d9-ddb5-4fa4-a97d-d965ccfc6d4b" outcome="Passed" testListId="8c84fa94-04c1-424b-9868-57a2d4851a1d" relativeResultsDirectory="c081b04a-f799-4df0-b2c8-daef26334fca" />
  </Results>
  <TestDefinitions>
    <UnitTest name="FileBasedApp.Toolkit.Tests.PathUtilTest.AnalyzeDirectory_WithNonExistingDirectory_ShouldReturnError" storage="d:\code\filebasedapp.toolkit\source\filebasedapp\filebasedapp.toolkit.tests\bin\debug\net10.0\filebasedapp.toolkit.tests.dll" id="7745c892-da9e-5475-7ae4-0af236e76297">
      <Execution id="c081b04a-f799-4df0-b2c8-daef26334fca" />
      <TestMethod codeBase="D:\code\FileBasedApp.Toolkit\Source\FileBasedApp\FileBasedApp.Toolkit.Tests\bin\Debug\net10.0\FileBasedApp.Toolkit.Tests.dll" adapterTypeName="executor://xunit/VsTestRunner3/netcore/" className="FileBasedApp.Toolkit.Tests.PathUtilTest" name="AnalyzeDirectory_WithNonExistingDirectory_ShouldReturnError" />
    </UnitTest>
    <UnitTest name="FileBasedApp.Toolkit.Tests.SimpleExec.SimpleExecRunnerTest.Run_PassesWorkingDirectory(method: RunAsync)" storage="d:\code\filebasedapp.toolkit\source\filebasedapp\filebasedapp.toolkit.tests\bin\debug\net10.0\filebasedapp.toolkit.tests.dll" id="de4d4b6b-1a0e-b6be-8cb2-48455120bfb2">
      <Execution id="cfb3143c-acdf-4a93-b894-d1921bf5913b" />
      <TestMethod codeBase="D:\code\FileBasedApp.Toolkit\Source\FileBasedApp\FileBasedApp.Toolkit.Tests\bin\Debug\net10.0\FileBasedApp.Toolkit.Tests.dll" adapterTypeName="executor://xunit/VsTestRunner3/netcore/" className="FileBasedApp.Toolkit.Tests.SimpleExec.SimpleExecRunnerTest" name="Run_PassesWorkingDirectory" />
    </UnitTest>
    <UnitTest name="FileBasedApp.Toolkit.Tests.SimpleExec.SimpleExecRunnerTest.Run_PassesCreateNoWindow(method: RunAsync)" storage="d:\code\filebasedapp.toolkit\source\filebasedapp\filebasedapp.toolkit.tests\bin\debug\net10.0\filebasedapp.toolkit.tests.dll" id="8f7ff804-9846-f2af-fc9b-f9614f2a7286">
      <Execution id="9ea80eda-a9f2-46af-92c7-3e37f94a6c21" />
      <TestMethod codeBase="D:\code\FileBasedApp.Toolkit\Source\FileBasedApp\FileBasedApp.Toolkit.Tests\bin\Debug\net10.0\FileBasedApp.Toolkit.Tests.dll" adapterTypeName="executor://xunit/VsTestRunner3/netcore/" className="FileBasedApp.Toolkit.Tests.SimpleExec.SimpleExecRunnerTest" name="Run_PassesCreateNoWindow" />
    </UnitTest>
    <UnitTest name="FileBasedApp.Toolkit.Tests.EnumerableExtensionsTest.GetSingleOrNull_NullableSource_ReturnsNullWhenNoMatch" storage="d:\code\filebasedapp.toolkit\source\filebasedapp\filebasedapp.toolkit.tests\bin\debug\net10.0\filebasedapp.toolkit.tests.dll" id="cc2c360e-520e-4559-9913-cd20efcfeb05">
      <Execution id="ea741438-4e00-44e1-a694-bf9d1a8feba2" />
      <TestMethod codeBase="D:\code\FileBasedApp.Toolkit\Source\FileBasedApp\FileBasedApp.Toolkit.Tests\bin\Debug\net10.0\FileBasedApp.Toolkit.Tests.dll" adapterTypeName="executor://xunit/VsTestRunner3/netcore/" className="FileBasedApp.Toolkit.Tests.EnumerableExtensionsTest" name="GetSingleOrNull_NullableSource_ReturnsNullWhenNoMatch" />
    </UnitTest>
    <UnitTest name="FileBasedApp.Toolkit.Tests.IOExtensionsTest.FindInFiles_WithStreamPredicate_NoMatches_ReturnsEmpty" storage="d:\code\filebasedapp.toolkit\source\filebasedapp\filebasedapp.toolkit.tests\bin\debug\net10.0\filebasedapp.toolkit.tests.dll" id="3d51f04c-d888-39b8-4a22-04dd460f0f09">
      <Execution id="f2a0a2f8-bb86-49b8-9904-5c7328365579" />
      <TestMethod codeBase="D:\code\FileBasedApp.Toolkit\Source\FileBasedApp\FileBasedApp.Toolkit.Tests\bin\Debug\net10.0\FileBasedApp.Toolkit.Tests.dll" adapterTypeName="executor://xunit/VsTestRunner3/netcore/" className="FileBasedApp.Toolkit.Tests.IOExtensionsTest" name="FindInFiles_WithStreamPredicate_NoMatches_ReturnsEmpty" />
    </UnitTest>
    <UnitTest name="FileBasedApp.Toolkit.Tests.EnumerableExtensionsTest.GetSingleOrNull_NullableSource_ThrowsExceptionWhenMultipleMatches" storage="d:\code\filebasedapp.toolkit\source\filebasedapp\filebasedapp.toolkit.tests\bin\debug\net10.0\filebasedapp.toolkit.tests.dll" id="77e2cc33-2d6f-f764-15fe-1dbd9b961671">
      <Execution id="2b544e29-0b10-488a-a981-5615f5639bcd" />
      <TestMethod codeBase="D:\code\FileBasedApp.Toolkit\Source\FileBasedApp\FileBasedApp.Toolkit.Tests\bin\Debug\net10.0\FileBasedApp.Toolkit.Tests.dll" adapterTypeName="executor://xunit/VsTestRunner3/netcore/" className="FileBasedApp.Toolkit.Tests.EnumerableExtensionsTest" name="GetSingleOrNull_NullableSource_ThrowsExceptionWhenMultipleMatches" />
    </UnitTest>
    <UnitTest name="FileBasedApp.Toolkit.Tests.SimpleExec.SimpleExecRunnerTest.Run_UsesExplicitCommandWrapper_WhenProvided(method: RunAsync)" storage="d:\code\filebasedapp.toolkit\source\filebasedapp\filebasedapp.toolkit.tests\bin\debug\net10.0\filebasedapp.toolkit.tests.dll" id="9564e915-939b-1c62-e166-119312b0a620">
      <Execution id="84666175-714d-44c8-89f1-e2f5ecfc4ea3" />
      <TestMethod codeBase="D:\code\FileBasedApp.Toolkit\Source\FileBasedApp\FileBasedApp.Toolkit.Tests\bin\Debug\net10.0\FileBasedApp.Toolkit.Tests.dll" adapterTypeName="executor://xunit/VsTestRunner3/netcore/" className="FileBasedApp.Toolkit.Tests.SimpleExec.SimpleExecRunnerTest" name="Run_UsesExplicitCommandWrapper_WhenProvided" />
    </UnitTest>
    <UnitTest name="FileBasedApp.Toolkit.Tests.IOExtensionsTest.FindInFiles_WithRegex_ByLine_ReturnsMatchingFiles" storage="d:\code\filebasedapp.toolkit\source\filebasedapp\filebasedapp.toolkit.tests\bin\debug\net10.0\filebasedapp.toolkit.tests.dll" id="618beac6-b2f0-3a5c-dabc-a225cdf57364">
      <Execution id="a48eab82-2186-4d69-9983-7db9b132e2f6" />
      <TestMethod codeBase="D:\code\FileBasedApp.Toolkit\Source\FileBasedApp\FileBasedApp.Toolkit.Tests\bin\Debug\net10.0\FileBasedApp.Toolkit.Tests.dll" adapterTypeName="executor://xunit/VsTestRunner3/netcore/" className="FileBasedApp.Toolkit.Tests.IOExtensionsTest" name="FindInFiles_WithRegex_ByLine_ReturnsMatchingFiles" />
    </UnitTest>
    <UnitTest name="FileBasedApp.Toolkit.Tests.SimpleExec.SimpleExecRunnerTest.Run_PassesCancellationIgnoresProcessTree(method: RunAsync)" storage="d:\code\filebasedapp.toolkit\source\filebasedapp\filebasedapp.toolkit.tests\bin\debug\net10.0\filebasedapp.toolkit.tests.dll" id="e16c9a88-8fa8-6f67-2661-9c37d57ecd31">
      <Execution id="b3d451e4-4e50-4f82-a73e-9b3e46ad9fc2" />
      <TestMethod codeBase="D:\code\FileBasedApp.Toolkit\Source\FileBasedApp\FileBasedApp.Toolkit.Tests\bin\Debug\net10.0\FileBasedApp.Toolkit.Tests.dll" adapterTypeName="executor://xunit/VsTestRunner3/netcore/" className="FileBasedApp.Toolkit.Tests.SimpleExec.SimpleExecRunnerTest" name="Run_PassesCancellationIgnoresProcessTree" />
    </UnitTest>
    <UnitTest name="FileBasedApp.Toolkit.Tests.SimpleExec.SimpleExecRunnerTest.Run_PassesExitCodeHandler(method: RunAsync)" storage="d:\code\filebasedapp.toolkit\source\filebasedapp\filebasedapp.toolkit.tests\bin\debug\net10.0\filebasedapp.toolkit.tests.dll" id="8c4712d4-8b55-db73-82a7-0d58f840b220">
      <Execution id="79460ca1-53f9-4bfd-b4f7-c5f5e41590f3" />
      <TestMethod codeBase="D:\code\FileBasedApp.Toolkit\Source\FileBasedApp\FileBasedApp.Toolkit.Tests\bin\Debug\net10.0\FileBasedApp.Toolkit.Tests.dll" adapterTypeName="executor://xunit/VsTestRunner3/netcore/" className="FileBasedApp.Toolkit.Tests.SimpleExec.SimpleExecRunnerTest" name="Run_PassesExitCodeHandler" />
    </UnitTest>
    <UnitTest name="FileBasedApp.Toolkit.Tests.SimpleExec.SimpleExecRunnerTest.AddArguments_WithSecret_AddsAllToSecrets" storage="d:\code\filebasedapp.toolkit\source\filebasedapp\filebasedapp.toolkit.tests\bin\debug\net10.0\filebasedapp.toolkit.tests.dll" id="dbd590ef-b8ad-f1fb-c2bc-a95225b8bd07">
      <Execution id="d9176291-ee92-409f-8276-21793ee6e0f3" />
      <TestMethod codeBase="D:\code\FileBasedApp.Toolkit\Source\FileBasedApp\FileBasedApp.Toolkit.Tests\bin\Debug\net10.0\FileBasedApp.Toolkit.Tests.dll" adapterTypeName="executor://xunit/VsTestRunner3/netcore/" className="FileBasedApp.Toolkit.Tests.SimpleExec.SimpleExecRunnerTest" name="AddArguments_WithSecret_AddsAllToSecrets" />
    </UnitTest>
    <UnitTest name="FileBasedApp.Toolkit.Tests.IOExtensionsTest.FindInFiles_WithRegex_ByLine_NoMatches_ReturnsEmpty" storage="d:\code\filebasedapp.toolkit\source\filebasedapp\filebasedapp.toolkit.tests\bin\debug\net10.0\filebasedapp.toolkit.tests.dll" id="a9332d3a-7f0b-0bb0-b037-275119107002">
      <Execution id="a22ac6ab-a546-4a80-bf43-2092a908e4ef" />
      <TestMethod codeBase="D:\code\FileBasedApp.Toolkit\Source\FileBasedApp\FileBasedApp.Toolkit.Tests\bin\Debug\net10.0\FileBasedApp.Toolkit.Tests.dll" adapterTypeName="executor://xunit/VsTestRunner3/netcore/" className="FileBasedApp.Toolkit.Tests.IOExtensionsTest" name="FindInFiles_WithRegex_ByLine_NoMatches_ReturnsEmpty" />
    </UnitTest>
    <UnitTest name="FileBasedApp.Toolkit.Tests.SimpleExec.SimpleExecRunnerTest.ReadAsync_PassesStandardInput" storage="d:\code\filebasedapp.toolkit\source\filebasedapp\filebasedapp.toolkit.tests\bin\debug\net10.0\filebasedapp.toolkit.tests.dll" id="858432a5-ff99-5a14-7c0f-c0908abae172">
      <Execution id="c1287d67-c9e0-405e-9a46-1087bf8f3205" />
      <TestMethod codeBase="D:\code\FileBasedApp.Toolkit\Source\FileBasedApp\FileBasedApp.Toolkit.Tests\bin\Debug\net10.0\FileBasedApp.Toolkit.Tests.dll" adapterTypeName="executor://xunit/VsTestRunner3/netcore/" className="FileBasedApp.Toolkit.Tests.SimpleExec.SimpleExecRunnerTest" name="ReadAsync_PassesStandardInput" />
    </UnitTest>
    <UnitTest name="FileBasedApp.Toolkit.Tests.SimpleExec.SimpleExecRunnerTest.Run_UsesExplicitCommandWrapper_WhenProvided(method: Run)" storage="d:\code\filebasedapp.toolkit\source\filebasedapp\filebasedapp.toolkit.tests\bin\debug\net10.0\filebasedapp.toolkit.tests.dll" id="5ddfb5fc-8e56-3069-9cc8-0e63911a1b90">
      <Execution id="58a77064-f925-43d3-ad90-299ca45e7cfe" />
      <TestMethod codeBase="D:\code\FileBasedApp.Toolkit\Source\FileBasedApp\FileBasedApp.Toolkit.Tests\bin\Debug\net10.0\FileBasedApp.Toolkit.Tests.dll" adapterTypeName="executor://xunit/VsTestRunner3/netcore/" className="FileBasedApp.Toolkit.Tests.SimpleExec.SimpleExecRunnerTest" name="Run_UsesExplicitCommandWrapper_WhenProvided" />
    </UnitTest>
    <UnitTest name="FileBasedApp.Toolkit.Tests.IOExtensionsTest.FindInFiles_WithStreamPredicate_ReturnsMatchingFiles" storage="d:\code\filebasedapp.toolkit\source\filebasedapp\filebasedapp.toolkit.tests\bin\debug\net10.0\filebasedapp.toolkit.tests.dll" id="d7321667-a16d-a405-959a-3a09a5e7a687">
      <Execution id="205a71e1-0e1f-448f-a12c-fc9b9aca3eeb" />
      <TestMethod codeBase="D:\code\FileBasedApp.Toolkit\Source\FileBasedApp\FileBasedApp.Toolkit.Tests\bin\Debug\net10.0\FileBasedApp.Toolkit.Tests.dll" adapterTypeName="executor://xunit/VsTestRunner3/netcore/" className="FileBasedApp.Toolkit.Tests.IOExtensionsTest" name="FindInFiles_WithStreamPredicate_ReturnsMatchingFiles" />
    </UnitTest>
    <UnitTest name="FileBasedApp.Toolkit.Tests.SimpleExec.SimpleExecRunnerTest.AddSecrets_AppendsToExistingSecrets" storage="d:\code\filebasedapp.toolkit\source\filebasedapp\filebasedapp.toolkit.tests\bin\debug\net10.0\filebasedapp.toolkit.tests.dll" id="09878e65-7130-1541-b314-086e94a97683">
      <Execution id="995c9370-898e-452e-a92f-a79040eecfaa" />
      <TestMethod codeBase="D:\code\FileBasedApp.Toolkit\Source\FileBasedApp\FileBasedApp.Toolkit.Tests\bin\Debug\net10.0\FileBasedApp.Toolkit.Tests.dll" adapterTypeName="executor://xunit/VsTestRunner3/netcore/" className="FileBasedApp.Toolkit.Tests.SimpleExec.SimpleExecRunnerTest" name="AddSecrets_AppendsToExistingSecrets" />
    </UnitTest>
    <UnitTest name="FileBasedApp.Toolkit.Tests.EnumerableExtensionsTest.GetSingleOrNull_ReturnsSingleMatchingElement" storage="d:\code\filebasedapp.toolkit\source\filebasedapp\filebasedapp.toolkit.tests\bin\debug\net10.0\filebasedapp.toolkit.tests.dll" id="dea39721-046e-0fbf-8fc8-da4abc872d2a">
      <Execution id="8c148515-3cc1-4b0d-ad2c-149e9fa9bce3" />
      <TestMethod codeBase="D:\code\FileBasedApp.Toolkit\Source\FileBasedApp\FileBasedApp.Toolkit.Tests\bin\Debug\net10.0\FileBasedApp.Toolkit.Tests.dll" adapterTypeName="executor://xunit/VsTestRunner3/netcore/" className="FileBasedApp.Toolkit.Tests.EnumerableExtensionsTest" name="GetSingleOrNull_ReturnsSingleMatchingElement" />
    </UnitTest>
    <UnitTest name="FileBasedApp.Toolkit.Tests.EnumerableExtensionsTest.GetSingleOrNull_ThrowsExceptionWhenMultipleMatches" storage="d:\code\filebasedapp.toolkit\source\filebasedapp\filebasedapp.toolkit.tests\bin\debug\net10.0\filebasedapp.toolkit.tests.dll" id="c29d2a7d-51da-6c9d-4854-02e7680bea5f">
      <Execution id="0fbe10a2-f1e2-4d09-aebb-0630d12570eb" />
      <TestMethod codeBase="D:\code\FileBasedApp.Toolkit\Source\FileBasedApp\FileBasedApp.Toolkit.Tests\bin\Debug\net10.0\FileBasedApp.Toolkit.Tests.dll" adapterTypeName="executor://xunit/VsTestRunner3/netcore/" className="FileBasedApp.Toolkit.Tests.EnumerableExtensionsTest" name="GetSingleOrNull_ThrowsExceptionWhenMultipleMatches" />
    </UnitTest>
    <UnitTest name="FileBasedApp.Toolkit.Tests.SimpleExec.SimpleExecRunnerTest.ReadAsync_PassesCancellationIgnoresProcessTree" storage="d:\code\filebasedapp.toolkit\source\filebasedapp\filebasedapp.toolkit.tests\bin\debug\net10.0\filebasedapp.toolkit.tests.dll" id="cea898ea-6ad9-f5b4-2052-550b0404e14f">
      <Execution id="8936d15a-8696-4d40-b981-19df12e5c56e" />
      <TestMethod codeBase="D:\code\FileBasedApp.Toolkit\Source\FileBasedApp\FileBasedApp.Toolkit.Tests\bin\Debug\net10.0\FileBasedApp.Toolkit.Tests.dll" adapterTypeName="executor://xunit/VsTestRunner3/netcore/" className="FileBasedApp.Toolkit.Tests.SimpleExec.SimpleExecRunnerTest" name="ReadAsync_PassesCancellationIgnoresProcessTree" />
    </UnitTest>
    <UnitTest name="FileBasedApp.Toolkit.Tests.PathUtilTest.AnalyzeFilePath_NullPath_ShouldReturnError" storage="d:\code\filebasedapp.toolkit\source\filebasedapp\filebasedapp.toolkit.tests\bin\debug\net10.0\filebasedapp.toolkit.tests.dll" id="2f8206cf-fe63-e78e-ba47-d9b4956edb4f">
      <Execution id="fa58c087-8bc5-4be6-84d6-a7d69c882779" />
      <TestMethod codeBase="D:\code\FileBasedApp.Toolkit\Source\FileBasedApp\FileBasedApp.Toolkit.Tests\bin\Debug\net10.0\FileBasedApp.Toolkit.Tests.dll" adapterTypeName="executor://xunit/VsTestRunner3/netcore/" className="FileBasedApp.Toolkit.Tests.PathUtilTest" name="AnalyzeFilePath_NullPath_ShouldReturnError" />
    </UnitTest>
    <UnitTest name="FileBasedApp.Toolkit.Tests.EnumerableExtensionsTest.GetSingleRequired_ThrowsExceptionWhenMultipleMatches" storage="d:\code\filebasedapp.toolkit\source\filebasedapp\filebasedapp.toolkit.tests\bin\debug\net10.0\filebasedapp.toolkit.tests.dll" id="03fbab43-3ccd-b5f9-163d-c26fa183acf7">
      <Execution id="4aeeab2e-1810-4f8a-951d-785b1c4511ed" />
      <TestMethod codeBase="D:\code\FileBasedApp.Toolkit\Source\FileBasedApp\FileBasedApp.Toolkit.Tests\bin\Debug\net10.0\FileBasedApp.Toolkit.Tests.dll" adapterTypeName="executor://xunit/VsTestRunner3/netcore/" className="FileBasedApp.Toolkit.Tests.EnumerableExtensionsTest" name="GetSingleRequired_ThrowsExceptionWhenMultipleMatches" />
    </UnitTest>
    <UnitTest name="FileBasedApp.Toolkit.Tests.SimpleExec.SimpleExecRunnerTest.AddArgumentPair_WithSecret_OnlyMarksValueAsSecret" storage="d:\code\filebasedapp.toolkit\source\filebasedapp\filebasedapp.toolkit.tests\bin\debug\net10.0\filebasedapp.toolkit.tests.dll" id="064956b7-ec46-bd9b-b533-d31f6b18da38">
      <Execution id="5349e799-4b31-4718-9747-8ca64c48368e" />
      <TestMethod codeBase="D:\code\FileBasedApp.Toolkit\Source\FileBasedApp\FileBasedApp.Toolkit.Tests\bin\Debug\net10.0\FileBasedApp.Toolkit.Tests.dll" adapterTypeName="executor://xunit/VsTestRunner3/netcore/" className="FileBasedApp.Toolkit.Tests.SimpleExec.SimpleExecRunnerTest" name="AddArgumentPair_WithSecret_OnlyMarksValueAsSecret" />
    </UnitTest>
    <UnitTest name="FileBasedApp.Toolkit.Tests.IOExtensionsTest.FindInFiles_WithStreamPredicate_EmptySource_ReturnsEmpty" storage="d:\code\filebasedapp.toolkit\source\filebasedapp\filebasedapp.toolkit.tests\bin\debug\net10.0\filebasedapp.toolkit.tests.dll" id="021f4121-d99c-e993-8923-66122381c88c">
      <Execution id="2952ad56-10d2-46e8-a327-c42ac1d9c9c8" />
      <TestMethod codeBase="D:\code\FileBasedApp.Toolkit\Source\FileBasedApp\FileBasedApp.Toolkit.Tests\bin\Debug\net10.0\FileBasedApp.Toolkit.Tests.dll" adapterTypeName="executor://xunit/VsTestRunner3/netcore/" className="FileBasedApp.Toolkit.Tests.IOExtensionsTest" name="FindInFiles_WithStreamPredicate_EmptySource_ReturnsEmpty" />
    </UnitTest>
    <UnitTest name="FileBasedApp.Toolkit.Tests.PathUtilTest.AnalyzeFilePath_NoRoots_FileShouldExists" storage="d:\code\filebasedapp.toolkit\source\filebasedapp\filebasedapp.toolkit.tests\bin\debug\net10.0\filebasedapp.toolkit.tests.dll" id="134ca248-3ab1-757c-504a-2c21d90db250">
      <Execution id="0d777f6c-973e-4108-ad4d-a1bb6fb3103d" />
      <TestMethod codeBase="D:\code\FileBasedApp.Toolkit\Source\FileBasedApp\FileBasedApp.Toolkit.Tests\bin\Debug\net10.0\FileBasedApp.Toolkit.Tests.dll" adapterTypeName="executor://xunit/VsTestRunner3/netcore/" className="FileBasedApp.Toolkit.Tests.PathUtilTest" name="AnalyzeFilePath_NoRoots_FileShouldExists" />
    </UnitTest>
    <UnitTest name="FileBasedApp.Toolkit.Tests.PathUtilTest.AnalyzeFilePath_MultipleRootsNoMatch_FileShouldNotExist" storage="d:\code\filebasedapp.toolkit\source\filebasedapp\filebasedapp.toolkit.tests\bin\debug\net10.0\filebasedapp.toolkit.tests.dll" id="9ffa894b-238e-f20c-d3fd-853a82fc5567">
      <Execution id="d08324b3-8e2a-498b-aae4-35c3929f6a8e" />
      <TestMethod codeBase="D:\code\FileBasedApp.Toolkit\Source\FileBasedApp\FileBasedApp.Toolkit.Tests\bin\Debug\net10.0\FileBasedApp.Toolkit.Tests.dll" adapterTypeName="executor://xunit/VsTestRunner3/netcore/" className="FileBasedApp.Toolkit.Tests.PathUtilTest" name="AnalyzeFilePath_MultipleRootsNoMatch_FileShouldNotExist" />
    </UnitTest>
    <UnitTest name="FileBasedApp.Toolkit.Tests.SimpleExec.SimpleExecRunnerTest.Run_PassesCancellationIgnoresProcessTree(method: Run)" storage="d:\code\filebasedapp.toolkit\source\filebasedapp\filebasedapp.toolkit.tests\bin\debug\net10.0\filebasedapp.toolkit.tests.dll" id="33f66893-f5c2-560e-6985-5e489bfd0f2f">
      <Execution id="d9ef0c90-966a-4028-bfaa-9796dded9484" />
      <TestMethod codeBase="D:\code\FileBasedApp.Toolkit\Source\FileBasedApp\FileBasedApp.Toolkit.Tests\bin\Debug\net10.0\FileBasedApp.Toolkit.Tests.dll" adapterTypeName="executor://xunit/VsTestRunner3/netcore/" className="FileBasedApp.Toolkit.Tests.SimpleExec.SimpleExecRunnerTest" name="Run_PassesCancellationIgnoresProcessTree" />
    </UnitTest>
    <UnitTest name="FileBasedApp.Toolkit.Tests.ExtendedCommandSettingsTest.LoadSetting_ComplexObject_DeserializesNestedProperties" storage="d:\code\filebasedapp.toolkit\source\filebasedapp\filebasedapp.toolkit.tests\bin\debug\net10.0\filebasedapp.toolkit.tests.dll" id="ed3088b9-f337-6ba5-7ca0-b0d5d8c9c842">
      <Execution id="cabae67e-1db3-4609-9a20-36d305b02c33" />
      <TestMethod codeBase="D:\code\FileBasedApp.Toolkit\Source\FileBasedApp\FileBasedApp.Toolkit.Tests\bin\Debug\net10.0\FileBasedApp.Toolkit.Tests.dll" adapterTypeName="executor://xunit/VsTestRunner3/netcore/" className="FileBasedApp.Toolkit.Tests.ExtendedCommandSettingsTest" name="LoadSetting_ComplexObject_DeserializesNestedProperties" />
    </UnitTest>
    <UnitTest name="FileBasedApp.Toolkit.Tests.SimpleExec.SimpleExecRunnerTest.ReadAsync_DefaultValues_PassesExpectedDefaults" storage="d:\code\filebasedapp.toolkit\source\filebasedapp\filebasedapp.toolkit.tests\bin\debug\net10.0\filebasedapp.toolkit.tests.dll" id="2c5b749a-10eb-e5ce-73d2-d4e846fe822b">
      <Execution id="4b422951-ce0c-4086-91f7-adde69ae90be" />
      <TestMethod codeBase="D:\code\FileBasedApp.Toolkit\Source\FileBasedApp\FileBasedApp.Toolkit.Tests\bin\Debug\net10.0\FileBasedApp.Toolkit.Tests.dll" adapterTypeName="executor://xunit/VsTestRunner3/netcore/" className="FileBasedApp.Toolkit.Tests.SimpleExec.SimpleExecRunnerTest" name="ReadAsync_DefaultValues_PassesExpectedDefaults" />
    </UnitTest>
    <UnitTest name="FileBasedApp.Toolkit.Tests.SimpleExec.SimpleExecRunnerTest.Run_PassesConfigureEnvironment(method: RunAsync)" storage="d:\code\filebasedapp.toolkit\source\filebasedapp\filebasedapp.toolkit.tests\bin\debug\net10.0\filebasedapp.toolkit.tests.dll" id="21e8f116-2d1b-bd13-b5c8-e7dc818ce6af">
      <Execution id="043d1b4c-ca46-4b35-8fc3-1eadc89361fe" />
      <TestMethod codeBase="D:\code\FileBasedApp.Toolkit\Source\FileBasedApp\FileBasedApp.Toolkit.Tests\bin\Debug\net10.0\FileBasedApp.Toolkit.Tests.dll" adapterTypeName="executor://xunit/VsTestRunner3/netcore/" className="FileBasedApp.Toolkit.Tests.SimpleExec.SimpleExecRunnerTest" name="Run_PassesConfigureEnvironment" />
    </UnitTest>
    <UnitTest name="FileBasedApp.Toolkit.Tests.SimpleExec.SimpleExecRunnerTest.Run_PassesEchoPrefix(method: RunAsync)" storage="d:\code\filebasedapp.toolkit\source\filebasedapp\filebasedapp.toolkit.tests\bin\debug\net10.0\filebasedapp.toolkit.tests.dll" id="4eb23d4f-d74b-e36d-3a74-816c14079631">
      <Execution id="a5f23e12-6a9c-4f69-be0b-092aa226b5dc" />
      <TestMethod codeBase="D:\code\FileBasedApp.Toolkit\Source\FileBasedApp\FileBasedApp.Toolkit.Tests\bin\Debug\net10.0\FileBasedApp.Toolkit.Tests.dll" adapterTypeName="executor://xunit/VsTestRunner3/netcore/" className="FileBasedApp.Toolkit.Tests.SimpleExec.SimpleExecRunnerTest" name="Run_PassesEchoPrefix" />
    </UnitTest>
    <UnitTest name="FileBasedApp.Toolkit.Tests.EnumerableExtensionsTest.GetFirstRequired_WithCustomErrorMessage_ThrowsWithCustomMessage" storage="d:\code\filebasedapp.toolkit\source\filebasedapp\filebasedapp.toolkit.tests\bin\debug\net10.0\filebasedapp.toolkit.tests.dll" id="6779b88d-fc59-173c-eacc-e4efdade4196">
      <Execution id="78927501-cfd1-4f62-8b7a-c6ecbbbf1d1d" />
      <TestMethod codeBase="D:\code\FileBasedApp.Toolkit\Source\FileBasedApp\FileBasedApp.Toolkit.Tests\bin\Debug\net10.0\FileBasedApp.Toolkit.Tests.dll" adapterTypeName="executor://xunit/VsTestRunner3/netcore/" className="FileBasedApp.Toolkit.Tests.EnumerableExtensionsTest" name="GetFirstRequired_WithCustomErrorMessage_ThrowsWithCustomMessage" />
    </UnitTest>
    <UnitTest name="FileBasedApp.Toolkit.Tests.SimpleExec.SimpleExecRunnerTest.Run_PassesWorkingDirectory(method: Run)" storage="d:\code\filebasedapp.toolkit\source\filebasedapp\filebasedapp.toolkit.tests\bin\debug\net10.0\filebasedapp.toolkit.tests.dll" id="d54e8d65-544a-d4e6-587d-223820648d58">
      <Execution id="e1632b57-fd25-4736-a26d-c0595623968b" />
      <TestMethod codeBase="D:\code\FileBasedApp.Toolkit\Source\FileBasedApp\FileBasedApp.Toolkit.Tests\bin\Debug\net10.0\FileBasedApp.Toolkit.Tests.dll" adapterTypeName="executor://xunit/VsTestRunner3/netcore/" className="FileBasedApp.Toolkit.Tests.SimpleExec.SimpleExecRunnerTest" name="Run_PassesWorkingDirectory" />
    </UnitTest>
    <UnitTest name="FileBasedApp.Toolkit.Tests.ExtendedCommandSettingsTest.LoadSetting_FileDoesNotExist_ThrowsInvalidOperationException" storage="d:\code\filebasedapp.toolkit\source\filebasedapp\filebasedapp.toolkit.tests\bin\debug\net10.0\filebasedapp.toolkit.tests.dll" id="797e684d-8be6-1611-6e34-f2a275623450">
      <Execution id="39758cd8-615e-4d67-9a28-5e04cafaf075" />
      <TestMethod codeBase="D:\code\FileBasedApp.Toolkit\Source\FileBasedApp\FileBasedApp.Toolkit.Tests\bin\Debug\net10.0\FileBasedApp.Toolkit.Tests.dll" adapterTypeName="executor://xunit/VsTestRunner3/netcore/" className="FileBasedApp.Toolkit.Tests.ExtendedCommandSettingsTest" name="LoadSetting_FileDoesNotExist_ThrowsInvalidOperationException" />
    </UnitTest>
    <UnitTest name="FileBasedApp.Toolkit.Tests.EnumerableExtensionsTest.GetSingleRequired_ThrowsExceptionWhenNoMatch" storage="d:\code\filebasedapp.toolkit\source\filebasedapp\filebasedapp.toolkit.tests\bin\debug\net10.0\filebasedapp.toolkit.tests.dll" id="b86ce6e6-f285-ee4e-fcd1-24616aaacc7a">
      <Execution id="438c0afb-b638-4c7c-af8a-40cca2ff3bce" />
      <TestMethod codeBase="D:\code\FileBasedApp.Toolkit\Source\FileBasedApp\FileBasedApp.Toolkit.Tests\bin\Debug\net10.0\FileBasedApp.Toolkit.Tests.dll" adapterTypeName="executor://xunit/VsTestRunner3/netcore/" className="FileBasedApp.Toolkit.Tests.EnumerableExtensionsTest" name="GetSingleRequired_ThrowsExceptionWhenNoMatch" />
    </UnitTest>
    <UnitTest name="FileBasedApp.Toolkit.Tests.ExtendedCommandSettingsTest.LoadSetting_NullOrWhitespacePath_ReturnsNull(path: &quot;&quot;)" storage="d:\code\filebasedapp.toolkit\source\filebasedapp\filebasedapp.toolkit.tests\bin\debug\net10.0\filebasedapp.toolkit.tests.dll" id="625889f2-b81f-b0c0-e89a-eeb00742f6bd">
      <Execution id="3f89c322-fa2f-456d-a3f9-1b3d752a8bdf" />
      <TestMethod codeBase="D:\code\FileBasedApp.Toolkit\Source\FileBasedApp\FileBasedApp.Toolkit.Tests\bin\Debug\net10.0\FileBasedApp.Toolkit.Tests.dll" adapterTypeName="executor://xunit/VsTestRunner3/netcore/" className="FileBasedApp.Toolkit.Tests.ExtendedCommandSettingsTest" name="LoadSetting_NullOrWhitespacePath_ReturnsNull" />
    </UnitTest>
    <UnitTest name="FileBasedApp.Toolkit.Tests.PathUtilTest.AnalyzeFilePath_FileDoesNotExist_ShouldNotRequireExist" storage="d:\code\filebasedapp.toolkit\source\filebasedapp\filebasedapp.toolkit.tests\bin\debug\net10.0\filebasedapp.toolkit.tests.dll" id="50fdc899-274d-cecc-7d02-b68c5f7252c0">
      <Execution id="7d387f7f-1a76-430c-8ce4-6f5f113b0795" />
      <TestMethod codeBase="D:\code\FileBasedApp.Toolkit\Source\FileBasedApp\FileBasedApp.Toolkit.Tests\bin\Debug\net10.0\FileBasedApp.Toolkit.Tests.dll" adapterTypeName="executor://xunit/VsTestRunner3/netcore/" className="FileBasedApp.Toolkit.Tests.PathUtilTest" name="AnalyzeFilePath_FileDoesNotExist_ShouldNotRequireExist" />
    </UnitTest>
    <UnitTest name="FileBasedApp.Toolkit.Tests.EnumerableExtensionsTest.GetFirstRequired_ThrowsExceptionWhenNoMatch" storage="d:\code\filebasedapp.toolkit\source\filebasedapp\filebasedapp.toolkit.tests\bin\debug\net10.0\filebasedapp.toolkit.tests.dll" id="c6687cf7-5400-f053-da88-3ec268592e61">
      <Execution id="dc564945-3e71-4e98-86ba-5c19ca689f1a" />
      <TestMethod codeBase="D:\code\FileBasedApp.Toolkit\Source\FileBasedApp\FileBasedApp.Toolkit.Tests\bin\Debug\net10.0\FileBasedApp.Toolkit.Tests.dll" adapterTypeName="executor://xunit/VsTestRunner3/netcore/" className="FileBasedApp.Toolkit.Tests.EnumerableExtensionsTest" name="GetFirstRequired_ThrowsExceptionWhenNoMatch" />
    </UnitTest>
    <UnitTest name="FileBasedApp.Toolkit.Tests.PathUtilTest.AnalyzeDirectory_WithExistingDirectory_ShouldReturnPath" storage="d:\code\filebasedapp.toolkit\source\filebasedapp\filebasedapp.toolkit.tests\bin\debug\net10.0\filebasedapp.toolkit.tests.dll" id="bf1f6eb4-2dc8-fbd6-6fad-f352aa6aaf52">
      <Execution id="b4a7d994-7d16-4e90-ac65-95b1f4c730c6" />
      <TestMethod codeBase="D:\code\FileBasedApp.Toolkit\Source\FileBasedApp\FileBasedApp.Toolkit.Tests\bin\Debug\net10.0\FileBasedApp.Toolkit.Tests.dll" adapterTypeName="executor://xunit/VsTestRunner3/netcore/" className="FileBasedApp.Toolkit.Tests.PathUtilTest" name="AnalyzeDirectory_WithExistingDirectory_ShouldReturnPath" />
    </UnitTest>
    <UnitTest name="FileBasedApp.Toolkit.Tests.SimpleExec.SimpleExecRunnerTest.Run_PassesNameAndArguments(method: Run)" storage="d:\code\filebasedapp.toolkit\source\filebasedapp\filebasedapp.toolkit.tests\bin\debug\net10.0\filebasedapp.toolkit.tests.dll" id="63d623ef-996c-99e2-11cb-578d018552c9">
      <Execution id="86686a2b-dcaa-4076-be18-64d2f6e43c7e" />
      <TestMethod codeBase="D:\code\FileBasedApp.Toolkit\Source\FileBasedApp\FileBasedApp.Toolkit.Tests\bin\Debug\net10.0\FileBasedApp.Toolkit.Tests.dll" adapterTypeName="executor://xunit/VsTestRunner3/netcore/" className="FileBasedApp.Toolkit.Tests.SimpleExec.SimpleExecRunnerTest" name="Run_PassesNameAndArguments" />
    </UnitTest>
    <UnitTest name="FileBasedApp.Toolkit.Tests.SimpleExec.SimpleExecRunnerTest.AddArguments_AddsMultipleArguments" storage="d:\code\filebasedapp.toolkit\source\filebasedapp\filebasedapp.toolkit.tests\bin\debug\net10.0\filebasedapp.toolkit.tests.dll" id="87f14075-a470-72cc-9f26-26c338e70110">
      <Execution id="d71ac34a-d37e-4e65-a70f-bbdcd03aa877" />
      <TestMethod codeBase="D:\code\FileBasedApp.Toolkit\Source\FileBasedApp\FileBasedApp.Toolkit.Tests\bin\Debug\net10.0\FileBasedApp.Toolkit.Tests.dll" adapterTypeName="executor://xunit/VsTestRunner3/netcore/" className="FileBasedApp.Toolkit.Tests.SimpleExec.SimpleExecRunnerTest" name="AddArguments_AddsMultipleArguments" />
    </UnitTest>
    <UnitTest name="FileBasedApp.Toolkit.Tests.SimpleExec.SimpleExecRunnerTest.Run_PassesEchoPrefix(method: Run)" storage="d:\code\filebasedapp.toolkit\source\filebasedapp\filebasedapp.toolkit.tests\bin\debug\net10.0\filebasedapp.toolkit.tests.dll" id="8a5f7935-d5ca-5953-647e-a5205c0e6854">
      <Execution id="ccc3fae1-c4e3-411d-84ea-63c91a89a9d4" />
      <TestMethod codeBase="D:\code\FileBasedApp.Toolkit\Source\FileBasedApp\FileBasedApp.Toolkit.Tests\bin\Debug\net10.0\FileBasedApp.Toolkit.Tests.dll" adapterTypeName="executor://xunit/VsTestRunner3/netcore/" className="FileBasedApp.Toolkit.Tests.SimpleExec.SimpleExecRunnerTest" name="Run_PassesEchoPrefix" />
    </UnitTest>
    <UnitTest name="FileBasedApp.Toolkit.Tests.SimpleExec.SimpleExecRunnerTest.Run_PassesNameAndArguments(method: RunAsync)" storage="d:\code\filebasedapp.toolkit\source\filebasedapp\filebasedapp.toolkit.tests\bin\debug\net10.0\filebasedapp.toolkit.tests.dll" id="7aab44a9-1440-b5de-acc4-d98bcc4ab7e0">
      <Execution id="66288b1c-cb34-4295-800e-f65a8f876349" />
      <TestMethod codeBase="D:\code\FileBasedApp.Toolkit\Source\FileBasedApp\FileBasedApp.Toolkit.Tests\bin\Debug\net10.0\FileBasedApp.Toolkit.Tests.dll" adapterTypeName="executor://xunit/VsTestRunner3/netcore/" className="FileBasedApp.Toolkit.Tests.SimpleExec.SimpleExecRunnerTest" name="Run_PassesNameAndArguments" />
    </UnitTest>
    <UnitTest name="FileBasedApp.Toolkit.Tests.EnumerableExtensionsTest.GetFirstOrNull_ReturnsFirstMatchingElement" storage="d:\code\filebasedapp.toolkit\source\filebasedapp\filebasedapp.toolkit.tests\bin\debug\net10.0\filebasedapp.toolkit.tests.dll" id="e6f3229d-aec8-0062-b333-d3b4388b1c4d">
      <Execution id="03962295-3547-4b07-a026-4c8c8ffb9902" />
      <TestMethod codeBase="D:\code\FileBasedApp.Toolkit\Source\FileBasedApp\FileBasedApp.Toolkit.Tests\bin\Debug\net10.0\FileBasedApp.Toolkit.Tests.dll" adapterTypeName="executor://xunit/VsTestRunner3/netcore/" className="FileBasedApp.Toolkit.Tests.EnumerableExtensionsTest" name="GetFirstOrNull_ReturnsFirstMatchingElement" />
    </UnitTest>
    <UnitTest name="FileBasedApp.Toolkit.Tests.EnumerableExtensionsTest.GetSingleRequired_ReturnsSingleMatchingElement" storage="d:\code\filebasedapp.toolkit\source\filebasedapp\filebasedapp.toolkit.tests\bin\debug\net10.0\filebasedapp.toolkit.tests.dll" id="9132dce2-f54c-af66-a41b-7182b7d86350">
      <Execution id="6abf7cfc-0ac7-4e03-950d-59538e04f31f" />
      <TestMethod codeBase="D:\code\FileBasedApp.Toolkit\Source\FileBasedApp\FileBasedApp.Toolkit.Tests\bin\Debug\net10.0\FileBasedApp.Toolkit.Tests.dll" adapterTypeName="executor://xunit/VsTestRunner3/netcore/" className="FileBasedApp.Toolkit.Tests.EnumerableExtensionsTest" name="GetSingleRequired_ReturnsSingleMatchingElement" />
    </UnitTest>
    <UnitTest name="FileBasedApp.Toolkit.Tests.SimpleExec.SimpleExecRunnerTest.Run_PassesExitCodeHandler(method: Run)" storage="d:\code\filebasedapp.toolkit\source\filebasedapp\filebasedapp.toolkit.tests\bin\debug\net10.0\filebasedapp.toolkit.tests.dll" id="04a11c00-0f69-f770-8520-f8e591ee4b1c">
      <Execution id="6fcb6999-3447-4fe1-9896-e488b0e17dbc" />
      <TestMethod codeBase="D:\code\FileBasedApp.Toolkit\Source\FileBasedApp\FileBasedApp.Toolkit.Tests\bin\Debug\net10.0\FileBasedApp.Toolkit.Tests.dll" adapterTypeName="executor://xunit/VsTestRunner3/netcore/" className="FileBasedApp.Toolkit.Tests.SimpleExec.SimpleExecRunnerTest" name="Run_PassesExitCodeHandler" />
    </UnitTest>
    <UnitTest name="FileBasedApp.Toolkit.Tests.SimpleExec.SimpleExecRunnerTest.ReadAsync_PassesEncoding" storage="d:\code\filebasedapp.toolkit\source\filebasedapp\filebasedapp.toolkit.tests\bin\debug\net10.0\filebasedapp.toolkit.tests.dll" id="7c7d71ff-5aac-f7c4-9aa0-7ea2716d8dc8">
      <Execution id="510edf1d-2472-44b6-bb4d-288c41402a4e" />
      <TestMethod codeBase="D:\code\FileBasedApp.Toolkit\Source\FileBasedApp\FileBasedApp.Toolkit.Tests\bin\Debug\net10.0\FileBasedApp.Toolkit.Tests.dll" adapterTypeName="executor://xunit/VsTestRunner3/netcore/" className="FileBasedApp.Toolkit.Tests.SimpleExec.SimpleExecRunnerTest" name="ReadAsync_PassesEncoding" />
    </UnitTest>
    <UnitTest name="FileBasedApp.Toolkit.Tests.IOExtensionsTest.FindInFiles_WithRegex_AllText_MatchesAcrossLines" storage="d:\code\filebasedapp.toolkit\source\filebasedapp\filebasedapp.toolkit.tests\bin\debug\net10.0\filebasedapp.toolkit.tests.dll" id="d121121c-20bf-1fe3-1fde-42ebabb915b5">
      <Execution id="1b63b06c-676c-41bd-9653-75bff84f5949" />
      <TestMethod codeBase="D:\code\FileBasedApp.Toolkit\Source\FileBasedApp\FileBasedApp.Toolkit.Tests\bin\Debug\net10.0\FileBasedApp.Toolkit.Tests.dll" adapterTypeName="executor://xunit/VsTestRunner3/netcore/" className="FileBasedApp.Toolkit.Tests.IOExtensionsTest" name="FindInFiles_WithRegex_AllText_MatchesAcrossLines" />
    </UnitTest>
    <UnitTest name="FileBasedApp.Toolkit.Tests.SimpleExec.SimpleExecRunnerTest.AddArgumentPair_AddsTwoarguments" storage="d:\code\filebasedapp.toolkit\source\filebasedapp\filebasedapp.toolkit.tests\bin\debug\net10.0\filebasedapp.toolkit.tests.dll" id="b382f108-404f-d47b-0ead-e92c0053240e">
      <Execution id="331b90e7-c463-41ea-9df8-5a7935caea58" />
      <TestMethod codeBase="D:\code\FileBasedApp.Toolkit\Source\FileBasedApp\FileBasedApp.Toolkit.Tests\bin\Debug\net10.0\FileBasedApp.Toolkit.Tests.dll" adapterTypeName="executor://xunit/VsTestRunner3/netcore/" className="FileBasedApp.Toolkit.Tests.SimpleExec.SimpleExecRunnerTest" name="AddArgumentPair_AddsTwoarguments" />
    </UnitTest>
    <UnitTest name="FileBasedApp.Toolkit.Tests.EnumerableExtensionsTest.GetSingleOrNull_NullableSource_ReturnsSingleMatchingElement" storage="d:\code\filebasedapp.toolkit\source\filebasedapp\filebasedapp.toolkit.tests\bin\debug\net10.0\filebasedapp.toolkit.tests.dll" id="4d957379-34e6-770c-8e63-1b330aa8f53b">
      <Execution id="e71cb97d-9ace-4944-b9e6-32563449375d" />
      <TestMethod codeBase="D:\code\FileBasedApp.Toolkit\Source\FileBasedApp\FileBasedApp.Toolkit.Tests\bin\Debug\net10.0\FileBasedApp.Toolkit.Tests.dll" adapterTypeName="executor://xunit/VsTestRunner3/netcore/" className="FileBasedApp.Toolkit.Tests.EnumerableExtensionsTest" name="GetSingleOrNull_NullableSource_ReturnsSingleMatchingElement" />
    </UnitTest>
[...]
    </UnitTest>
    <UnitTest name="FileBasedApp.Toolkit.Tests.SimpleExec.SimpleExecRunnerTest.Run_DefaultValues_PassesExpectedDefaults(method: RunAsync)" storage="d:\code\filebasedapp.toolkit\source\filebasedapp\filebasedapp.toolkit.tests\bin\debug\net10.0\filebasedapp.toolkit.tests.dll" id="8cb8443c-d6d8-4372-cfec-df08c9c0ff48">
      <Execution id="73b2fc5b-04b3-4a94-a5c9-5c401a1d8932" />
      <TestMethod codeBase="D:\code\FileBasedApp.Toolkit\Source\FileBasedApp\FileBasedApp.Toolkit.Tests\bin\Debug\net10.0\FileBasedApp.Toolkit.Tests.dll" adapterTypeName="executor://xunit/VsTestRunner3/netcore/" className="FileBasedApp.Toolkit.Tests.SimpleExec.SimpleExecRunnerTest" name="Run_DefaultValues_PassesExpectedDefaults" />
    </UnitTest>
    <UnitTest name="FileBasedApp.Toolkit.Tests.IOExtensionsTest.GetAncestors_ShouldGenerateExpectedResult" storage="d:\code\filebasedapp.toolkit\source\filebasedapp\filebasedapp.toolkit.tests\bin\debug\net10.0\filebasedapp.toolkit.tests.dll" id="768d30f8-982e-7be0-a6c1-8ef05f7a72d8">
      <Execution id="e2641ab4-2dd5-4d11-abe7-80c5fc91a66b" />
      <TestMethod codeBase="D:\code\FileBasedApp.Toolkit\Source\FileBasedApp\FileBasedApp.Toolkit.Tests\bin\Debug\net10.0\FileBasedApp.Toolkit.Tests.dll" adapterTypeName="executor://xunit/VsTestRunner3/netcore/" className="FileBasedApp.Toolkit.Tests.IOExtensionsTest" name="GetAncestors_ShouldGenerateExpectedResult" />
    </UnitTest>
    <UnitTest name="FileBasedApp.Toolkit.Tests.SimpleExec.SimpleExecRunnerTest.Run_PassesSecrets_WhenArgumentMarkedAsSecret(method: RunAsync)" storage="d:\code\filebasedapp.toolkit\source\filebasedapp\filebasedapp.toolkit.tests\bin\debug\net10.0\filebasedapp.toolkit.tests.dll" id="cfc84bf3-3755-d02a-513c-8bc12f0bcf79">
      <Execution id="8da5c6b1-575c-4210-9c68-37fd227a1566" />
      <TestMethod codeBase="D:\code\FileBasedApp.Toolkit\Source\FileBasedApp\FileBasedApp.Toolkit.Tests\bin\Debug\net10.0\FileBasedApp.Toolkit.Tests.dll" adapterTypeName="executor://xunit/VsTestRunner3/netcore/" className="FileBasedApp.Toolkit.Tests.SimpleExec.SimpleExecRunnerTest" name="Run_PassesSecrets_WhenArgumentMarkedAsSecret" />
    </UnitTest>
    <UnitTest name="FileBasedApp.Toolkit.Tests.EnumerableExtensionsTest.GetSingleOrNull_ReturnsNullWhenNoMatch" storage="d:\code\filebasedapp.toolkit\source\filebasedapp\filebasedapp.toolkit.tests\bin\debug\net10.0\filebasedapp.toolkit.tests.dll" id="c40317cd-7db4-0c48-23bd-49c308cd39e4">
      <Execution id="6be9fc4d-34f9-4911-b20f-bfe8d052b409" />
      <TestMethod codeBase="D:\code\FileBasedApp.Toolkit\Source\FileBasedApp\FileBasedApp.Toolkit.Tests\bin\Debug\net10.0\FileBasedApp.Toolkit.Tests.dll" adapterTypeName="executor://xunit/VsTestRunner3/netcore/" className="FileBasedApp.Toolkit.Tests.EnumerableExtensionsTest" name="GetSingleOrNull_ReturnsNullWhenNoMatch" />
    </UnitTest>
    <UnitTest name="FileBasedApp.Toolkit.Tests.IOExtensionsTest.FindInFiles_WithRegex_ByLine_DoesNotMatchAcrossLines" storage="d:\code\filebasedapp.toolkit\source\filebasedapp\filebasedapp.toolkit.tests\bin\debug\net10.0\filebasedapp.toolkit.tests.dll" id="99211c9a-7f0c-af12-b282-40c6895708cd">
      <Execution id="fe2dd484-1609-4ba2-b25c-0fe05e25210b" />
      <TestMethod codeBase="D:\code\FileBasedApp.Toolkit\Source\FileBasedApp\FileBasedApp.Toolkit.Tests\bin\Debug\net10.0\FileBasedApp.Toolkit.Tests.dll" adapterTypeName="executor://xunit/VsTestRunner3/netcore/" className="FileBasedApp.Toolkit.Tests.IOExtensionsTest" name="FindInFiles_WithRegex_ByLine_DoesNotMatchAcrossLines" />
    </UnitTest>
    <UnitTest name="FileBasedApp.Toolkit.Tests.PathUtilTest.GetRootFolder_CurrentDirectory_ShouldReturnCurrentWorkingDirectory" storage="d:\code\filebasedapp.toolkit\source\filebasedapp\filebasedapp.toolkit.tests\bin\debug\net10.0\filebasedapp.toolkit.tests.dll" id="f85e223b-9847-f377-550d-bb58f64d25df">
      <Execution id="913c82eb-7b57-4f65-a711-e4cb6c6a829c" />
      <TestMethod codeBase="D:\code\FileBasedApp.Toolkit\Source\FileBasedApp\FileBasedApp.Toolkit.Tests\bin\Debug\net10.0\FileBasedApp.Toolkit.Tests.dll" adapterTypeName="executor://xunit/VsTestRunner3/netcore/" className="FileBasedApp.Toolkit.Tests.PathUtilTest" name="GetRootFolder_CurrentDirectory_ShouldReturnCurrentWorkingDirectory" />
    </UnitTest>
    <UnitTest name="FileBasedApp.Toolkit.Tests.ExtendedCommandSettingsTest.LoadSetting_ValidJsonFile_DeserializesCorrectly" storage="d:\code\filebasedapp.toolkit\source\filebasedapp\filebasedapp.toolkit.tests\bin\debug\net10.0\filebasedapp.toolkit.tests.dll" id="bd99a81c-a8e8-67d2-f6c0-4198eab7d1d1">
      <Execution id="9855c350-b0de-4635-b71c-3456eafb1a2e" />
      <TestMethod codeBase="D:\code\FileBasedApp.Toolkit\Source\FileBasedApp\FileBasedApp.Toolkit.Tests\bin\Debug\net10.0\FileBasedApp.Toolkit.Tests.dll" adapterTypeName="executor://xunit/VsTestRunner3/netcore/" className="FileBasedApp.Toolkit.Tests.ExtendedCommandSettingsTest" name="LoadSetting_ValidJsonFile_DeserializesCorrectly" />
    </UnitTest>
  </TestDefinitions>
  <TestEntries>
    <TestEntry testId="867b867a-f381-e75c-167a-cc82f4d27318" executionId="7dc03f55-5326-454f-9acd-c160db9a0cb6" testListId="8c84fa94-04c1-424b-9868-57a2d4851a1d" />
    <TestEntry testId="021f4121-d99c-e993-8923-66122381c88c" executionId="2952ad56-10d2-46e8-a327-c42ac1d9c9c8" testListId="8c84fa94-04c1-424b-9868-57a2d4851a1d" />
    <TestEntry testId="134ca248-3ab1-757c-504a-2c21d90db250" executionId="0d777f6c-973e-4108-ad4d-a1bb6fb3103d" testListId="8c84fa94-04c1-424b-9868-57a2d4851a1d" />
    <TestEntry testId="c6687cf7-5400-f053-da88-3ec268592e61" executionId="dc564945-3e71-4e98-86ba-5c19ca689f1a" testListId="8c84fa94-04c1-424b-9868-57a2d4851a1d" />
    <TestEntry testId="340e3409-41ab-9915-0e5d-fcca69fd991a" executionId="7e0a6c92-b723-4e12-87d1-7854598edee8" testListId="8c84fa94-04c1-424b-9868-57a2d4851a1d" />
    <TestEntry testId="7438a50c-acfd-5378-05de-ae24a37cf58c" executionId="03aa42ed-88ec-4d1f-bf76-3204ac6e7963" testListId="8c84fa94-04c1-424b-9868-57a2d4851a1d" />
    <TestEntry testId="4eb23d4f-d74b-e36d-3a74-816c14079631" executionId="a5f23e12-6a9c-4f69-be0b-092aa226b5dc" testListId="8c84fa94-04c1-424b-9868-57a2d4851a1d" />
    <TestEntry testId="65af5af5-350b-302b-fb88-d626dc403e4c" executionId="4d2ea231-bd2c-4c7c-9fb6-79daf726320b" testListId="8c84fa94-04c1-424b-9868-57a2d4851a1d" />
    <TestEntry testId="d54e8d65-544a-d4e6-587d-223820648d58" executionId="e1632b57-fd25-4736-a26d-c0595623968b" testListId="8c84fa94-04c1-424b-9868-57a2d4851a1d" />
    <TestEntry testId="cea898ea-6ad9-f5b4-2052-550b0404e14f" executionId="8936d15a-8696-4d40-b981-19df12e5c56e" testListId="8c84fa94-04c1-424b-9868-57a2d4851a1d" />
    <TestEntry testId="05062a5d-fb9e-5ecd-0f4d-a4e69aee5aaa" executionId="c690deeb-0250-443d-863b-c61bfd2e4ceb" testListId="8c84fa94-04c1-424b-9868-57a2d4851a1d" />
    <TestEntry testId="cf79c229-7f19-cc9d-b3a1-a65eaa8fde0c" executionId="4a2aff77-d302-4887-8748-0576a229bcd9" testListId="8c84fa94-04c1-424b-9868-57a2d4851a1d" />
    <TestEntry testId="de4d4b6b-1a0e-b6be-8cb2-48455120bfb2" executionId="cfb3143c-acdf-4a93-b894-d1921bf5913b" testListId="8c84fa94-04c1-424b-9868-57a2d4851a1d" />
    <TestEntry testId="fd904ddf-c8c9-a180-cb8b-de14eedc38bc" executionId="16dc0965-802d-4a4f-9152-0637cf6a0bb3" testListId="8c84fa94-04c1-424b-9868-57a2d4851a1d" />
    <TestEntry testId="bd99a81c-a8e8-67d2-f6c0-4198eab7d1d1" executionId="9855c350-b0de-4635-b71c-3456eafb1a2e" testListId="8c84fa94-04c1-424b-9868-57a2d4851a1d" />
    <TestEntry testId="858432a5-ff99-5a14-7c0f-c0908abae172" executionId="c1287d67-c9e0-405e-9a46-1087bf8f3205" testListId="8c84fa94-04c1-424b-9868-57a2d4851a1d" />
    <TestEntry testId="50fdc899-274d-cecc-7d02-b68c5f7252c0" executionId="7d387f7f-1a76-430c-8ce4-6f5f113b0795" testListId="8c84fa94-04c1-424b-9868-57a2d4851a1d" />
    <TestEntry testId="9eabf247-c9f6-a001-ca46-ec07a5104420" executionId="d6c908c9-19e3-4219-90d6-f4984995bde2" testListId="8c84fa94-04c1-424b-9868-57a2d4851a1d" />
    <TestEntry testId="d121121c-20bf-1fe3-1fde-42ebabb915b5" executionId="1b63b06c-676c-41bd-9653-75bff84f5949" testListId="8c84fa94-04c1-424b-9868-57a2d4851a1d" />
    <TestEntry testId="b4f1d2d2-2a8b-7a26-5d53-dd856545513d" executionId="502eb2fd-8bb8-449e-b80a-3b8d8634b1f7" testListId="8c84fa94-04c1-424b-9868-57a2d4851a1d" />
    <TestEntry testId="96e1afc2-71b3-a464-5683-a9fb9e811a0f" executionId="0530ad5b-aaba-4512-9afb-05c5e57deb0e" testListId="8c84fa94-04c1-424b-9868-57a2d4851a1d" />
    <TestEntry testId="c29d2a7d-51da-6c9d-4854-02e7680bea5f" executionId="0fbe10a2-f1e2-4d09-aebb-0630d12570eb" testListId="8c84fa94-04c1-424b-9868-57a2d4851a1d" />
    <TestEntry testId="9a09b2b9-9a01-36d2-7e5c-75f16de7d6bc" executionId="000adc97-bd0b-48f5-a119-b6f9edbe3f01" testListId="8c84fa94-04c1-424b-9868-57a2d4851a1d" />
    <TestEntry testId="5ddfb5fc-8e56-3069-9cc8-0e63911a1b90" executionId="58a77064-f925-43d3-ad90-299ca45e7cfe" testListId="8c84fa94-04c1-424b-9868-57a2d4851a1d" />
    <TestEntry testId="e3702f0a-b151-3fc8-e156-528e72c1fcf1" executionId="e3929603-36ba-48a4-8658-f967ad83811d" testListId="8c84fa94-04c1-424b-9868-57a2d4851a1d" />
    <TestEntry testId="ed3088b9-f337-6ba5-7ca0-b0d5d8c9c842" executionId="cabae67e-1db3-4609-9a20-36d305b02c33" testListId="8c84fa94-04c1-424b-9868-57a2d4851a1d" />
    <TestEntry testId="2f8206cf-fe63-e78e-ba47-d9b4956edb4f" executionId="fa58c087-8bc5-4be6-84d6-a7d69c882779" testListId="8c84fa94-04c1-424b-9868-57a2d4851a1d" />
    <TestEntry testId="e16c9a88-8fa8-6f67-2661-9c37d57ecd31" executionId="b3d451e4-4e50-4f82-a73e-9b3e46ad9fc2" testListId="8c84fa94-04c1-424b-9868-57a2d4851a1d" />
    <TestEntry testId="b86ce6e6-f285-ee4e-fcd1-24616aaacc7a" executionId="438c0afb-b638-4c7c-af8a-40cca2ff3bce" testListId="8c84fa94-04c1-424b-9868-57a2d4851a1d" />
    <TestEntry testId="9132dce2-f54c-af66-a41b-7182b7d86350" executionId="6abf7cfc-0ac7-4e03-950d-59538e04f31f" testListId="8c84fa94-04c1-424b-9868-57a2d4851a1d" />
    <TestEntry testId="33f66893-f5c2-560e-6985-5e489bfd0f2f" executionId="d9ef0c90-966a-4028-bfaa-9796dded9484" testListId="8c84fa94-04c1-424b-9868-57a2d4851a1d" />
    <TestEntry testId="a9332d3a-7f0b-0bb0-b037-275119107002" executionId="a22ac6ab-a546-4a80-bf43-2092a908e4ef" testListId="8c84fa94-04c1-424b-9868-57a2d4851a1d" />
    <TestEntry testId="dbd590ef-b8ad-f1fb-c2bc-a95225b8bd07" executionId="d9176291-ee92-409f-8276-21793ee6e0f3" testListId="8c84fa94-04c1-424b-9868-57a2d4851a1d" />
    <TestEntry testId="8cb8443c-d6d8-4372-cfec-df08c9c0ff48" executionId="73b2fc5b-04b3-4a94-a5c9-5c401a1d8932" testListId="8c84fa94-04c1-424b-9868-57a2d4851a1d" />
    <TestEntry testId="58ab79b0-b6f2-5137-8fae-f89626b991b3" executionId="00114cec-510c-42cf-9ca5-0e46e415ad9e" testListId="8c84fa94-04c1-424b-9868-57a2d4851a1d" />
    <TestEntry testId="04a11c00-0f69-f770-8520-f8e591ee4b1c" executionId="6fcb6999-3447-4fe1-9896-e488b0e17dbc" testListId="8c84fa94-04c1-424b-9868-57a2d4851a1d" />
    <TestEntry testId="03fbab43-3ccd-b5f9-163d-c26fa183acf7" executionId="4aeeab2e-1810-4f8a-951d-785b1c4511ed" testListId="8c84fa94-04c1-424b-9868-57a2d4851a1d" />
    <TestEntry testId="87f14075-a470-72cc-9f26-26c338e70110" executionId="d71ac34a-d37e-4e65-a70f-bbdcd03aa877" testListId="8c84fa94-04c1-424b-9868-57a2d4851a1d" />
    <TestEntry testId="9564e915-939b-1c62-e166-119312b0a620" executionId="84666175-714d-44c8-89f1-e2f5ecfc4ea3" testListId="8c84fa94-04c1-424b-9868-57a2d4851a1d" />
    <TestEntry testId="c40317cd-7db4-0c48-23bd-49c308cd39e4" executionId="6be9fc4d-34f9-4911-b20f-bfe8d052b409" testListId="8c84fa94-04c1-424b-9868-57a2d4851a1d" />
    <TestEntry testId="99211c9a-7f0c-af12-b282-40c6895708cd" executionId="fe2dd484-1609-4ba2-b25c-0fe05e25210b" testListId="8c84fa94-04c1-424b-9868-57a2d4851a1d" />
    <TestEntry testId="4d957379-34e6-770c-8e63-1b330aa8f53b" executionId="e71cb97d-9ace-4944-b9e6-32563449375d" testListId="8c84fa94-04c1-424b-9868-57a2d4851a1d" />
    <TestEntry testId="7aab44a9-1440-b5de-acc4-d98bcc4ab7e0" executionId="66288b1c-cb34-4295-800e-f65a8f876349" testListId="8c84fa94-04c1-424b-9868-57a2d4851a1d" />
    <TestEntry testId="6779b88d-fc59-173c-eacc-e4efdade4196" executionId="78927501-cfd1-4f62-8b7a-c6ecbbbf1d1d" testListId="8c84fa94-04c1-424b-9868-57a2d4851a1d" />
    <TestEntry testId="b382f108-404f-d47b-0ead-e92c0053240e" executionId="331b90e7-c463-41ea-9df8-5a7935caea58" testListId="8c84fa94-04c1-424b-9868-57a2d4851a1d" />
    <TestEntry testId="1b80e75f-92e6-93e4-1423-3d35f1d1c1d8" executionId="69ce0eea-8706-44bf-994c-3657c3b56286" testListId="8c84fa94-04c1-424b-9868-57a2d4851a1d" />
    <TestEntry testId="63d623ef-996c-99e2-11cb-578d018552c9" executionId="86686a2b-dcaa-4076-be18-64d2f6e43c7e" testListId="8c84fa94-04c1-424b-9868-57a2d4851a1d" />
    <TestEntry testId="97d2358a-68fb-609f-59cc-5e8da5d97499" executionId="b96d5c14-209e-42d4-8e2d-626037af51bc" testListId="8c84fa94-04c1-424b-9868-57a2d4851a1d" />
    <TestEntry testId="797e684d-8be6-1611-6e34-f2a275623450" executionId="39758cd8-615e-4d67-9a28-5e04cafaf075" testListId="8c84fa94-04c1-424b-9868-57a2d4851a1d" />
    <TestEntry testId="cfc84bf3-3755-d02a-513c-8bc12f0bcf79" executionId="8da5c6b1-575c-4210-9c68-37fd227a1566" testListId="8c84fa94-04c1-424b-9868-57a2d4851a1d" />
    <TestEntry testId="2c5b749a-10eb-e5ce-73d2-d4e846fe822b" executionId="4b422951-ce0c-4086-91f7-adde69ae90be" testListId="8c84fa94-04c1-424b-9868-57a2d4851a1d" />
    <TestEntry testId="7c7d71ff-5aac-f7c4-9aa0-7ea2716d8dc8" executionId="510edf1d-2472-44b6-bb4d-288c41402a4e" testListId="8c84fa94-04c1-424b-9868-57a2d4851a1d" />
    <TestEntry testId="9133ba1e-06c6-1f1d-6e79-542e3ac3f3e4" executionId="6d6a47be-57ac-4aec-bcb9-142c8483345b" testListId="8c84fa94-04c1-424b-9868-57a2d4851a1d" />
    <TestEntry testId="3d51f04c-d888-39b8-4a22-04dd460f0f09" executionId="f2a0a2f8-bb86-49b8-9904-5c7328365579" testListId="8c84fa94-04c1-424b-9868-57a2d4851a1d" />
    <TestEntry testId="8f7ff804-9846-f2af-fc9b-f9614f2a7286" executionId="9ea80eda-a9f2-46af-92c7-3e37f94a6c21" testListId="8c84fa94-04c1-424b-9868-57a2d4851a1d" />
    <TestEntry testId="21e8f116-2d1b-bd13-b5c8-e7dc818ce6af" executionId="043d1b4c-ca46-4b35-8fc3-1eadc89361fe" testListId="8c84fa94-04c1-424b-9868-57a2d4851a1d" />
    <TestEntry testId="9ffa894b-238e-f20c-d3fd-853a82fc5567" executionId="d08324b3-8e2a-498b-aae4-35c3929f6a8e" testListId="8c84fa94-04c1-424b-9868-57a2d4851a1d" />
    <TestEntry testId="09878e65-7130-1541-b314-086e94a97683" executionId="995c9370-898e-452e-a92f-a79040eecfaa" testListId="8c84fa94-04c1-424b-9868-57a2d4851a1d" />
    <TestEntry testId="cc2c360e-520e-4559-9913-cd20efcfeb05" executionId="ea741438-4e00-44e1-a694-bf9d1a8feba2" testListId="8c84fa94-04c1-424b-9868-57a2d4851a1d" />
    <TestEntry testId="54df141f-5c70-df9c-dade-426979239637" executionId="3ad5613e-9aec-4c31-8cd2-0cb0205f44e8" testListId="8c84fa94-04c1-424b-9868-57a2d4851a1d" />
    <TestEntry testId="f85e223b-9847-f377-550d-bb58f64d25df" executionId="913c82eb-7b57-4f65-a711-e4cb6c6a829c" testListId="8c84fa94-04c1-424b-9868-57a2d4851a1d" />
    <TestEntry testId="618beac6-b2f0-3a5c-dabc-a225cdf57364" executionId="a48eab82-2186-4d69-9983-7db9b132e2f6" testListId="8c84fa94-04c1-424b-9868-57a2d4851a1d" />
    <TestEntry testId="8a5f7935-d5ca-5953-647e-a5205c0e6854" executionId="ccc3fae1-c4e3-411d-84ea-63c91a89a9d4" testListId="8c84fa94-04c1-424b-9868-57a2d4851a1d" />
    <TestEntry testId="bbc84640-6555-28d0-3bc9-ec697bd9c819" executionId="f891e45d-e474-4b67-aeef-a508fd3d77ea" testListId="8c84fa94-04c1-424b-9868-57a2d4851a1d" />
    <TestEntry testId="8c4712d4-8b55-db73-82a7-0d58f840b220" executionId="79460ca1-53f9-4bfd-b4f7-c5f5e41590f3" testListId="8c84fa94-04c1-424b-9868-57a2d4851a1d" />
    <TestEntry testId="064956b7-ec46-bd9b-b533-d31f6b18da38" executionId="5349e799-4b31-4718-9747-8ca64c48368e" testListId="8c84fa94-04c1-424b-9868-57a2d4851a1d" />
    <TestEntry testId="f4d3591f-282b-6c3d-d9c5-8c34518b38ce" executionId="5fadb791-04a2-4673-b436-756a8f753891" testListId="8c84fa94-04c1-424b-9868-57a2d4851a1d" />
    <TestEntry testId="dea39721-046e-0fbf-8fc8-da4abc872d2a" executionId="8c148515-3cc1-4b0d-ad2c-149e9fa9bce3" testListId="8c84fa94-04c1-424b-9868-57a2d4851a1d" />
    <TestEntry testId="e6f3229d-aec8-0062-b333-d3b4388b1c4d" executionId="03962295-3547-4b07-a026-4c8c8ffb9902" testListId="8c84fa94-04c1-424b-9868-57a2d4851a1d" />
    <TestEntry testId="bf1f6eb4-2dc8-fbd6-6fad-f352aa6aaf52" executionId="b4a7d994-7d16-4e90-ac65-95b1f4c730c6" testListId="8c84fa94-04c1-424b-9868-57a2d4851a1d" />
    <TestEntry testId="f469510c-b189-8efc-ecf2-f80dcdb5d539" executionId="c7688f97-2a12-44fc-a353-d859789d46ce" testListId="8c84fa94-04c1-424b-9868-57a2d4851a1d" />
    <TestEntry testId="768d30f8-982e-7be0-a6c1-8ef05f7a72d8" executionId="e2641ab4-2dd5-4d11-abe7-80c5fc91a66b" testListId="8c84fa94-04c1-424b-9868-57a2d4851a1d" />
    <TestEntry testId="d7321667-a16d-a405-959a-3a09a5e7a687" executionId="205a71e1-0e1f-448f-a12c-fc9b9aca3eeb" testListId="8c84fa94-04c1-424b-9868-57a2d4851a1d" />
    <TestEntry testId="6c9d3d80-51a4-e4cc-d2f7-9bf0d01abc9d" executionId="79f49abc-1ab3-4794-9fa7-cb49599044f0" testListId="8c84fa94-04c1-424b-9868-57a2d4851a1d" />
    <TestEntry testId="f5c07989-bff9-a755-38e1-8a109dd883b1" executionId="c054dee3-557e-469c-8f3a-bfa770d7e890" testListId="8c84fa94-04c1-424b-9868-57a2d4851a1d" />
    <TestEntry testId="77e2cc33-2d6f-f764-15fe-1dbd9b961671" executionId="2b544e29-0b10-488a-a981-5615f5639bcd" testListId="8c84fa94-04c1-424b-9868-57a2d4851a1d" />
    <TestEntry testId="625889f2-b81f-b0c0-e89a-eeb00742f6bd" executionId="3f89c322-fa2f-456d-a3f9-1b3d752a8bdf" testListId="8c84fa94-04c1-424b-9868-57a2d4851a1d" />
    <TestEntry testId="3fe0daad-dd39-6f62-204c-9245c8659294" executionId="3fa5e315-562d-4dd7-a52c-7e59d1aa9be2" testListId="8c84fa94-04c1-424b-9868-57a2d4851a1d" />
    <TestEntry testId="7745c892-da9e-5475-7ae4-0af236e76297" executionId="c081b04a-f799-4df0-b2c8-daef26334fca" testListId="8c84fa94-04c1-424b-9868-57a2d4851a1d" />
  </TestEntries>
  <TestLists>
    <TestList name="Results Not in a List" id="8c84fa94-04c1-424b-9868-57a2d4851a1d" />
    <TestList name="All Loaded Results" id="19431567-8539-422a-85d7-44ee4e166bda" />
  </TestLists>
  <ResultSummary outcome="Completed">
    <Counters total="79" executed="79" passed="79" failed="0" error="0" timeout="0" aborted="0" inconclusive="0" passedButRunAborted="0" notRunnable="0" notExecuted="0" disconnected="0" warning="0" completed="0" inProgress="0" pending="0" />
    <Output>
      <StdOut>[xUnit.net 00:00:00.00] xUnit.net VSTest Adapter v3.1.5+1b188a7b0a (64-bit .NET 10.0.4)&#xD;
[xUnit.net 00:00:00.18]   Discovering: FileBasedApp.Toolkit.Tests&#xD;
[xUnit.net 00:00:00.30]   Discovered:  FileBasedApp.Toolkit.Tests&#xD;
[xUnit.net 00:00:00.37]   Starting:    FileBasedApp.Toolkit.Tests&#xD;
     Warning:&#xD;
     The component "Fluent Assertions" is governed by the rules defined in the Xceed License Agreement and&#xD;
     the Xceed Fluent Assertions Community License. You may use Fluent Assertions free of charge for&#xD;
     non-commercial use only. An active subscription is required to use Fluent Assertions for commercial use.&#xD;
     Please contact Xceed Sales mailto:sales@xceed.com to acquire a subscription at a very low cost.&#xD;
     A paid commercial license supports the development and continued increasing support of&#xD;
     Fluent Assertions users under both commercial and community licenses. Help us&#xD;
     keep Fluent Assertions at the forefront of unit testing.&#xD;
     For more information, visit https://xceed.com/products/unit-testing/fluent-assertions/&#xD;
[xUnit.net 00:00:00.67]   Finished:    FileBasedApp.Toolkit.Tests&#xD;
</StdOut>
    </Output>
  </ResultSummary>
</TestRun>